2023-10-12 23:51:12.459 [info] Extension host with pid 8529 started
2023-10-12 23:51:12.532 [info] Lock '/home/vagrant/.vscode-server/data/User/workspaceStorage/bfec414c22379603b050109643970f5f/vscode.lock': Lock acquired.
2023-10-12 23:51:12.652 [info] ExtensionService#_doActivateExtension vscode.emmet, startup: false, activationEvent: 'onLanguage'
2023-10-12 23:51:12.811 [info] ExtensionService#_doActivateExtension vscode.git-base, startup: true, activationEvent: '*', root cause: vscode.git
2023-10-12 23:51:12.844 [info] ExtensionService#_doActivateExtension vscode.git, startup: true, activationEvent: '*'
2023-10-12 23:51:12.845 [info] ExtensionService#_doActivateExtension vscode.github, startup: true, activationEvent: '*'
2023-10-12 23:51:13.837 [info] Eager extensions activated
2023-10-12 23:51:13.839 [info] ExtensionService#_doActivateExtension vscode.debug-auto-launch, startup: false, activationEvent: 'onStartupFinished'
2023-10-12 23:51:13.840 [info] ExtensionService#_doActivateExtension vscode.merge-conflict, startup: false, activationEvent: 'onStartupFinished'
2023-10-12 23:51:15.063 [warning] [Decorations] CAPPING events from decorations provider vscode.git 1198
2023-10-12 23:51:15.747 [warning] [Decorations] CAPPING events from decorations provider vscode.git 1198
2023-10-12 23:51:19.221 [warning] [Decorations] CAPPING events from decorations provider vscode.git 1198
2023-10-12 23:51:24.356 [warning] [Decorations] CAPPING events from decorations provider vscode.git 1198
2023-10-12 23:51:29.470 [warning] [Decorations] CAPPING events from decorations provider vscode.git 1198
2023-10-12 23:51:34.605 [warning] [Decorations] CAPPING events from decorations provider vscode.git 1198
2023-10-12 23:51:39.714 [warning] [Decorations] CAPPING events from decorations provider vscode.git 1198
2023-10-12 23:51:44.801 [warning] [Decorations] CAPPING events from decorations provider vscode.git 1198
2023-10-12 23:51:49.905 [warning] [Decorations] CAPPING events from decorations provider vscode.git 1198
2023-10-12 23:51:54.979 [warning] [Decorations] CAPPING events from decorations provider vscode.git 1198
2023-10-12 23:52:00.102 [warning] [Decorations] CAPPING events from decorations provider vscode.git 1198
2023-10-12 23:52:05.189 [warning] [Decorations] CAPPING events from decorations provider vscode.git 1198
2023-10-12 23:52:10.294 [warning] [Decorations] CAPPING events from decorations provider vscode.git 1198
2023-10-12 23:59:40.649 [warning] [Decorations] CAPPING events from decorations provider vscode.git 1198
2023-10-13 00:04:52.118 [warning] [Decorations] CAPPING events from decorations provider vscode.git 1198
2023-10-13 00:06:50.180 [warning] [Decorations] CAPPING events from decorations provider vscode.git 1198
2023-10-13 00:06:55.296 [warning] [Decorations] CAPPING events from decorations provider vscode.git 1198
2023-10-13 00:07:00.396 [warning] [Decorations] CAPPING events from decorations provider vscode.git 1198
2023-10-13 00:07:05.487 [warning] [Decorations] CAPPING events from decorations provider vscode.git 1198
2023-10-13 00:07:10.603 [warning] [Decorations] CAPPING events from decorations provider vscode.git 1198
2023-10-13 01:18:12.741 [warning] [Decorations] CAPPING events from decorations provider vscode.git 1201
2023-10-13 01:18:17.852 [warning] [Decorations] CAPPING events from decorations provider vscode.git 1202
2023-10-13 01:18:28.208 [warning] [Decorations] CAPPING events from decorations provider vscode.git 1202
2023-10-13 01:18:41.108 [warning] [Decorations] CAPPING events from decorations provider vscode.git 1202
2023-10-13 01:18:46.246 [warning] [Decorations] CAPPING events from decorations provider vscode.git 1202
2023-10-13 01:18:51.382 [warning] [Decorations] CAPPING events from decorations provider vscode.git 1202
2023-10-13 01:18:56.489 [warning] [Decorations] CAPPING events from decorations provider vscode.git 1202
2023-10-13 01:19:01.626 [warning] [Decorations] CAPPING events from decorations provider vscode.git 1202
2023-10-13 01:19:06.733 [warning] [Decorations] CAPPING events from decorations provider vscode.git 1202
2023-10-13 01:19:11.876 [warning] [Decorations] CAPPING events from decorations provider vscode.git 1202
2023-10-13 01:19:22.318 [warning] [Decorations] CAPPING events from decorations provider vscode.git 1202
2023-10-13 01:19:27.445 [warning] [Decorations] CAPPING events from decorations provider vscode.git 1202
2023-10-13 01:19:32.560 [warning] [Decorations] CAPPING events from decorations provider vscode.git 1202
2023-10-13 01:19:37.686 [warning] [Decorations] CAPPING events from decorations provider vscode.git 1202
2023-10-13 01:19:47.545 [warning] [Decorations] CAPPING events from decorations provider vscode.git 1203
2023-10-13 02:24:17.313 [warning] [Decorations] CAPPING events from decorations provider vscode.git 1209
2023-10-13 02:24:22.445 [warning] [Decorations] CAPPING events from decorations provider vscode.git 1209
2023-10-13 02:24:27.565 [warning] [Decorations] CAPPING events from decorations provider vscode.git 1210
2023-10-13 02:24:46.002 [warning] [Decorations] CAPPING events from decorations provider vscode.git 1210
2023-10-13 02:24:51.137 [warning] [Decorations] CAPPING events from decorations provider vscode.git 1210
2023-10-13 02:24:56.269 [warning] [Decorations] CAPPING events from decorations provider vscode.git 1210
2023-10-13 02:25:01.409 [warning] [Decorations] CAPPING events from decorations provider vscode.git 1210
2023-10-13 02:25:06.533 [warning] [Decorations] CAPPING events from decorations provider vscode.git 1210
2023-10-13 02:25:11.684 [warning] [Decorations] CAPPING events from decorations provider vscode.git 1210
2023-10-13 02:25:16.831 [warning] [Decorations] CAPPING events from decorations provider vscode.git 1210
2023-10-13 02:25:21.953 [warning] [Decorations] CAPPING events from decorations provider vscode.git 1210
2023-10-13 02:25:27.094 [warning] [Decorations] CAPPING events from decorations provider vscode.git 1210
2023-10-13 02:25:32.291 [warning] [Decorations] CAPPING events from decorations provider vscode.git 1210
2023-10-13 02:25:37.412 [warning] [Decorations] CAPPING events from decorations provider vscode.git 1210
2023-10-13 02:25:42.594 [warning] [Decorations] CAPPING events from decorations provider vscode.git 1210
2023-10-13 02:25:47.740 [warning] [Decorations] CAPPING events from decorations provider vscode.git 1210
2023-10-13 02:25:52.853 [warning] [Decorations] CAPPING events from decorations provider vscode.git 1210
2023-10-13 02:25:57.988 [warning] [Decorations] CAPPING events from decorations provider vscode.git 1210
2023-10-13 02:26:03.100 [warning] [Decorations] CAPPING events from decorations provider vscode.git 1210
2023-10-13 02:26:08.282 [warning] [Decorations] CAPPING events from decorations provider vscode.git 1210
2023-10-13 02:26:13.478 [warning] [Decorations] CAPPING events from decorations provider vscode.git 1210
2023-10-13 02:26:19.017 [warning] [Decorations] CAPPING events from decorations provider vscode.git 1210
2023-10-13 02:26:24.139 [warning] [Decorations] CAPPING events from decorations provider vscode.git 1210
2023-10-13 02:26:29.265 [warning] [Decorations] CAPPING events from decorations provider vscode.git 1210
2023-10-13 02:26:34.433 [warning] [Decorations] CAPPING events from decorations provider vscode.git 1210
2023-10-13 02:26:39.581 [warning] [Decorations] CAPPING events from decorations provider vscode.git 1210
2023-10-13 02:26:44.711 [warning] [Decorations] CAPPING events from decorations provider vscode.git 1210
2023-10-13 02:26:49.824 [warning] [Decorations] CAPPING events from decorations provider vscode.git 1210
2023-10-13 02:26:54.940 [warning] [Decorations] CAPPING events from decorations provider vscode.git 1210
2023-10-13 02:27:00.121 [warning] [Decorations] CAPPING events from decorations provider vscode.git 1210
2023-10-13 02:27:05.253 [warning] [Decorations] CAPPING events from decorations provider vscode.git 1210
2023-10-13 02:27:10.398 [warning] [Decorations] CAPPING events from decorations provider vscode.git 1210
2023-10-13 02:27:15.556 [warning] [Decorations] CAPPING events from decorations provider vscode.git 1210
2023-10-13 02:27:20.699 [warning] [Decorations] CAPPING events from decorations provider vscode.git 1210
2023-10-13 02:27:25.817 [warning] [Decorations] CAPPING events from decorations provider vscode.git 1210
2023-10-13 02:27:30.935 [warning] [Decorations] CAPPING events from decorations provider vscode.git 1210
2023-10-13 02:27:36.090 [warning] [Decorations] CAPPING events from decorations provider vscode.git 1210
2023-10-13 02:27:41.299 [warning] [Decorations] CAPPING events from decorations provider vscode.git 1210
2023-10-13 02:28:14.262 [warning] [Decorations] CAPPING events from decorations provider vscode.git 1212
2023-10-13 02:28:19.451 [warning] [Decorations] CAPPING events from decorations provider vscode.git 1212
2023-10-13 02:29:31.267 [warning] [Decorations] CAPPING events from decorations provider vscode.git 1213
2023-10-13 02:31:54.936 [warning] [Decorations] CAPPING events from decorations provider vscode.git 1213
2023-10-13 02:32:00.077 [warning] [Decorations] CAPPING events from decorations provider vscode.git 1214
2023-10-13 02:32:05.237 [warning] [Decorations] CAPPING events from decorations provider vscode.git 1214
2023-10-13 02:32:10.361 [warning] [Decorations] CAPPING events from decorations provider vscode.git 1215
2023-10-13 02:32:29.647 [warning] [Decorations] CAPPING events from decorations provider vscode.git 1214
2023-10-13 02:32:34.817 [warning] [Decorations] CAPPING events from decorations provider vscode.git 1214
2023-10-13 02:32:39.967 [warning] [Decorations] CAPPING events from decorations provider vscode.git 1214
2023-10-13 02:32:45.094 [warning] [Decorations] CAPPING events from decorations provider vscode.git 1214
2023-10-13 02:32:50.241 [warning] [Decorations] CAPPING events from decorations provider vscode.git 1214
2023-10-13 02:32:55.405 [warning] [Decorations] CAPPING events from decorations provider vscode.git 1214
2023-10-13 02:33:00.558 [warning] [Decorations] CAPPING events from decorations provider vscode.git 1214
2023-10-13 02:33:05.751 [warning] [Decorations] CAPPING events from decorations provider vscode.git 1214
2023-10-13 02:33:10.906 [warning] [Decorations] CAPPING events from decorations provider vscode.git 1214
2023-10-13 02:33:16.017 [warning] [Decorations] CAPPING events from decorations provider vscode.git 1214
2023-10-13 02:33:21.145 [warning] [Decorations] CAPPING events from decorations provider vscode.git 1214
2023-10-13 02:33:26.335 [warning] [Decorations] CAPPING events from decorations provider vscode.git 1214
2023-10-13 02:33:31.508 [warning] [Decorations] CAPPING events from decorations provider vscode.git 1214
2023-10-13 02:33:36.655 [warning] [Decorations] CAPPING events from decorations provider vscode.git 1214
2023-10-13 02:33:41.769 [warning] [Decorations] CAPPING events from decorations provider vscode.git 1214
2023-10-13 02:33:46.885 [warning] [Decorations] CAPPING events from decorations provider vscode.git 1214
2023-10-13 02:33:51.998 [warning] [Decorations] CAPPING events from decorations provider vscode.git 1214
2023-10-13 02:33:57.143 [warning] [Decorations] CAPPING events from decorations provider vscode.git 1214
2023-10-13 02:34:02.314 [warning] [Decorations] CAPPING events from decorations provider vscode.git 1214
2023-10-13 02:34:07.422 [warning] [Decorations] CAPPING events from decorations provider vscode.git 1214
2023-10-13 02:34:12.556 [warning] [Decorations] CAPPING events from decorations provider vscode.git 1214
2023-10-13 02:34:17.726 [warning] [Decorations] CAPPING events from decorations provider vscode.git 1214
2023-10-13 02:34:22.842 [warning] [Decorations] CAPPING events from decorations provider vscode.git 1214
2023-10-13 02:35:02.734 [warning] [Decorations] CAPPING events from decorations provider vscode.git 1216
2023-10-13 02:35:07.868 [warning] [Decorations] CAPPING events from decorations provider vscode.git 1217
2023-10-13 02:36:15.910 [warning] [Decorations] CAPPING events from decorations provider vscode.git 1217
2023-10-13 02:36:21.031 [warning] [Decorations] CAPPING events from decorations provider vscode.git 1217
2023-10-13 02:36:26.172 [warning] [Decorations] CAPPING events from decorations provider vscode.git 1217
2023-10-13 02:36:31.337 [warning] [Decorations] CAPPING events from decorations provider vscode.git 1217
2023-10-13 02:36:36.917 [warning] [Decorations] CAPPING events from decorations provider vscode.git 1217
2023-10-13 02:36:42.073 [warning] [Decorations] CAPPING events from decorations provider vscode.git 1217
2023-10-13 02:38:04.069 [warning] [Decorations] CAPPING events from decorations provider vscode.git 1217
2023-10-13 02:38:09.165 [warning] [Decorations] CAPPING events from decorations provider vscode.git 1218
2023-10-13 02:38:14.295 [warning] [Decorations] CAPPING events from decorations provider vscode.git 1218
2023-10-13 02:38:19.452 [warning] [Decorations] CAPPING events from decorations provider vscode.git 1218
2023-10-13 02:38:24.618 [warning] [Decorations] CAPPING events from decorations provider vscode.git 1218
2023-10-13 02:38:29.742 [warning] [Decorations] CAPPING events from decorations provider vscode.git 1219
2023-10-13 02:38:43.651 [warning] [Decorations] CAPPING events from decorations provider vscode.git 1218
2023-10-13 02:38:48.809 [warning] [Decorations] CAPPING events from decorations provider vscode.git 1218
2023-10-13 02:38:53.937 [warning] [Decorations] CAPPING events from decorations provider vscode.git 1218
2023-10-13 02:38:59.068 [warning] [Decorations] CAPPING events from decorations provider vscode.git 1218
2023-10-13 02:39:04.228 [warning] [Decorations] CAPPING events from decorations provider vscode.git 1218
2023-10-13 02:39:09.349 [warning] [Decorations] CAPPING events from decorations provider vscode.git 1218
2023-10-13 02:39:14.491 [warning] [Decorations] CAPPING events from decorations provider vscode.git 1218
2023-10-13 02:39:19.654 [warning] [Decorations] CAPPING events from decorations provider vscode.git 1218
2023-10-13 02:39:24.798 [warning] [Decorations] CAPPING events from decorations provider vscode.git 1218
2023-10-13 02:39:29.951 [warning] [Decorations] CAPPING events from decorations provider vscode.git 1218
2023-10-13 02:39:35.110 [warning] [Decorations] CAPPING events from decorations provider vscode.git 1218
2023-10-13 02:39:40.318 [warning] [Decorations] CAPPING events from decorations provider vscode.git 1218
2023-10-13 02:39:45.446 [warning] [Decorations] CAPPING events from decorations provider vscode.git 1218
2023-10-13 02:39:50.593 [warning] [Decorations] CAPPING events from decorations provider vscode.git 1218
2023-10-13 02:39:55.731 [warning] [Decorations] CAPPING events from decorations provider vscode.git 1218
2023-10-13 02:40:00.846 [warning] [Decorations] CAPPING events from decorations provider vscode.git 1218
2023-10-13 02:40:05.999 [warning] [Decorations] CAPPING events from decorations provider vscode.git 1218
2023-10-13 02:40:11.105 [warning] [Decorations] CAPPING events from decorations provider vscode.git 1218
2023-10-13 02:40:16.233 [warning] [Decorations] CAPPING events from decorations provider vscode.git 1218
2023-10-13 02:40:21.374 [warning] [Decorations] CAPPING events from decorations provider vscode.git 1218
2023-10-13 02:40:26.465 [warning] [Decorations] CAPPING events from decorations provider vscode.git 1218
2023-10-13 02:40:31.643 [warning] [Decorations] CAPPING events from decorations provider vscode.git 1218
2023-10-13 02:40:36.765 [warning] [Decorations] CAPPING events from decorations provider vscode.git 1218
2023-10-13 02:40:41.900 [warning] [Decorations] CAPPING events from decorations provider vscode.git 1218
2023-10-13 02:40:47.052 [warning] [Decorations] CAPPING events from decorations provider vscode.git 1218
2023-10-13 02:40:52.170 [warning] [Decorations] CAPPING events from decorations provider vscode.git 1220
2023-10-13 02:40:57.682 [warning] [Decorations] CAPPING events from decorations provider vscode.git 1220
2023-10-13 02:41:02.815 [warning] [Decorations] CAPPING events from decorations provider vscode.git 1220
2023-10-13 02:41:07.951 [warning] [Decorations] CAPPING events from decorations provider vscode.git 1220
2023-10-13 02:41:13.137 [warning] [Decorations] CAPPING events from decorations provider vscode.git 1220
2023-10-13 02:41:18.281 [warning] [Decorations] CAPPING events from decorations provider vscode.git 1220
2023-10-13 02:41:23.461 [warning] [Decorations] CAPPING events from decorations provider vscode.git 1220
2023-10-13 02:41:28.591 [warning] [Decorations] CAPPING events from decorations provider vscode.git 1220
2023-10-13 02:41:33.753 [warning] [Decorations] CAPPING events from decorations provider vscode.git 1220
2023-10-13 02:46:37.076 [warning] [Decorations] CAPPING events from decorations provider vscode.git 1221
2023-10-13 02:46:42.215 [warning] [Decorations] CAPPING events from decorations provider vscode.git 1222
2023-10-13 02:46:47.396 [warning] [Decorations] CAPPING events from decorations provider vscode.git 1222
2023-10-13 02:46:52.563 [warning] [Decorations] CAPPING events from decorations provider vscode.git 1227
2023-10-13 02:46:57.661 [warning] [Decorations] CAPPING events from decorations provider vscode.git 1223
2023-10-13 02:47:02.784 [warning] [Decorations] CAPPING events from decorations provider vscode.git 1223
2023-10-13 02:47:07.932 [warning] [Decorations] CAPPING events from decorations provider vscode.git 1223
2023-10-13 02:47:13.049 [warning] [Decorations] CAPPING events from decorations provider vscode.git 1223
2023-10-13 02:47:18.173 [warning] [Decorations] CAPPING events from decorations provider vscode.git 1223
2023-10-13 02:47:23.355 [warning] [Decorations] CAPPING events from decorations provider vscode.git 1223
2023-10-13 02:47:28.478 [warning] [Decorations] CAPPING events from decorations provider vscode.git 1223
2023-10-13 02:47:33.695 [warning] [Decorations] CAPPING events from decorations provider vscode.git 1223
2023-10-13 02:47:38.835 [warning] [Decorations] CAPPING events from decorations provider vscode.git 1223
2023-10-13 02:47:43.986 [warning] [Decorations] CAPPING events from decorations provider vscode.git 1223
2023-10-13 02:47:49.159 [warning] [Decorations] CAPPING events from decorations provider vscode.git 1223
2023-10-13 02:47:54.283 [warning] [Decorations] CAPPING events from decorations provider vscode.git 1223
2023-10-13 02:47:59.396 [warning] [Decorations] CAPPING events from decorations provider vscode.git 1223
2023-10-13 02:48:04.510 [warning] [Decorations] CAPPING events from decorations provider vscode.git 1223
2023-10-13 02:48:09.659 [warning] [Decorations] CAPPING events from decorations provider vscode.git 1223
2023-10-13 02:48:14.843 [warning] [Decorations] CAPPING events from decorations provider vscode.git 1223
2023-10-13 02:48:19.959 [warning] [Decorations] CAPPING events from decorations provider vscode.git 1223
2023-10-13 02:48:25.160 [warning] [Decorations] CAPPING events from decorations provider vscode.git 1223
2023-10-13 02:48:30.300 [warning] [Decorations] CAPPING events from decorations provider vscode.git 1223
2023-10-13 02:48:35.455 [warning] [Decorations] CAPPING events from decorations provider vscode.git 1223
2023-10-13 02:48:40.580 [warning] [Decorations] CAPPING events from decorations provider vscode.git 1223
2023-10-13 02:48:45.734 [warning] [Decorations] CAPPING events from decorations provider vscode.git 1223
2023-10-13 02:48:50.857 [warning] [Decorations] CAPPING events from decorations provider vscode.git 1223
2023-10-13 02:48:56.008 [warning] [Decorations] CAPPING events from decorations provider vscode.git 1223
2023-10-13 02:49:01.170 [warning] [Decorations] CAPPING events from decorations provider vscode.git 1223
2023-10-13 02:49:06.293 [warning] [Decorations] CAPPING events from decorations provider vscode.git 1223
2023-10-13 02:49:11.819 [warning] [Decorations] CAPPING events from decorations provider vscode.git 1223
2023-10-13 02:49:16.948 [warning] [Decorations] CAPPING events from decorations provider vscode.git 1223
2023-10-13 02:49:22.096 [warning] [Decorations] CAPPING events from decorations provider vscode.git 1223
2023-10-13 02:49:27.229 [warning] [Decorations] CAPPING events from decorations provider vscode.git 1223
2023-10-13 03:42:55.661 [warning] [Decorations] CAPPING events from decorations provider vscode.git 1224
2023-10-13 03:43:03.839 [warning] [Decorations] CAPPING events from decorations provider vscode.git 1225
2023-10-13 03:43:08.992 [warning] [Decorations] CAPPING events from decorations provider vscode.git 1225
2023-10-13 03:43:14.135 [warning] [Decorations] CAPPING events from decorations provider vscode.git 1225
2023-10-13 03:43:19.278 [warning] [Decorations] CAPPING events from decorations provider vscode.git 1225
2023-10-13 03:43:24.441 [warning] [Decorations] CAPPING events from decorations provider vscode.git 1225
2023-10-13 03:43:29.596 [warning] [Decorations] CAPPING events from decorations provider vscode.git 1225
2023-10-13 03:43:34.765 [warning] [Decorations] CAPPING events from decorations provider vscode.git 1225
2023-10-13 03:43:39.933 [warning] [Decorations] CAPPING events from decorations provider vscode.git 1225
2023-10-13 03:43:45.119 [warning] [Decorations] CAPPING events from decorations provider vscode.git 1225
2023-10-13 03:43:50.267 [warning] [Decorations] CAPPING events from decorations provider vscode.git 1225
2023-10-13 03:43:55.402 [warning] [Decorations] CAPPING events from decorations provider vscode.git 1225
2023-10-13 03:44:00.567 [warning] [Decorations] CAPPING events from decorations provider vscode.git 1225
2023-10-13 03:44:05.749 [warning] [Decorations] CAPPING events from decorations provider vscode.git 1225
2023-10-13 03:44:10.909 [warning] [Decorations] CAPPING events from decorations provider vscode.git 1225
2023-10-13 03:44:16.039 [warning] [Decorations] CAPPING events from decorations provider vscode.git 1225
2023-10-13 03:44:21.171 [warning] [Decorations] CAPPING events from decorations provider vscode.git 1225
2023-10-13 03:44:26.333 [warning] [Decorations] CAPPING events from decorations provider vscode.git 1225
2023-10-13 03:44:31.463 [warning] [Decorations] CAPPING events from decorations provider vscode.git 1225
2023-10-13 03:46:27.600 [warning] [Decorations] CAPPING events from decorations provider vscode.git 1227
2023-10-13 05:03:43.298 [warning] [Decorations] CAPPING events from decorations provider vscode.git 1227
2023-10-13 05:03:48.465 [warning] [Decorations] CAPPING events from decorations provider vscode.git 1227
2023-10-13 05:03:53.662 [warning] [Decorations] CAPPING events from decorations provider vscode.git 1227
2023-10-13 05:04:20.822 [warning] [Decorations] CAPPING events from decorations provider vscode.git 1228
2023-10-13 05:04:25.955 [warning] [Decorations] CAPPING events from decorations provider vscode.git 1228
2023-10-13 05:04:31.079 [warning] [Decorations] CAPPING events from decorations provider vscode.git 1228
2023-10-13 05:04:36.199 [warning] [Decorations] CAPPING events from decorations provider vscode.git 1229
2023-10-13 05:09:02.959 [warning] [Decorations] CAPPING events from decorations provider vscode.git 1229
2023-10-13 05:09:08.105 [warning] [Decorations] CAPPING events from decorations provider vscode.git 1230
2023-10-13 05:09:13.209 [warning] [Decorations] CAPPING events from decorations provider vscode.git 1231
2023-10-13 05:09:38.578 [warning] [Decorations] CAPPING events from decorations provider vscode.git 1232
2023-10-13 05:09:43.791 [warning] [Decorations] CAPPING events from decorations provider vscode.git 1233
2023-10-13 05:09:48.944 [warning] [Decorations] CAPPING events from decorations provider vscode.git 1233
2023-10-13 05:09:54.052 [warning] [Decorations] CAPPING events from decorations provider vscode.git 1233
2023-10-13 05:09:59.162 [warning] [Decorations] CAPPING events from decorations provider vscode.git 1233
2023-10-13 05:10:04.293 [warning] [Decorations] CAPPING events from decorations provider vscode.git 1233
2023-10-13 05:10:09.433 [warning] [Decorations] CAPPING events from decorations provider vscode.git 1233
2023-10-13 05:10:14.577 [warning] [Decorations] CAPPING events from decorations provider vscode.git 1233
2023-10-13 05:10:19.693 [warning] [Decorations] CAPPING events from decorations provider vscode.git 1233
2023-10-13 05:10:24.867 [warning] [Decorations] CAPPING events from decorations provider vscode.git 1233
2023-10-13 05:10:30.039 [warning] [Decorations] CAPPING events from decorations provider vscode.git 1233
2023-10-13 05:10:35.190 [warning] [Decorations] CAPPING events from decorations provider vscode.git 1233
2023-10-13 05:10:40.282 [warning] [Decorations] CAPPING events from decorations provider vscode.git 1233
2023-10-13 05:10:45.441 [warning] [Decorations] CAPPING events from decorations provider vscode.git 1233
2023-10-13 05:10:50.564 [warning] [Decorations] CAPPING events from decorations provider vscode.git 1233
2023-10-13 05:10:55.736 [warning] [Decorations] CAPPING events from decorations provider vscode.git 1233
2023-10-13 05:11:00.852 [warning] [Decorations] CAPPING events from decorations provider vscode.git 1233
2023-10-13 05:11:06.000 [warning] [Decorations] CAPPING events from decorations provider vscode.git 1233
2023-10-13 05:11:11.110 [warning] [Decorations] CAPPING events from decorations provider vscode.git 1233
2023-10-13 05:11:16.227 [warning] [Decorations] CAPPING events from decorations provider vscode.git 1233
2023-10-13 05:13:34.718 [warning] [Decorations] CAPPING events from decorations provider vscode.git 1234
2023-10-13 05:13:39.896 [warning] [Decorations] CAPPING events from decorations provider vscode.git 1234
2023-10-13 05:13:45.012 [warning] [Decorations] CAPPING events from decorations provider vscode.git 1240
2023-10-13 05:17:06.824 [warning] [Decorations] CAPPING events from decorations provider vscode.git 1235
2023-10-13 05:17:11.971 [warning] [Decorations] CAPPING events from decorations provider vscode.git 1235
2023-10-13 05:17:17.106 [warning] [Decorations] CAPPING events from decorations provider vscode.git 1235
2023-10-13 05:17:22.255 [warning] [Decorations] CAPPING events from decorations provider vscode.git 1235
2023-10-13 05:17:27.405 [warning] [Decorations] CAPPING events from decorations provider vscode.git 1236
2023-10-13 05:17:32.584 [warning] [Decorations] CAPPING events from decorations provider vscode.git 1236
2023-10-13 05:17:45.042 [warning] [Decorations] CAPPING events from decorations provider vscode.git 1236
2023-10-13 05:17:50.169 [warning] [Decorations] CAPPING events from decorations provider vscode.git 1236
2023-10-13 05:17:55.297 [warning] [Decorations] CAPPING events from decorations provider vscode.git 1236
2023-10-13 05:18:00.450 [warning] [Decorations] CAPPING events from decorations provider vscode.git 1236
2023-10-13 05:21:07.981 [warning] [Decorations] CAPPING events from decorations provider vscode.git 1236
2023-10-13 05:33:45.229 [warning] [Decorations] CAPPING events from decorations provider vscode.git 1236
2023-10-13 05:35:58.444 [warning] [Decorations] CAPPING events from decorations provider vscode.git 1236
2023-10-13 05:36:03.707 [warning] [Decorations] CAPPING events from decorations provider vscode.git 1237
2023-10-13 05:36:08.845 [warning] [Decorations] CAPPING events from decorations provider vscode.git 1237
2023-10-13 05:36:13.998 [warning] [Decorations] CAPPING events from decorations provider vscode.git 1237
2023-10-13 05:36:48.189 [warning] [Decorations] CAPPING events from decorations provider vscode.git 1238
2023-10-13 05:36:53.358 [warning] [Decorations] CAPPING events from decorations provider vscode.git 1237
2023-10-13 05:36:58.503 [warning] [Decorations] CAPPING events from decorations provider vscode.git 1237
2023-10-13 05:37:03.707 [warning] [Decorations] CAPPING events from decorations provider vscode.git 1237
2023-10-13 05:37:08.841 [warning] [Decorations] CAPPING events from decorations provider vscode.git 1237
2023-10-13 05:37:13.985 [warning] [Decorations] CAPPING events from decorations provider vscode.git 1237
2023-10-13 05:37:19.163 [warning] [Decorations] CAPPING events from decorations provider vscode.git 1237
2023-10-13 05:37:24.274 [warning] [Decorations] CAPPING events from decorations provider vscode.git 1239
2023-10-13 05:37:29.458 [warning] [Decorations] CAPPING events from decorations provider vscode.git 1239
2023-10-13 05:37:34.621 [warning] [Decorations] CAPPING events from decorations provider vscode.git 1239
2023-10-13 05:37:39.774 [warning] [Decorations] CAPPING events from decorations provider vscode.git 1239
2023-10-13 05:37:44.962 [warning] [Decorations] CAPPING events from decorations provider vscode.git 1239
2023-10-13 05:37:50.116 [warning] [Decorations] CAPPING events from decorations provider vscode.git 1240
2023-10-13 05:37:55.214 [warning] [Decorations] CAPPING events from decorations provider vscode.git 1240
2023-10-13 05:42:45.140 [warning] [Decorations] CAPPING events from decorations provider vscode.git 1240
2023-10-13 05:42:50.288 [warning] [Decorations] CAPPING events from decorations provider vscode.git 1240
2023-10-13 05:49:19.034 [warning] [Decorations] CAPPING events from decorations provider vscode.git 1240
2023-10-13 05:49:48.327 [warning] [Decorations] CAPPING events from decorations provider vscode.git 1241
2023-10-13 05:49:53.494 [warning] [Decorations] CAPPING events from decorations provider vscode.git 1241
2023-10-13 05:49:58.648 [warning] [Decorations] CAPPING events from decorations provider vscode.git 1241
2023-10-13 05:50:03.796 [warning] [Decorations] CAPPING events from decorations provider vscode.git 1241
2023-10-13 05:50:08.932 [warning] [Decorations] CAPPING events from decorations provider vscode.git 1241
2023-10-13 05:50:14.052 [warning] [Decorations] CAPPING events from decorations provider vscode.git 1241
2023-10-13 05:50:19.209 [warning] [Decorations] CAPPING events from decorations provider vscode.git 1241
2023-10-13 05:50:24.381 [warning] [Decorations] CAPPING events from decorations provider vscode.git 1241
2023-10-13 05:50:29.540 [warning] [Decorations] CAPPING events from decorations provider vscode.git 1241
2023-10-13 05:50:34.679 [warning] [Decorations] CAPPING events from decorations provider vscode.git 1241
2023-10-13 05:50:39.857 [warning] [Decorations] CAPPING events from decorations provider vscode.git 1241
2023-10-13 05:50:44.971 [warning] [Decorations] CAPPING events from decorations provider vscode.git 1241
2023-10-13 05:50:50.138 [warning] [Decorations] CAPPING events from decorations provider vscode.git 1241
2023-10-13 05:50:55.380 [warning] [Decorations] CAPPING events from decorations provider vscode.git 1241
2023-10-13 05:51:00.523 [warning] [Decorations] CAPPING events from decorations provider vscode.git 1241
2023-10-13 05:51:05.659 [warning] [Decorations] CAPPING events from decorations provider vscode.git 1241
2023-10-13 05:51:10.791 [warning] [Decorations] CAPPING events from decorations provider vscode.git 1241
2023-10-13 05:51:15.943 [warning] [Decorations] CAPPING events from decorations provider vscode.git 1241
2023-10-13 05:51:21.108 [warning] [Decorations] CAPPING events from decorations provider vscode.git 1241
2023-10-13 05:51:26.250 [warning] [Decorations] CAPPING events from decorations provider vscode.git 1241
2023-10-13 05:51:31.385 [warning] [Decorations] CAPPING events from decorations provider vscode.git 1241
2023-10-13 05:51:36.528 [warning] [Decorations] CAPPING events from decorations provider vscode.git 1241
2023-10-13 05:51:41.688 [warning] [Decorations] CAPPING events from decorations provider vscode.git 1241
2023-10-13 05:51:46.836 [warning] [Decorations] CAPPING events from decorations provider vscode.git 1241
2023-10-13 05:51:52.020 [warning] [Decorations] CAPPING events from decorations provider vscode.git 1241
2023-10-13 05:51:57.151 [warning] [Decorations] CAPPING events from decorations provider vscode.git 1241
2023-10-13 05:52:02.257 [warning] [Decorations] CAPPING events from decorations provider vscode.git 1241
2023-10-13 05:52:07.425 [warning] [Decorations] CAPPING events from decorations provider vscode.git 1241
2023-10-13 05:52:12.567 [warning] [Decorations] CAPPING events from decorations provider vscode.git 1241
2023-10-13 05:52:17.702 [warning] [Decorations] CAPPING events from decorations provider vscode.git 1241
2023-10-13 05:52:22.860 [warning] [Decorations] CAPPING events from decorations provider vscode.git 1241
2023-10-13 05:52:27.970 [warning] [Decorations] CAPPING events from decorations provider vscode.git 1241
2023-10-13 05:52:33.155 [warning] [Decorations] CAPPING events from decorations provider vscode.git 1241
2023-10-13 05:52:38.339 [warning] [Decorations] CAPPING events from decorations provider vscode.git 1241
2023-10-13 05:52:43.559 [warning] [Decorations] CAPPING events from decorations provider vscode.git 1241
2023-10-13 05:52:48.732 [warning] [Decorations] CAPPING events from decorations provider vscode.git 1241
2023-10-13 05:52:53.878 [warning] [Decorations] CAPPING events from decorations provider vscode.git 1241
2023-10-13 05:52:59.032 [warning] [Decorations] CAPPING events from decorations provider vscode.git 1241
2023-10-13 05:53:04.185 [warning] [Decorations] CAPPING events from decorations provider vscode.git 1241
2023-10-13 05:53:09.312 [warning] [Decorations] CAPPING events from decorations provider vscode.git 1241
2023-10-13 05:53:14.443 [warning] [Decorations] CAPPING events from decorations provider vscode.git 1241
2023-10-13 05:53:19.641 [warning] [Decorations] CAPPING events from decorations provider vscode.git 1241
2023-10-13 05:53:24.813 [warning] [Decorations] CAPPING events from decorations provider vscode.git 1241
2023-10-13 05:53:29.950 [warning] [Decorations] CAPPING events from decorations provider vscode.git 1241
2023-10-13 05:53:35.113 [warning] [Decorations] CAPPING events from decorations provider vscode.git 1241
2023-10-13 05:53:40.273 [warning] [Decorations] CAPPING events from decorations provider vscode.git 1241
2023-10-13 05:53:45.422 [warning] [Decorations] CAPPING events from decorations provider vscode.git 1241
2023-10-13 05:53:50.638 [warning] [Decorations] CAPPING events from decorations provider vscode.git 1241
2023-10-13 05:53:55.768 [warning] [Decorations] CAPPING events from decorations provider vscode.git 1241
2023-10-13 05:54:00.958 [warning] [Decorations] CAPPING events from decorations provider vscode.git 1241
2023-10-13 05:54:06.125 [warning] [Decorations] CAPPING events from decorations provider vscode.git 1241
2023-10-13 05:54:11.294 [warning] [Decorations] CAPPING events from decorations provider vscode.git 1241
2023-10-13 05:54:16.458 [warning] [Decorations] CAPPING events from decorations provider vscode.git 1241
2023-10-13 05:54:21.647 [warning] [Decorations] CAPPING events from decorations provider vscode.git 1241
2023-10-13 05:54:26.813 [warning] [Decorations] CAPPING events from decorations provider vscode.git 1241
2023-10-13 05:54:31.997 [warning] [Decorations] CAPPING events from decorations provider vscode.git 1241
2023-10-13 05:54:37.181 [warning] [Decorations] CAPPING events from decorations provider vscode.git 1241
2023-10-13 05:54:42.397 [warning] [Decorations] CAPPING events from decorations provider vscode.git 1241
2023-10-13 05:54:47.619 [warning] [Decorations] CAPPING events from decorations provider vscode.git 1241
2023-10-13 05:54:52.738 [warning] [Decorations] CAPPING events from decorations provider vscode.git 1241
2023-10-13 05:54:57.851 [warning] [Decorations] CAPPING events from decorations provider vscode.git 1241
2023-10-13 05:55:03.011 [warning] [Decorations] CAPPING events from decorations provider vscode.git 1241
2023-10-13 05:55:08.169 [warning] [Decorations] CAPPING events from decorations provider vscode.git 1241
2023-10-13 05:55:13.303 [warning] [Decorations] CAPPING events from decorations provider vscode.git 1241
2023-10-13 05:55:18.477 [warning] [Decorations] CAPPING events from decorations provider vscode.git 1241
2023-10-13 05:55:23.663 [warning] [Decorations] CAPPING events from decorations provider vscode.git 1241
2023-10-13 05:55:28.812 [warning] [Decorations] CAPPING events from decorations provider vscode.git 1241
2023-10-13 05:55:33.979 [warning] [Decorations] CAPPING events from decorations provider vscode.git 1241
2023-10-13 05:55:39.124 [warning] [Decorations] CAPPING events from decorations provider vscode.git 1241
2023-10-13 05:55:44.298 [warning] [Decorations] CAPPING events from decorations provider vscode.git 1241
2023-10-13 05:55:49.442 [warning] [Decorations] CAPPING events from decorations provider vscode.git 1241
2023-10-13 05:55:54.607 [warning] [Decorations] CAPPING events from decorations provider vscode.git 1241
2023-10-13 05:55:59.796 [warning] [Decorations] CAPPING events from decorations provider vscode.git 1241
2023-10-13 05:56:05.004 [warning] [Decorations] CAPPING events from decorations provider vscode.git 1241
2023-10-13 05:56:10.181 [warning] [Decorations] CAPPING events from decorations provider vscode.git 1241
2023-10-13 05:56:15.311 [warning] [Decorations] CAPPING events from decorations provider vscode.git 1241
2023-10-13 05:56:20.503 [warning] [Decorations] CAPPING events from decorations provider vscode.git 1241
2023-10-13 05:56:25.629 [warning] [Decorations] CAPPING events from decorations provider vscode.git 1241
2023-10-13 05:56:30.830 [warning] [Decorations] CAPPING events from decorations provider vscode.git 1241
2023-10-13 05:56:35.990 [warning] [Decorations] CAPPING events from decorations provider vscode.git 1241
2023-10-13 05:56:41.121 [warning] [Decorations] CAPPING events from decorations provider vscode.git 1241
2023-10-13 05:56:46.281 [warning] [Decorations] CAPPING events from decorations provider vscode.git 1241
2023-10-13 05:56:51.431 [warning] [Decorations] CAPPING events from decorations provider vscode.git 1241
2023-10-13 05:56:56.549 [warning] [Decorations] CAPPING events from decorations provider vscode.git 1241
2023-10-13 05:57:01.693 [warning] [Decorations] CAPPING events from decorations provider vscode.git 1241
2023-10-13 05:57:06.808 [warning] [Decorations] CAPPING events from decorations provider vscode.git 1241
2023-10-13 05:57:11.934 [warning] [Decorations] CAPPING events from decorations provider vscode.git 1241
2023-10-13 05:57:17.135 [warning] [Decorations] CAPPING events from decorations provider vscode.git 1241
2023-10-13 05:57:22.249 [warning] [Decorations] CAPPING events from decorations provider vscode.git 1241
2023-10-13 05:57:27.376 [warning] [Decorations] CAPPING events from decorations provider vscode.git 1241
2023-10-13 05:57:32.537 [warning] [Decorations] CAPPING events from decorations provider vscode.git 1241
2023-10-13 05:57:37.645 [warning] [Decorations] CAPPING events from decorations provider vscode.git 1241
2023-10-13 05:57:42.758 [warning] [Decorations] CAPPING events from decorations provider vscode.git 1241
2023-10-13 05:57:47.920 [warning] [Decorations] CAPPING events from decorations provider vscode.git 1241
2023-10-13 05:57:53.051 [warning] [Decorations] CAPPING events from decorations provider vscode.git 1241
2023-10-13 05:57:58.177 [warning] [Decorations] CAPPING events from decorations provider vscode.git 1241
2023-10-13 05:58:03.323 [warning] [Decorations] CAPPING events from decorations provider vscode.git 1241
2023-10-13 05:58:08.477 [warning] [Decorations] CAPPING events from decorations provider vscode.git 1241
2023-10-13 05:58:13.688 [warning] [Decorations] CAPPING events from decorations provider vscode.git 1241
2023-10-13 05:58:18.843 [warning] [Decorations] CAPPING events from decorations provider vscode.git 1241
2023-10-13 05:58:24.017 [warning] [Decorations] CAPPING events from decorations provider vscode.git 1241
2023-10-13 05:58:29.170 [warning] [Decorations] CAPPING events from decorations provider vscode.git 1241
2023-10-13 05:58:34.310 [warning] [Decorations] CAPPING events from decorations provider vscode.git 1241
2023-10-13 05:58:39.441 [warning] [Decorations] CAPPING events from decorations provider vscode.git 1241
2023-10-13 05:58:44.601 [warning] [Decorations] CAPPING events from decorations provider vscode.git 1241
2023-10-13 05:58:49.759 [warning] [Decorations] CAPPING events from decorations provider vscode.git 1241
2023-10-13 05:58:54.890 [warning] [Decorations] CAPPING events from decorations provider vscode.git 1241
2023-10-13 05:59:00.032 [warning] [Decorations] CAPPING events from decorations provider vscode.git 1241
2023-10-13 05:59:05.182 [warning] [Decorations] CAPPING events from decorations provider vscode.git 1241
2023-10-13 05:59:10.375 [warning] [Decorations] CAPPING events from decorations provider vscode.git 1241
2023-10-13 05:59:15.510 [warning] [Decorations] CAPPING events from decorations provider vscode.git 1241
2023-10-13 05:59:20.610 [warning] [Decorations] CAPPING events from decorations provider vscode.git 1241
2023-10-13 05:59:25.751 [warning] [Decorations] CAPPING events from decorations provider vscode.git 1241
2023-10-13 05:59:30.905 [warning] [Decorations] CAPPING events from decorations provider vscode.git 1241
2023-10-13 05:59:36.040 [warning] [Decorations] CAPPING events from decorations provider vscode.git 1241
2023-10-13 05:59:41.198 [warning] [Decorations] CAPPING events from decorations provider vscode.git 1241
2023-10-13 05:59:46.343 [warning] [Decorations] CAPPING events from decorations provider vscode.git 1241
2023-10-13 05:59:51.528 [warning] [Decorations] CAPPING events from decorations provider vscode.git 1241
2023-10-13 05:59:56.670 [warning] [Decorations] CAPPING events from decorations provider vscode.git 1241
2023-10-13 06:00:01.790 [warning] [Decorations] CAPPING events from decorations provider vscode.git 1241
2023-10-13 06:00:06.976 [warning] [Decorations] CAPPING events from decorations provider vscode.git 1241
2023-10-13 06:00:12.118 [warning] [Decorations] CAPPING events from decorations provider vscode.git 1241
2023-10-13 06:00:17.263 [warning] [Decorations] CAPPING events from decorations provider vscode.git 1241
2023-10-13 06:00:22.373 [warning] [Decorations] CAPPING events from decorations provider vscode.git 1241
2023-10-13 06:00:27.556 [warning] [Decorations] CAPPING events from decorations provider vscode.git 1241
2023-10-13 06:00:32.691 [warning] [Decorations] CAPPING events from decorations provider vscode.git 1241
2023-10-13 06:00:37.824 [warning] [Decorations] CAPPING events from decorations provider vscode.git 1241
2023-10-13 06:00:42.995 [warning] [Decorations] CAPPING events from decorations provider vscode.git 1241
2023-10-13 06:00:48.148 [warning] [Decorations] CAPPING events from decorations provider vscode.git 1241
2023-10-13 06:00:53.351 [warning] [Decorations] CAPPING events from decorations provider vscode.git 1241
2023-10-13 06:00:58.507 [warning] [Decorations] CAPPING events from decorations provider vscode.git 1241
2023-10-13 06:01:03.667 [warning] [Decorations] CAPPING events from decorations provider vscode.git 1241
2023-10-13 06:01:08.815 [warning] [Decorations] CAPPING events from decorations provider vscode.git 1241
2023-10-13 06:01:14.024 [warning] [Decorations] CAPPING events from decorations provider vscode.git 1241
2023-10-13 06:01:19.142 [warning] [Decorations] CAPPING events from decorations provider vscode.git 1241
2023-10-13 06:01:24.280 [warning] [Decorations] CAPPING events from decorations provider vscode.git 1241
2023-10-13 06:01:29.435 [warning] [Decorations] CAPPING events from decorations provider vscode.git 1241
2023-10-13 06:01:34.547 [warning] [Decorations] CAPPING events from decorations provider vscode.git 1241
2023-10-13 06:01:39.703 [warning] [Decorations] CAPPING events from decorations provider vscode.git 1241
2023-10-13 06:01:44.895 [warning] [Decorations] CAPPING events from decorations provider vscode.git 1241
2023-10-13 06:01:50.041 [warning] [Decorations] CAPPING events from decorations provider vscode.git 1241
2023-10-13 06:01:55.214 [warning] [Decorations] CAPPING events from decorations provider vscode.git 1241
2023-10-13 06:02:00.396 [warning] [Decorations] CAPPING events from decorations provider vscode.git 1241
2023-10-13 06:02:05.558 [warning] [Decorations] CAPPING events from decorations provider vscode.git 1241
2023-10-13 06:02:10.679 [warning] [Decorations] CAPPING events from decorations provider vscode.git 1241
2023-10-13 06:02:15.826 [warning] [Decorations] CAPPING events from decorations provider vscode.git 1241
2023-10-13 06:02:20.969 [warning] [Decorations] CAPPING events from decorations provider vscode.git 1241
2023-10-13 06:02:26.090 [warning] [Decorations] CAPPING events from decorations provider vscode.git 1241
2023-10-13 06:02:31.200 [warning] [Decorations] CAPPING events from decorations provider vscode.git 1241
2023-10-13 06:02:36.345 [warning] [Decorations] CAPPING events from decorations provider vscode.git 1241
2023-10-13 06:02:41.480 [warning] [Decorations] CAPPING events from decorations provider vscode.git 1241
2023-10-13 06:02:46.641 [warning] [Decorations] CAPPING events from decorations provider vscode.git 1241
2023-10-13 06:02:51.789 [warning] [Decorations] CAPPING events from decorations provider vscode.git 1241
2023-10-13 06:02:56.950 [warning] [Decorations] CAPPING events from decorations provider vscode.git 1241
2023-10-13 06:03:02.118 [warning] [Decorations] CAPPING events from decorations provider vscode.git 1241
2023-10-13 06:03:07.304 [warning] [Decorations] CAPPING events from decorations provider vscode.git 1241
2023-10-13 06:03:12.510 [warning] [Decorations] CAPPING events from decorations provider vscode.git 1241
2023-10-13 06:03:17.653 [warning] [Decorations] CAPPING events from decorations provider vscode.git 1241
2023-10-13 06:03:22.805 [warning] [Decorations] CAPPING events from decorations provider vscode.git 1241
2023-10-13 06:03:27.937 [warning] [Decorations] CAPPING events from decorations provider vscode.git 1241
2023-10-13 06:03:33.112 [warning] [Decorations] CAPPING events from decorations provider vscode.git 1241
2023-10-13 06:03:38.278 [warning] [Decorations] CAPPING events from decorations provider vscode.git 1241
2023-10-13 06:03:43.480 [warning] [Decorations] CAPPING events from decorations provider vscode.git 1241
2023-10-13 06:03:48.620 [warning] [Decorations] CAPPING events from decorations provider vscode.git 1241
2023-10-13 06:03:53.785 [warning] [Decorations] CAPPING events from decorations provider vscode.git 1241
2023-10-13 06:03:58.972 [warning] [Decorations] CAPPING events from decorations provider vscode.git 1241
2023-10-13 06:04:04.118 [warning] [Decorations] CAPPING events from decorations provider vscode.git 1241
2023-10-13 06:04:09.260 [warning] [Decorations] CAPPING events from decorations provider vscode.git 1241
2023-10-13 06:04:14.374 [warning] [Decorations] CAPPING events from decorations provider vscode.git 1241
2023-10-13 06:04:19.501 [warning] [Decorations] CAPPING events from decorations provider vscode.git 1241
2023-10-13 06:04:24.654 [warning] [Decorations] CAPPING events from decorations provider vscode.git 1241
2023-10-13 06:04:29.885 [warning] [Decorations] CAPPING events from decorations provider vscode.git 1241
2023-10-13 06:04:35.020 [warning] [Decorations] CAPPING events from decorations provider vscode.git 1241
2023-10-13 06:04:40.212 [warning] [Decorations] CAPPING events from decorations provider vscode.git 1241
2023-10-13 06:04:45.335 [warning] [Decorations] CAPPING events from decorations provider vscode.git 1241
2023-10-13 06:04:50.516 [warning] [Decorations] CAPPING events from decorations provider vscode.git 1241
2023-10-13 06:04:55.672 [warning] [Decorations] CAPPING events from decorations provider vscode.git 1241
2023-10-13 06:05:00.855 [warning] [Decorations] CAPPING events from decorations provider vscode.git 1241
2023-10-13 06:05:06.046 [warning] [Decorations] CAPPING events from decorations provider vscode.git 1241
2023-10-13 06:05:11.222 [warning] [Decorations] CAPPING events from decorations provider vscode.git 1241
2023-10-13 06:05:16.376 [warning] [Decorations] CAPPING events from decorations provider vscode.git 1241
2023-10-13 06:05:21.563 [warning] [Decorations] CAPPING events from decorations provider vscode.git 1241
2023-10-13 06:05:26.738 [warning] [Decorations] CAPPING events from decorations provider vscode.git 1241
2023-10-13 06:05:31.917 [warning] [Decorations] CAPPING events from decorations provider vscode.git 1241
2023-10-13 06:05:37.064 [warning] [Decorations] CAPPING events from decorations provider vscode.git 1241
2023-10-13 06:05:42.248 [warning] [Decorations] CAPPING events from decorations provider vscode.git 1241
2023-10-13 06:05:47.388 [warning] [Decorations] CAPPING events from decorations provider vscode.git 1241
2023-10-13 06:05:52.544 [warning] [Decorations] CAPPING events from decorations provider vscode.git 1241
2023-10-13 06:05:57.678 [warning] [Decorations] CAPPING events from decorations provider vscode.git 1241
2023-10-13 06:06:02.853 [warning] [Decorations] CAPPING events from decorations provider vscode.git 1241
2023-10-13 06:06:08.051 [warning] [Decorations] CAPPING events from decorations provider vscode.git 1241
2023-10-13 06:06:13.208 [warning] [Decorations] CAPPING events from decorations provider vscode.git 1241
2023-10-13 06:06:18.352 [warning] [Decorations] CAPPING events from decorations provider vscode.git 1241
2023-10-13 06:06:23.577 [warning] [Decorations] CAPPING events from decorations provider vscode.git 1241
2023-10-13 06:06:28.711 [warning] [Decorations] CAPPING events from decorations provider vscode.git 1241
2023-10-13 06:06:33.886 [warning] [Decorations] CAPPING events from decorations provider vscode.git 1241
2023-10-13 06:06:39.071 [warning] [Decorations] CAPPING events from decorations provider vscode.git 1241
2023-10-13 06:06:44.234 [warning] [Decorations] CAPPING events from decorations provider vscode.git 1241
2023-10-13 06:06:49.394 [warning] [Decorations] CAPPING events from decorations provider vscode.git 1241
2023-10-13 06:06:54.615 [warning] [Decorations] CAPPING events from decorations provider vscode.git 1241
2023-10-13 06:06:59.804 [warning] [Decorations] CAPPING events from decorations provider vscode.git 1241
2023-10-13 06:07:04.926 [warning] [Decorations] CAPPING events from decorations provider vscode.git 1241
2023-10-13 06:07:10.076 [warning] [Decorations] CAPPING events from decorations provider vscode.git 1241
2023-10-13 06:07:15.195 [warning] [Decorations] CAPPING events from decorations provider vscode.git 1241
2023-10-13 06:07:20.308 [warning] [Decorations] CAPPING events from decorations provider vscode.git 1241
2023-10-13 06:07:25.505 [warning] [Decorations] CAPPING events from decorations provider vscode.git 1241
2023-10-13 06:07:30.682 [warning] [Decorations] CAPPING events from decorations provider vscode.git 1241
2023-10-13 06:07:35.820 [warning] [Decorations] CAPPING events from decorations provider vscode.git 1241
2023-10-13 06:07:41.040 [warning] [Decorations] CAPPING events from decorations provider vscode.git 1241
2023-10-13 06:07:46.221 [warning] [Decorations] CAPPING events from decorations provider vscode.git 1241
2023-10-13 06:07:51.367 [warning] [Decorations] CAPPING events from decorations provider vscode.git 1241
2023-10-13 06:07:56.508 [warning] [Decorations] CAPPING events from decorations provider vscode.git 1241
2023-10-13 06:08:01.687 [warning] [Decorations] CAPPING events from decorations provider vscode.git 1241
2023-10-13 06:08:06.847 [warning] [Decorations] CAPPING events from decorations provider vscode.git 1241
2023-10-13 06:14:16.997 [warning] [Decorations] CAPPING events from decorations provider vscode.git 1241
2023-10-13 06:14:22.170 [warning] [Decorations] CAPPING events from decorations provider vscode.git 1241
2023-10-13 06:14:22.706 [info] ExtensionService#_doActivateExtension vscode.extension-editing, startup: false, activationEvent: 'onLanguage:markdown'
2023-10-13 06:14:22.707 [info] ExtensionService#_doActivateExtension vscode.markdown-language-features, startup: false, activationEvent: 'onLanguage:markdown'
2023-10-13 06:14:23.741 [info] ExtensionService#_doActivateExtension vscode.markdown-math, startup: false, activationEvent: 'api', root cause: vscode.markdown-language-features
2023-10-13 06:14:27.327 [warning] [Decorations] CAPPING events from decorations provider vscode.git 1242
2023-10-13 06:14:32.485 [warning] [Decorations] CAPPING events from decorations provider vscode.git 1242
2023-10-13 06:14:37.634 [warning] [Decorations] CAPPING events from decorations provider vscode.git 1242
2023-10-13 06:14:42.805 [warning] [Decorations] CAPPING events from decorations provider vscode.git 1242
2023-10-13 06:14:47.943 [warning] [Decorations] CAPPING events from decorations provider vscode.git 1242
2023-10-13 06:14:53.125 [warning] [Decorations] CAPPING events from decorations provider vscode.git 1242
2023-10-13 06:14:58.249 [warning] [Decorations] CAPPING events from decorations provider vscode.git 1244
2023-10-13 06:38:45.246 [warning] [Decorations] CAPPING events from decorations provider vscode.git 1244
2023-10-13 06:38:50.450 [warning] [Decorations] CAPPING events from decorations provider vscode.git 1244
2023-10-13 06:38:55.642 [warning] [Decorations] CAPPING events from decorations provider vscode.git 1245
2023-10-13 06:39:00.772 [warning] [Decorations] CAPPING events from decorations provider vscode.git 1245
2023-10-13 06:39:06.012 [warning] [Decorations] CAPPING events from decorations provider vscode.git 1245
2023-10-13 06:39:11.141 [warning] [Decorations] CAPPING events from decorations provider vscode.git 1245
2023-10-13 06:39:16.286 [warning] [Decorations] CAPPING events from decorations provider vscode.git 1246
2023-10-13 06:39:23.130 [warning] [Decorations] CAPPING events from decorations provider vscode.git 1246
2023-10-13 06:39:28.313 [warning] [Decorations] CAPPING events from decorations provider vscode.git 1245
2023-10-13 06:39:33.548 [warning] [Decorations] CAPPING events from decorations provider vscode.git 1245
2023-10-13 06:39:38.698 [warning] [Decorations] CAPPING events from decorations provider vscode.git 1245
2023-10-13 06:39:43.894 [warning] [Decorations] CAPPING events from decorations provider vscode.git 1245
2023-10-13 06:39:49.032 [warning] [Decorations] CAPPING events from decorations provider vscode.git 1245
2023-10-13 06:39:54.187 [warning] [Decorations] CAPPING events from decorations provider vscode.git 1245
2023-10-13 06:39:59.354 [warning] [Decorations] CAPPING events from decorations provider vscode.git 1245
2023-10-13 06:40:04.555 [warning] [Decorations] CAPPING events from decorations provider vscode.git 1245
2023-10-13 06:40:09.669 [warning] [Decorations] CAPPING events from decorations provider vscode.git 1245
2023-10-13 06:40:14.819 [warning] [Decorations] CAPPING events from decorations provider vscode.git 1245
2023-10-13 06:40:19.944 [warning] [Decorations] CAPPING events from decorations provider vscode.git 1245
2023-10-13 06:40:25.101 [warning] [Decorations] CAPPING events from decorations provider vscode.git 1245
2023-10-13 06:40:30.280 [warning] [Decorations] CAPPING events from decorations provider vscode.git 1245
2023-10-13 06:40:35.422 [warning] [Decorations] CAPPING events from decorations provider vscode.git 1245
2023-10-13 06:40:40.611 [warning] [Decorations] CAPPING events from decorations provider vscode.git 1245
2023-10-13 06:40:45.775 [warning] [Decorations] CAPPING events from decorations provider vscode.git 1245
2023-10-13 06:40:50.969 [warning] [Decorations] CAPPING events from decorations provider vscode.git 1245
2023-10-13 06:40:56.153 [warning] [Decorations] CAPPING events from decorations provider vscode.git 1245
2023-10-13 06:41:01.279 [warning] [Decorations] CAPPING events from decorations provider vscode.git 1245
2023-10-13 06:41:06.419 [warning] [Decorations] CAPPING events from decorations provider vscode.git 1245
2023-10-13 06:41:11.574 [warning] [Decorations] CAPPING events from decorations provider vscode.git 1245
2023-10-13 06:41:16.695 [warning] [Decorations] CAPPING events from decorations provider vscode.git 1245
2023-10-13 06:41:21.864 [warning] [Decorations] CAPPING events from decorations provider vscode.git 1245
2023-10-13 06:41:27.010 [warning] [Decorations] CAPPING events from decorations provider vscode.git 1245
2023-10-13 06:41:32.115 [warning] [Decorations] CAPPING events from decorations provider vscode.git 1245
2023-10-13 06:41:37.276 [warning] [Decorations] CAPPING events from decorations provider vscode.git 1245
2023-10-13 06:41:42.437 [warning] [Decorations] CAPPING events from decorations provider vscode.git 1245
2023-10-13 06:41:47.584 [warning] [Decorations] CAPPING events from decorations provider vscode.git 1245
2023-10-13 06:41:52.768 [warning] [Decorations] CAPPING events from decorations provider vscode.git 1245
2023-10-13 06:41:57.899 [warning] [Decorations] CAPPING events from decorations provider vscode.git 1245
2023-10-13 06:42:03.031 [warning] [Decorations] CAPPING events from decorations provider vscode.git 1245
2023-10-13 06:42:08.181 [warning] [Decorations] CAPPING events from decorations provider vscode.git 1245
2023-10-13 06:42:13.419 [warning] [Decorations] CAPPING events from decorations provider vscode.git 1245
2023-10-13 06:42:18.569 [warning] [Decorations] CAPPING events from decorations provider vscode.git 1245
2023-10-13 06:42:23.793 [warning] [Decorations] CAPPING events from decorations provider vscode.git 1245
2023-10-13 06:42:28.938 [warning] [Decorations] CAPPING events from decorations provider vscode.git 1245
2023-10-13 06:42:34.056 [warning] [Decorations] CAPPING events from decorations provider vscode.git 1245
2023-10-13 06:42:39.238 [warning] [Decorations] CAPPING events from decorations provider vscode.git 1245
2023-10-13 06:42:44.410 [warning] [Decorations] CAPPING events from decorations provider vscode.git 1245
2023-10-13 06:42:49.568 [warning] [Decorations] CAPPING events from decorations provider vscode.git 1245
2023-10-13 06:42:54.730 [warning] [Decorations] CAPPING events from decorations provider vscode.git 1245
2023-10-13 06:42:59.912 [warning] [Decorations] CAPPING events from decorations provider vscode.git 1245
2023-10-13 06:43:05.053 [warning] [Decorations] CAPPING events from decorations provider vscode.git 1245
2023-10-13 06:43:10.177 [warning] [Decorations] CAPPING events from decorations provider vscode.git 1247
2023-10-13 06:43:20.977 [warning] [Decorations] CAPPING events from decorations provider vscode.git 1247
2023-10-13 06:43:26.146 [warning] [Decorations] CAPPING events from decorations provider vscode.git 1247
2023-10-13 06:43:31.275 [warning] [Decorations] CAPPING events from decorations provider vscode.git 1247
2023-10-13 06:43:37.193 [warning] [Decorations] CAPPING events from decorations provider vscode.git 1247
2023-10-13 06:43:42.554 [warning] [Decorations] CAPPING events from decorations provider vscode.git 1247
2023-10-13 06:44:48.157 [warning] [Decorations] CAPPING events from decorations provider vscode.git 1247
2023-10-13 06:44:53.364 [warning] [Decorations] CAPPING events from decorations provider vscode.git 1247
2023-10-13 06:44:58.532 [warning] [Decorations] CAPPING events from decorations provider vscode.git 1247
2023-10-13 06:45:03.707 [warning] [Decorations] CAPPING events from decorations provider vscode.git 1247
2023-10-13 06:45:08.821 [warning] [Decorations] CAPPING events from decorations provider vscode.git 1247
2023-10-13 06:45:13.974 [warning] [Decorations] CAPPING events from decorations provider vscode.git 1248
2023-10-13 06:45:21.170 [warning] [Decorations] CAPPING events from decorations provider vscode.git 1248
2023-10-13 06:45:26.337 [warning] [Decorations] CAPPING events from decorations provider vscode.git 1248
2023-10-13 06:45:31.507 [warning] [Decorations] CAPPING events from decorations provider vscode.git 1249
2023-10-13 06:45:36.669 [warning] [Decorations] CAPPING events from decorations provider vscode.git 1249
2023-10-13 07:36:41.560 [warning] [Decorations] CAPPING events from decorations provider vscode.git 1249
2023-10-13 07:36:46.708 [warning] [Decorations] CAPPING events from decorations provider vscode.git 1249
2023-10-13 07:36:56.814 [warning] [Decorations] CAPPING events from decorations provider vscode.git 1250
2023-10-13 07:37:01.963 [warning] [Decorations] CAPPING events from decorations provider vscode.git 1250
2023-10-13 07:39:37.678 [warning] [Decorations] CAPPING events from decorations provider vscode.git 1250
2023-10-13 07:40:59.621 [warning] [Decorations] CAPPING events from decorations provider vscode.git 1252
2023-10-13 07:41:16.077 [warning] [Decorations] CAPPING events from decorations provider vscode.git 1252
2023-10-13 07:42:18.478 [warning] [Decorations] CAPPING events from decorations provider vscode.git 1252
2023-10-13 07:42:23.697 [warning] [Decorations] CAPPING events from decorations provider vscode.git 1252
2023-10-13 07:42:28.893 [warning] [Decorations] CAPPING events from decorations provider vscode.git 1253
2023-10-13 07:42:46.470 [warning] [Decorations] CAPPING events from decorations provider vscode.git 1253
2023-10-13 07:42:51.627 [warning] [Decorations] CAPPING events from decorations provider vscode.git 1253
2023-10-13 07:42:56.834 [warning] [Decorations] CAPPING events from decorations provider vscode.git 1253
2023-10-13 07:43:01.982 [warning] [Decorations] CAPPING events from decorations provider vscode.git 1253
2023-10-13 07:43:07.127 [warning] [Decorations] CAPPING events from decorations provider vscode.git 1253
2023-10-13 07:43:12.248 [warning] [Decorations] CAPPING events from decorations provider vscode.git 1253
2023-10-13 07:43:17.379 [warning] [Decorations] CAPPING events from decorations provider vscode.git 1253
2023-10-13 07:43:58.677 [warning] [Decorations] CAPPING events from decorations provider vscode.git 1254
2023-10-13 07:45:34.330 [warning] [Decorations] CAPPING events from decorations provider vscode.git 6522
2023-10-13 07:45:40.604 [warning] [Decorations] CAPPING events from decorations provider vscode.git 9691
2023-10-13 07:45:57.017 [info] ExtensionService#_doActivateExtension ms-python.python, startup: false, activationEvent: 'onLanguage:python'
2023-10-13 07:46:23.986 [warning] [Decorations] CAPPING events from decorations provider vscode.git 15451
2023-10-13 07:46:29.804 [warning] [Decorations] CAPPING events from decorations provider vscode.git 10049
2023-10-13 08:36:50.944 [info] ExtensionService#_doActivateExtension vscode.npm, startup: false, activationEvent: 'onTerminalQuickFixRequest:ms-vscode.npm-command'
2023-10-13 08:40:15.804 [warning] [Decorations] CAPPING events from decorations provider vscode.git 10003
