2023-10-11 04:24:48.471 [info] Log level: Info
2023-10-11 04:24:48.471 [info] Validating found git in: "git"
2023-10-11 04:24:48.471 [info] Using git "2.34.1" from "git"
2023-10-11 04:24:48.471 [info] > git rev-parse --show-toplevel [29ms]
2023-10-11 04:24:48.482 [info] > git rev-parse --git-dir --git-common-dir [37ms]
2023-10-11 04:24:48.513 [info] Open repository: /home/vagrant
2023-10-11 04:24:48.554 [info] > git config --get commit.template [16ms]
2023-10-11 04:24:48.575 [info] > git rev-parse --show-toplevel [25ms]
2023-10-11 04:24:48.591 [info] > git for-each-ref --format=%(refname)%00%(upstream:short)%00%(objectname)%00%(upstream:track)%00%(upstream:remotename)%00%(upstream:remoteref) refs/heads/master refs/remotes/master [20ms]
2023-10-11 04:24:48.612 [info] > git rev-parse --show-toplevel [23ms]
2023-10-11 04:24:48.650 [info] > git rev-parse --show-toplevel [29ms]
2023-10-11 04:24:48.737 [info] > git rev-parse --show-toplevel [51ms]
2023-10-11 04:24:48.748 [info] > git status -z -uall [140ms]
2023-10-11 04:24:48.818 [info] > git config --get commit.template [28ms]
2023-10-11 04:24:48.842 [info] > git for-each-ref --format=%(refname)%00%(upstream:short)%00%(objectname)%00%(upstream:track)%00%(upstream:remotename)%00%(upstream:remoteref) refs/heads/master refs/remotes/master [26ms]
2023-10-11 04:24:49.032 [info] > git status -z -uall [174ms]
2023-10-11 04:24:49.676 [info] > git check-ignore -v -z --stdin [278ms]
2023-10-11 04:24:49.778 [info] > git show --textconv :whoami-deployment.yaml [54ms]
2023-10-11 04:24:49.786 [info] > git ls-files --stage -- /home/vagrant/whoami-deployment.yaml [40ms]
2023-10-11 04:24:57.075 [info] > git ls-files --stage -- /home/vagrant/whoami-deployment.yaml [10ms]
2023-10-11 04:24:57.091 [info] > git cat-file -s ab1bb7f9e5449fbedea2d851df7e2fbe28d79b6a [5ms]
2023-10-11 04:24:57.126 [info] > git show --textconv :whoami-deployment.yaml [13ms]
2023-10-11 04:24:59.879 [info] > git ls-files --stage -- /home/vagrant/whoami-deployment.yaml [5ms]
2023-10-11 04:24:59.900 [info] > git cat-file -s ab1bb7f9e5449fbedea2d851df7e2fbe28d79b6a [5ms]
2023-10-11 04:24:59.942 [info] > git show --textconv :whoami-deployment.yaml [11ms]
2023-10-11 04:25:13.675 [info] > git ls-files --stage -- /home/vagrant/whoami-deployment.yaml [7ms]
2023-10-11 04:25:13.696 [info] > git cat-file -s ab1bb7f9e5449fbedea2d851df7e2fbe28d79b6a [8ms]
2023-10-11 04:25:13.730 [info] > git show --textconv :whoami-deployment.yaml [12ms]
2023-10-11 05:03:14.666 [info] > git config --get commit.template [7ms]
2023-10-11 05:03:14.678 [info] > git for-each-ref --format=%(refname)%00%(upstream:short)%00%(objectname)%00%(upstream:track)%00%(upstream:remotename)%00%(upstream:remoteref) refs/heads/master refs/remotes/master [5ms]
2023-10-11 05:03:14.702 [info] > git status -z -uall [17ms]
2023-10-11 05:03:19.734 [info] > git config --get commit.template [13ms]
2023-10-11 05:03:19.735 [info] > git for-each-ref --format=%(refname)%00%(upstream:short)%00%(objectname)%00%(upstream:track)%00%(upstream:remotename)%00%(upstream:remoteref) refs/heads/master refs/remotes/master [3ms]
2023-10-11 05:03:19.768 [info] > git status -z -uall [23ms]
2023-10-11 05:11:01.804 [info] > git config --get commit.template [11ms]
2023-10-11 05:11:01.809 [info] > git for-each-ref --format=%(refname)%00%(upstream:short)%00%(objectname)%00%(upstream:track)%00%(upstream:remotename)%00%(upstream:remoteref) refs/heads/master refs/remotes/master [6ms]
2023-10-11 05:11:01.832 [info] > git status -z -uall [14ms]
2023-10-11 05:12:07.653 [info] > git config --get commit.template [12ms]
2023-10-11 05:12:07.656 [info] > git for-each-ref --format=%(refname)%00%(upstream:short)%00%(objectname)%00%(upstream:track)%00%(upstream:remotename)%00%(upstream:remoteref) refs/heads/master refs/remotes/master [3ms]
2023-10-11 05:12:07.692 [info] > git status -z -uall [15ms]
2023-10-11 05:12:12.885 [info] > git config --get commit.template [13ms]
2023-10-11 05:12:12.893 [info] > git for-each-ref --format=%(refname)%00%(upstream:short)%00%(objectname)%00%(upstream:track)%00%(upstream:remotename)%00%(upstream:remoteref) refs/heads/master refs/remotes/master [8ms]
2023-10-11 05:12:12.913 [info] > git status -z -uall [13ms]
2023-10-11 05:12:17.942 [info] > git config --get commit.template [11ms]
2023-10-11 05:12:17.946 [info] > git for-each-ref --format=%(refname)%00%(upstream:short)%00%(objectname)%00%(upstream:track)%00%(upstream:remotename)%00%(upstream:remoteref) refs/heads/master refs/remotes/master [5ms]
2023-10-11 05:12:17.970 [info] > git status -z -uall [15ms]
2023-10-11 05:12:22.996 [info] > git config --get commit.template [12ms]
2023-10-11 05:12:23.000 [info] > git for-each-ref --format=%(refname)%00%(upstream:short)%00%(objectname)%00%(upstream:track)%00%(upstream:remotename)%00%(upstream:remoteref) refs/heads/master refs/remotes/master [4ms]
2023-10-11 05:12:23.039 [info] > git status -z -uall [32ms]
2023-10-11 05:12:28.089 [info] > git config --get commit.template [16ms]
2023-10-11 05:12:28.092 [info] > git for-each-ref --format=%(refname)%00%(upstream:short)%00%(objectname)%00%(upstream:track)%00%(upstream:remotename)%00%(upstream:remoteref) refs/heads/master refs/remotes/master [4ms]
2023-10-11 05:12:28.130 [info] > git status -z -uall [25ms]
2023-10-11 05:12:33.154 [info] > git config --get commit.template [8ms]
2023-10-11 05:12:33.158 [info] > git for-each-ref --format=%(refname)%00%(upstream:short)%00%(objectname)%00%(upstream:track)%00%(upstream:remotename)%00%(upstream:remoteref) refs/heads/master refs/remotes/master [5ms]
2023-10-11 05:12:33.184 [info] > git status -z -uall [19ms]
2023-10-11 05:13:39.585 [info] > git config --get commit.template [15ms]
2023-10-11 05:13:39.587 [info] > git for-each-ref --format=%(refname)%00%(upstream:short)%00%(objectname)%00%(upstream:track)%00%(upstream:remotename)%00%(upstream:remoteref) refs/heads/master refs/remotes/master [6ms]
2023-10-11 05:13:39.607 [info] > git status -z -uall [14ms]
2023-10-11 05:13:44.640 [info] > git config --get commit.template [15ms]
2023-10-11 05:13:44.644 [info] > git for-each-ref --format=%(refname)%00%(upstream:short)%00%(objectname)%00%(upstream:track)%00%(upstream:remotename)%00%(upstream:remoteref) refs/heads/master refs/remotes/master [5ms]
2023-10-11 05:13:44.664 [info] > git status -z -uall [13ms]
2023-10-11 05:13:49.686 [info] > git config --get commit.template [10ms]
2023-10-11 05:13:49.691 [info] > git for-each-ref --format=%(refname)%00%(upstream:short)%00%(objectname)%00%(upstream:track)%00%(upstream:remotename)%00%(upstream:remoteref) refs/heads/master refs/remotes/master [6ms]
2023-10-11 05:13:49.712 [info] > git status -z -uall [13ms]
2023-10-11 05:18:47.189 [info] > git config --get commit.template [11ms]
2023-10-11 05:18:47.195 [info] > git for-each-ref --format=%(refname)%00%(upstream:short)%00%(objectname)%00%(upstream:track)%00%(upstream:remotename)%00%(upstream:remoteref) refs/heads/master refs/remotes/master [8ms]
2023-10-11 05:18:47.225 [info] > git status -z -uall [19ms]
2023-10-11 05:18:47.769 [info] > git check-ignore -v -z --stdin [6ms]
2023-10-11 05:18:52.247 [info] > git config --get commit.template [10ms]
2023-10-11 05:18:52.251 [info] > git for-each-ref --format=%(refname)%00%(upstream:short)%00%(objectname)%00%(upstream:track)%00%(upstream:remotename)%00%(upstream:remoteref) refs/heads/master refs/remotes/master [5ms]
2023-10-11 05:18:52.272 [info] > git status -z -uall [13ms]
2023-10-11 05:18:55.415 [info] > git show --textconv :service-eternal.yaml [21ms]
2023-10-11 05:18:55.430 [info] > git ls-files --stage -- /home/vagrant/service-eternal.yaml [22ms]
2023-10-11 05:18:55.669 [info] > git check-ignore -v -z --stdin [4ms]
2023-10-11 05:18:57.311 [info] > git config --get commit.template [12ms]
2023-10-11 05:18:57.318 [info] > git for-each-ref --format=%(refname)%00%(upstream:short)%00%(objectname)%00%(upstream:track)%00%(upstream:remotename)%00%(upstream:remoteref) refs/heads/master refs/remotes/master [9ms]
2023-10-11 05:18:57.348 [info] > git status -z -uall [22ms]
2023-10-11 05:19:02.377 [info] > git config --get commit.template [9ms]
2023-10-11 05:19:02.384 [info] > git for-each-ref --format=%(refname)%00%(upstream:short)%00%(objectname)%00%(upstream:track)%00%(upstream:remotename)%00%(upstream:remoteref) refs/heads/master refs/remotes/master [7ms]
2023-10-11 05:19:02.407 [info] > git status -z -uall [15ms]
2023-10-11 05:19:07.437 [info] > git config --get commit.template [14ms]
2023-10-11 05:19:07.442 [info] > git for-each-ref --format=%(refname)%00%(upstream:short)%00%(objectname)%00%(upstream:track)%00%(upstream:remotename)%00%(upstream:remoteref) refs/heads/master refs/remotes/master [6ms]
2023-10-11 05:19:07.470 [info] > git status -z -uall [18ms]
2023-10-11 05:19:12.497 [info] > git config --get commit.template [12ms]
2023-10-11 05:19:12.504 [info] > git for-each-ref --format=%(refname)%00%(upstream:short)%00%(objectname)%00%(upstream:track)%00%(upstream:remotename)%00%(upstream:remoteref) refs/heads/master refs/remotes/master [8ms]
2023-10-11 05:19:12.527 [info] > git status -z -uall [12ms]
2023-10-11 05:19:17.554 [info] > git config --get commit.template [10ms]
2023-10-11 05:19:17.559 [info] > git for-each-ref --format=%(refname)%00%(upstream:short)%00%(objectname)%00%(upstream:track)%00%(upstream:remotename)%00%(upstream:remoteref) refs/heads/master refs/remotes/master [6ms]
2023-10-11 05:19:17.578 [info] > git status -z -uall [11ms]
2023-10-11 05:19:22.605 [info] > git config --get commit.template [11ms]
2023-10-11 05:19:22.609 [info] > git for-each-ref --format=%(refname)%00%(upstream:short)%00%(objectname)%00%(upstream:track)%00%(upstream:remotename)%00%(upstream:remoteref) refs/heads/master refs/remotes/master [5ms]
2023-10-11 05:19:22.631 [info] > git status -z -uall [16ms]
2023-10-11 05:19:27.662 [info] > git config --get commit.template [12ms]
2023-10-11 05:19:27.666 [info] > git for-each-ref --format=%(refname)%00%(upstream:short)%00%(objectname)%00%(upstream:track)%00%(upstream:remotename)%00%(upstream:remoteref) refs/heads/master refs/remotes/master [6ms]
2023-10-11 05:19:27.690 [info] > git status -z -uall [18ms]
2023-10-11 05:19:32.744 [info] > git config --get commit.template [28ms]
2023-10-11 05:19:32.746 [info] > git for-each-ref --format=%(refname)%00%(upstream:short)%00%(objectname)%00%(upstream:track)%00%(upstream:remotename)%00%(upstream:remoteref) refs/heads/master refs/remotes/master [4ms]
2023-10-11 05:19:32.775 [info] > git status -z -uall [17ms]
2023-10-11 05:19:37.802 [info] > git config --get commit.template [11ms]
2023-10-11 05:19:37.804 [info] > git for-each-ref --format=%(refname)%00%(upstream:short)%00%(objectname)%00%(upstream:track)%00%(upstream:remotename)%00%(upstream:remoteref) refs/heads/master refs/remotes/master [3ms]
2023-10-11 05:19:37.824 [info] > git status -z -uall [14ms]
2023-10-11 05:19:42.866 [info] > git config --get commit.template [16ms]
2023-10-11 05:19:42.873 [info] > git for-each-ref --format=%(refname)%00%(upstream:short)%00%(objectname)%00%(upstream:track)%00%(upstream:remotename)%00%(upstream:remoteref) refs/heads/master refs/remotes/master [8ms]
2023-10-11 05:19:42.905 [info] > git status -z -uall [23ms]
2023-10-11 05:19:48.728 [info] > git config --get commit.template [13ms]
2023-10-11 05:19:48.733 [info] > git for-each-ref --format=%(refname)%00%(upstream:short)%00%(objectname)%00%(upstream:track)%00%(upstream:remotename)%00%(upstream:remoteref) refs/heads/master refs/remotes/master [6ms]
2023-10-11 05:19:48.755 [info] > git status -z -uall [14ms]
2023-10-11 05:20:17.258 [info] > git config --get commit.template [12ms]
2023-10-11 05:20:17.266 [info] > git for-each-ref --format=%(refname)%00%(upstream:short)%00%(objectname)%00%(upstream:track)%00%(upstream:remotename)%00%(upstream:remoteref) refs/heads/master refs/remotes/master [10ms]
2023-10-11 05:20:17.288 [info] > git status -z -uall [14ms]
2023-10-11 05:20:22.322 [info] > git config --get commit.template [14ms]
2023-10-11 05:20:22.328 [info] > git for-each-ref --format=%(refname)%00%(upstream:short)%00%(objectname)%00%(upstream:track)%00%(upstream:remotename)%00%(upstream:remoteref) refs/heads/master refs/remotes/master [8ms]
2023-10-11 05:20:22.381 [info] > git status -z -uall [40ms]
2023-10-11 05:20:27.420 [info] > git config --get commit.template [17ms]
2023-10-11 05:20:27.423 [info] > git for-each-ref --format=%(refname)%00%(upstream:short)%00%(objectname)%00%(upstream:track)%00%(upstream:remotename)%00%(upstream:remoteref) refs/heads/master refs/remotes/master [4ms]
2023-10-11 05:20:27.459 [info] > git status -z -uall [22ms]
2023-10-11 05:20:27.814 [info] > git show --textconv :service-external.yaml [21ms]
2023-10-11 05:20:27.814 [info] > git ls-files --stage -- /home/vagrant/service-external.yaml [11ms]
2023-10-11 05:20:27.822 [info] > git check-ignore -v -z --stdin [9ms]
2023-10-11 05:26:24.832 [info] > git config --get commit.template [12ms]
2023-10-11 05:26:24.834 [info] > git for-each-ref --format=%(refname)%00%(upstream:short)%00%(objectname)%00%(upstream:track)%00%(upstream:remotename)%00%(upstream:remoteref) refs/heads/master refs/remotes/master [3ms]
2023-10-11 05:26:24.858 [info] > git status -z -uall [14ms]
2023-10-11 05:26:29.894 [info] > git config --get commit.template [14ms]
2023-10-11 05:26:29.900 [info] > git for-each-ref --format=%(refname)%00%(upstream:short)%00%(objectname)%00%(upstream:track)%00%(upstream:remotename)%00%(upstream:remoteref) refs/heads/master refs/remotes/master [7ms]
2023-10-11 05:26:29.925 [info] > git status -z -uall [15ms]
2023-10-11 05:26:34.969 [info] > git config --get commit.template [23ms]
2023-10-11 05:26:34.973 [info] > git for-each-ref --format=%(refname)%00%(upstream:short)%00%(objectname)%00%(upstream:track)%00%(upstream:remotename)%00%(upstream:remoteref) refs/heads/master refs/remotes/master [6ms]
2023-10-11 05:26:35.005 [info] > git status -z -uall [19ms]
2023-10-11 05:26:40.037 [info] > git config --get commit.template [13ms]
2023-10-11 05:26:40.041 [info] > git for-each-ref --format=%(refname)%00%(upstream:short)%00%(objectname)%00%(upstream:track)%00%(upstream:remotename)%00%(upstream:remoteref) refs/heads/master refs/remotes/master [6ms]
2023-10-11 05:26:40.072 [info] > git status -z -uall [23ms]
2023-10-11 05:38:00.002 [info] > git config --get commit.template [18ms]
2023-10-11 05:38:00.004 [info] > git for-each-ref --format=%(refname)%00%(upstream:short)%00%(objectname)%00%(upstream:track)%00%(upstream:remotename)%00%(upstream:remoteref) refs/heads/master refs/remotes/master [3ms]
2023-10-11 05:38:00.037 [info] > git status -z -uall [23ms]
2023-10-11 06:21:47.069 [info] > git config --get commit.template [2ms]
2023-10-11 06:21:47.086 [info] > git for-each-ref --format=%(refname)%00%(upstream:short)%00%(objectname)%00%(upstream:track)%00%(upstream:remotename)%00%(upstream:remoteref) refs/heads/master refs/remotes/master [9ms]
2023-10-11 06:21:47.121 [info] > git status -z -uall [13ms]
2023-10-11 06:21:52.162 [info] > git config --get commit.template [19ms]
2023-10-11 06:21:52.166 [info] > git for-each-ref --format=%(refname)%00%(upstream:short)%00%(objectname)%00%(upstream:track)%00%(upstream:remotename)%00%(upstream:remoteref) refs/heads/master refs/remotes/master [4ms]
2023-10-11 06:21:52.217 [info] > git status -z -uall [34ms]
2023-10-11 06:21:52.593 [info] > git show --textconv :webserver1.yaml [13ms]
2023-10-11 06:21:52.596 [info] > git ls-files --stage -- /home/vagrant/webserver1.yaml [6ms]
2023-10-11 06:21:52.854 [info] > git check-ignore -v -z --stdin [8ms]
2023-10-11 06:22:04.345 [info] > git config --get commit.template [13ms]
2023-10-11 06:22:04.348 [info] > git for-each-ref --format=%(refname)%00%(upstream:short)%00%(objectname)%00%(upstream:track)%00%(upstream:remotename)%00%(upstream:remoteref) refs/heads/master refs/remotes/master [4ms]
2023-10-11 06:22:04.371 [info] > git status -z -uall [16ms]
2023-10-11 06:22:09.408 [info] > git config --get commit.template [14ms]
2023-10-11 06:22:09.415 [info] > git for-each-ref --format=%(refname)%00%(upstream:short)%00%(objectname)%00%(upstream:track)%00%(upstream:remotename)%00%(upstream:remoteref) refs/heads/master refs/remotes/master [8ms]
2023-10-11 06:22:09.459 [info] > git status -z -uall [31ms]
2023-10-11 06:22:14.491 [info] > git config --get commit.template [11ms]
2023-10-11 06:22:14.495 [info] > git for-each-ref --format=%(refname)%00%(upstream:short)%00%(objectname)%00%(upstream:track)%00%(upstream:remotename)%00%(upstream:remoteref) refs/heads/master refs/remotes/master [5ms]
2023-10-11 06:22:14.512 [info] > git status -z -uall [10ms]
2023-10-11 06:22:19.555 [info] > git config --get commit.template [16ms]
2023-10-11 06:22:19.559 [info] > git for-each-ref --format=%(refname)%00%(upstream:short)%00%(objectname)%00%(upstream:track)%00%(upstream:remotename)%00%(upstream:remoteref) refs/heads/master refs/remotes/master [7ms]
2023-10-11 06:22:19.590 [info] > git status -z -uall [21ms]
2023-10-11 06:22:24.628 [info] > git config --get commit.template [23ms]
2023-10-11 06:22:24.630 [info] > git for-each-ref --format=%(refname)%00%(upstream:short)%00%(objectname)%00%(upstream:track)%00%(upstream:remotename)%00%(upstream:remoteref) refs/heads/master refs/remotes/master [4ms]
2023-10-11 06:22:24.667 [info] > git status -z -uall [29ms]
2023-10-11 06:22:29.707 [info] > git config --get commit.template [21ms]
2023-10-11 06:22:29.709 [info] > git for-each-ref --format=%(refname)%00%(upstream:short)%00%(objectname)%00%(upstream:track)%00%(upstream:remotename)%00%(upstream:remoteref) refs/heads/master refs/remotes/master [4ms]
2023-10-11 06:22:29.734 [info] > git status -z -uall [17ms]
2023-10-11 06:22:34.778 [info] > git config --get commit.template [21ms]
2023-10-11 06:22:34.780 [info] > git for-each-ref --format=%(refname)%00%(upstream:short)%00%(objectname)%00%(upstream:track)%00%(upstream:remotename)%00%(upstream:remoteref) refs/heads/master refs/remotes/master [11ms]
2023-10-11 06:22:34.831 [info] > git status -z -uall [36ms]
2023-10-11 06:22:39.860 [info] > git config --get commit.template [8ms]
2023-10-11 06:22:39.863 [info] > git for-each-ref --format=%(refname)%00%(upstream:short)%00%(objectname)%00%(upstream:track)%00%(upstream:remotename)%00%(upstream:remoteref) refs/heads/master refs/remotes/master [4ms]
2023-10-11 06:22:39.890 [info] > git status -z -uall [15ms]
2023-10-11 06:22:44.953 [info] > git config --get commit.template [33ms]
2023-10-11 06:22:44.963 [info] > git for-each-ref --format=%(refname)%00%(upstream:short)%00%(objectname)%00%(upstream:track)%00%(upstream:remotename)%00%(upstream:remoteref) refs/heads/master refs/remotes/master [15ms]
2023-10-11 06:22:45.002 [info] > git status -z -uall [25ms]
2023-10-11 06:22:50.039 [info] > git config --get commit.template [17ms]
2023-10-11 06:22:50.046 [info] > git for-each-ref --format=%(refname)%00%(upstream:short)%00%(objectname)%00%(upstream:track)%00%(upstream:remotename)%00%(upstream:remoteref) refs/heads/master refs/remotes/master [8ms]
2023-10-11 06:22:50.076 [info] > git status -z -uall [22ms]
2023-10-11 06:22:55.099 [info] > git config --get commit.template [11ms]
2023-10-11 06:22:55.104 [info] > git for-each-ref --format=%(refname)%00%(upstream:short)%00%(objectname)%00%(upstream:track)%00%(upstream:remotename)%00%(upstream:remoteref) refs/heads/master refs/remotes/master [6ms]
2023-10-11 06:22:55.148 [info] > git status -z -uall [33ms]
2023-10-11 06:23:00.198 [info] > git config --get commit.template [26ms]
2023-10-11 06:23:00.205 [info] > git for-each-ref --format=%(refname)%00%(upstream:short)%00%(objectname)%00%(upstream:track)%00%(upstream:remotename)%00%(upstream:remoteref) refs/heads/master refs/remotes/master [10ms]
2023-10-11 06:23:00.246 [info] > git status -z -uall [29ms]
2023-10-11 06:23:05.269 [info] > git config --get commit.template [12ms]
2023-10-11 06:23:05.274 [info] > git for-each-ref --format=%(refname)%00%(upstream:short)%00%(objectname)%00%(upstream:track)%00%(upstream:remotename)%00%(upstream:remoteref) refs/heads/master refs/remotes/master [6ms]
2023-10-11 06:23:05.319 [info] > git status -z -uall [29ms]
2023-10-11 06:23:10.356 [info] > git config --get commit.template [19ms]
2023-10-11 06:23:10.365 [info] > git for-each-ref --format=%(refname)%00%(upstream:short)%00%(objectname)%00%(upstream:track)%00%(upstream:remotename)%00%(upstream:remoteref) refs/heads/master refs/remotes/master [11ms]
2023-10-11 06:23:10.390 [info] > git status -z -uall [12ms]
2023-10-11 06:23:15.426 [info] > git config --get commit.template [15ms]
2023-10-11 06:23:15.428 [info] > git for-each-ref --format=%(refname)%00%(upstream:short)%00%(objectname)%00%(upstream:track)%00%(upstream:remotename)%00%(upstream:remoteref) refs/heads/master refs/remotes/master [4ms]
2023-10-11 06:23:15.448 [info] > git status -z -uall [13ms]
2023-10-11 06:23:20.480 [info] > git config --get commit.template [15ms]
2023-10-11 06:23:20.484 [info] > git for-each-ref --format=%(refname)%00%(upstream:short)%00%(objectname)%00%(upstream:track)%00%(upstream:remotename)%00%(upstream:remoteref) refs/heads/master refs/remotes/master [5ms]
2023-10-11 06:23:20.511 [info] > git status -z -uall [18ms]
2023-10-11 06:23:25.536 [info] > git config --get commit.template [10ms]
2023-10-11 06:23:25.540 [info] > git for-each-ref --format=%(refname)%00%(upstream:short)%00%(objectname)%00%(upstream:track)%00%(upstream:remotename)%00%(upstream:remoteref) refs/heads/master refs/remotes/master [5ms]
2023-10-11 06:23:25.565 [info] > git status -z -uall [16ms]
2023-10-11 06:23:30.587 [info] > git config --get commit.template [11ms]
2023-10-11 06:23:30.591 [info] > git for-each-ref --format=%(refname)%00%(upstream:short)%00%(objectname)%00%(upstream:track)%00%(upstream:remotename)%00%(upstream:remoteref) refs/heads/master refs/remotes/master [5ms]
2023-10-11 06:23:30.612 [info] > git status -z -uall [16ms]
2023-10-11 06:23:35.661 [info] > git config --get commit.template [26ms]
2023-10-11 06:23:35.668 [info] > git for-each-ref --format=%(refname)%00%(upstream:short)%00%(objectname)%00%(upstream:track)%00%(upstream:remotename)%00%(upstream:remoteref) refs/heads/master refs/remotes/master [9ms]
2023-10-11 06:23:35.693 [info] > git status -z -uall [18ms]
2023-10-11 06:23:40.728 [info] > git config --get commit.template [15ms]
2023-10-11 06:23:40.735 [info] > git for-each-ref --format=%(refname)%00%(upstream:short)%00%(objectname)%00%(upstream:track)%00%(upstream:remotename)%00%(upstream:remoteref) refs/heads/master refs/remotes/master [7ms]
2023-10-11 06:23:40.769 [info] > git status -z -uall [19ms]
2023-10-11 06:23:45.812 [info] > git config --get commit.template [24ms]
2023-10-11 06:23:45.827 [info] > git for-each-ref --format=%(refname)%00%(upstream:short)%00%(objectname)%00%(upstream:track)%00%(upstream:remotename)%00%(upstream:remoteref) refs/heads/master refs/remotes/master [17ms]
2023-10-11 06:23:45.851 [info] > git status -z -uall [15ms]
2023-10-11 06:23:50.894 [info] > git config --get commit.template [22ms]
2023-10-11 06:23:50.895 [info] > git for-each-ref --format=%(refname)%00%(upstream:short)%00%(objectname)%00%(upstream:track)%00%(upstream:remotename)%00%(upstream:remoteref) refs/heads/master refs/remotes/master [8ms]
2023-10-11 06:23:50.922 [info] > git status -z -uall [18ms]
2023-10-11 06:23:55.954 [info] > git config --get commit.template [11ms]
2023-10-11 06:23:55.963 [info] > git for-each-ref --format=%(refname)%00%(upstream:short)%00%(objectname)%00%(upstream:track)%00%(upstream:remotename)%00%(upstream:remoteref) refs/heads/master refs/remotes/master [10ms]
2023-10-11 06:23:55.994 [info] > git status -z -uall [20ms]
2023-10-11 06:24:01.032 [info] > git config --get commit.template [17ms]
2023-10-11 06:24:01.035 [info] > git for-each-ref --format=%(refname)%00%(upstream:short)%00%(objectname)%00%(upstream:track)%00%(upstream:remotename)%00%(upstream:remoteref) refs/heads/master refs/remotes/master [6ms]
2023-10-11 06:24:01.058 [info] > git status -z -uall [15ms]
2023-10-11 06:24:06.126 [info] > git config --get commit.template [18ms]
2023-10-11 06:24:06.130 [info] > git for-each-ref --format=%(refname)%00%(upstream:short)%00%(objectname)%00%(upstream:track)%00%(upstream:remotename)%00%(upstream:remoteref) refs/heads/master refs/remotes/master [5ms]
2023-10-11 06:24:06.162 [info] > git status -z -uall [17ms]
2023-10-11 06:24:11.226 [info] > git config --get commit.template [29ms]
2023-10-11 06:24:11.245 [info] > git for-each-ref --format=%(refname)%00%(upstream:short)%00%(objectname)%00%(upstream:track)%00%(upstream:remotename)%00%(upstream:remoteref) refs/heads/master refs/remotes/master [20ms]
2023-10-11 06:24:11.288 [info] > git status -z -uall [34ms]
2023-10-11 06:24:16.330 [info] > git config --get commit.template [15ms]
2023-10-11 06:24:16.336 [info] > git for-each-ref --format=%(refname)%00%(upstream:short)%00%(objectname)%00%(upstream:track)%00%(upstream:remotename)%00%(upstream:remoteref) refs/heads/master refs/remotes/master [10ms]
2023-10-11 06:24:16.378 [info] > git status -z -uall [30ms]
2023-10-11 06:24:21.416 [info] > git config --get commit.template [18ms]
2023-10-11 06:24:21.416 [info] > git for-each-ref --format=%(refname)%00%(upstream:short)%00%(objectname)%00%(upstream:track)%00%(upstream:remotename)%00%(upstream:remoteref) refs/heads/master refs/remotes/master [8ms]
2023-10-11 06:24:21.467 [info] > git status -z -uall [27ms]
2023-10-11 06:24:26.496 [info] > git config --get commit.template [12ms]
2023-10-11 06:24:26.500 [info] > git for-each-ref --format=%(refname)%00%(upstream:short)%00%(objectname)%00%(upstream:track)%00%(upstream:remotename)%00%(upstream:remoteref) refs/heads/master refs/remotes/master [5ms]
2023-10-11 06:24:26.522 [info] > git status -z -uall [14ms]
2023-10-11 06:24:31.540 [info] > git config --get commit.template [8ms]
2023-10-11 06:24:31.543 [info] > git for-each-ref --format=%(refname)%00%(upstream:short)%00%(objectname)%00%(upstream:track)%00%(upstream:remotename)%00%(upstream:remoteref) refs/heads/master refs/remotes/master [3ms]
2023-10-11 06:24:31.560 [info] > git status -z -uall [11ms]
2023-10-11 06:24:36.394 [info] > git show --textconv :webserver1 copy.yaml [8ms]
2023-10-11 06:24:36.402 [info] > git ls-files --stage -- /home/vagrant/webserver1 copy.yaml [8ms]
2023-10-11 06:24:36.586 [info] > git config --get commit.template [11ms]
2023-10-11 06:24:36.592 [info] > git for-each-ref --format=%(refname)%00%(upstream:short)%00%(objectname)%00%(upstream:track)%00%(upstream:remotename)%00%(upstream:remoteref) refs/heads/master refs/remotes/master [8ms]
2023-10-11 06:24:36.637 [info] > git status -z -uall [34ms]
2023-10-11 06:24:36.642 [info] > git check-ignore -v -z --stdin [5ms]
2023-10-11 06:24:41.676 [info] > git config --get commit.template [18ms]
2023-10-11 06:24:41.682 [info] > git for-each-ref --format=%(refname)%00%(upstream:short)%00%(objectname)%00%(upstream:track)%00%(upstream:remotename)%00%(upstream:remoteref) refs/heads/master refs/remotes/master [8ms]
2023-10-11 06:24:41.707 [info] > git status -z -uall [18ms]
2023-10-11 06:24:43.642 [info] > git show --textconv :webserver2.yaml [15ms]
2023-10-11 06:24:43.652 [info] > git ls-files --stage -- /home/vagrant/webserver2.yaml [12ms]
2023-10-11 06:24:43.902 [info] > git check-ignore -v -z --stdin [4ms]
2023-10-11 06:24:46.736 [info] > git config --get commit.template [10ms]
2023-10-11 06:24:46.738 [info] > git for-each-ref --format=%(refname)%00%(upstream:short)%00%(objectname)%00%(upstream:track)%00%(upstream:remotename)%00%(upstream:remoteref) refs/heads/master refs/remotes/master [3ms]
2023-10-11 06:24:46.773 [info] > git status -z -uall [22ms]
2023-10-11 06:24:51.832 [info] > git config --get commit.template [16ms]
2023-10-11 06:24:51.834 [info] > git for-each-ref --format=%(refname)%00%(upstream:short)%00%(objectname)%00%(upstream:track)%00%(upstream:remotename)%00%(upstream:remoteref) refs/heads/master refs/remotes/master [4ms]
2023-10-11 06:24:51.861 [info] > git status -z -uall [17ms]
2023-10-11 06:24:56.897 [info] > git config --get commit.template [18ms]
2023-10-11 06:24:56.903 [info] > git for-each-ref --format=%(refname)%00%(upstream:short)%00%(objectname)%00%(upstream:track)%00%(upstream:remotename)%00%(upstream:remoteref) refs/heads/master refs/remotes/master [7ms]
2023-10-11 06:24:56.924 [info] > git status -z -uall [12ms]
2023-10-11 06:25:01.945 [info] > git config --get commit.template [7ms]
2023-10-11 06:25:01.948 [info] > git for-each-ref --format=%(refname)%00%(upstream:short)%00%(objectname)%00%(upstream:track)%00%(upstream:remotename)%00%(upstream:remoteref) refs/heads/master refs/remotes/master [4ms]
2023-10-11 06:25:01.970 [info] > git status -z -uall [14ms]
2023-10-11 06:25:02.308 [info] > git show --textconv :webserver1.yaml [11ms]
2023-10-11 06:25:02.313 [info] > git ls-files --stage -- /home/vagrant/webserver1.yaml [7ms]
2023-10-11 06:25:13.560 [info] > git config --get commit.template [14ms]
2023-10-11 06:25:13.562 [info] > git for-each-ref --format=%(refname)%00%(upstream:short)%00%(objectname)%00%(upstream:track)%00%(upstream:remotename)%00%(upstream:remoteref) refs/heads/master refs/remotes/master [3ms]
2023-10-11 06:25:13.588 [info] > git status -z -uall [19ms]
2023-10-11 06:25:13.930 [info] > git show --textconv :webserver2.yaml [14ms]
2023-10-11 06:25:13.934 [info] > git ls-files --stage -- /home/vagrant/webserver2.yaml [9ms]
2023-10-11 06:25:17.240 [info] > git show --textconv :webserver1.yaml [12ms]
2023-10-11 06:25:17.246 [info] > git ls-files --stage -- /home/vagrant/webserver1.yaml [7ms]
2023-10-11 06:25:18.613 [info] > git config --get commit.template [12ms]
2023-10-11 06:25:18.617 [info] > git for-each-ref --format=%(refname)%00%(upstream:short)%00%(objectname)%00%(upstream:track)%00%(upstream:remotename)%00%(upstream:remoteref) refs/heads/master refs/remotes/master [3ms]
2023-10-11 06:25:18.641 [info] > git status -z -uall [14ms]
2023-10-11 06:25:23.676 [info] > git config --get commit.template [14ms]
2023-10-11 06:25:23.680 [info] > git for-each-ref --format=%(refname)%00%(upstream:short)%00%(objectname)%00%(upstream:track)%00%(upstream:remotename)%00%(upstream:remoteref) refs/heads/master refs/remotes/master [6ms]
2023-10-11 06:25:23.712 [info] > git status -z -uall [22ms]
2023-10-11 06:25:28.750 [info] > git config --get commit.template [12ms]
2023-10-11 06:25:28.752 [info] > git for-each-ref --format=%(refname)%00%(upstream:short)%00%(objectname)%00%(upstream:track)%00%(upstream:remotename)%00%(upstream:remoteref) refs/heads/master refs/remotes/master [3ms]
2023-10-11 06:25:28.779 [info] > git status -z -uall [20ms]
2023-10-11 06:25:33.812 [info] > git config --get commit.template [13ms]
2023-10-11 06:25:33.831 [info] > git for-each-ref --format=%(refname)%00%(upstream:short)%00%(objectname)%00%(upstream:track)%00%(upstream:remotename)%00%(upstream:remoteref) refs/heads/master refs/remotes/master [19ms]
2023-10-11 06:25:33.880 [info] > git status -z -uall [24ms]
2023-10-11 06:25:38.914 [info] > git config --get commit.template [16ms]
2023-10-11 06:25:38.915 [info] > git for-each-ref --format=%(refname)%00%(upstream:short)%00%(objectname)%00%(upstream:track)%00%(upstream:remotename)%00%(upstream:remoteref) refs/heads/master refs/remotes/master [4ms]
2023-10-11 06:25:38.952 [info] > git status -z -uall [24ms]
2023-10-11 06:25:43.987 [info] > git config --get commit.template [13ms]
2023-10-11 06:25:43.990 [info] > git for-each-ref --format=%(refname)%00%(upstream:short)%00%(objectname)%00%(upstream:track)%00%(upstream:remotename)%00%(upstream:remoteref) refs/heads/master refs/remotes/master [4ms]
2023-10-11 06:25:44.017 [info] > git status -z -uall [19ms]
2023-10-11 06:25:49.048 [info] > git config --get commit.template [15ms]
2023-10-11 06:25:49.052 [info] > git for-each-ref --format=%(refname)%00%(upstream:short)%00%(objectname)%00%(upstream:track)%00%(upstream:remotename)%00%(upstream:remoteref) refs/heads/master refs/remotes/master [5ms]
2023-10-11 06:25:49.074 [info] > git status -z -uall [10ms]
2023-10-11 06:25:54.102 [info] > git config --get commit.template [16ms]
2023-10-11 06:25:54.103 [info] > git for-each-ref --format=%(refname)%00%(upstream:short)%00%(objectname)%00%(upstream:track)%00%(upstream:remotename)%00%(upstream:remoteref) refs/heads/master refs/remotes/master [7ms]
2023-10-11 06:25:54.128 [info] > git status -z -uall [15ms]
2023-10-11 06:25:59.158 [info] > git config --get commit.template [12ms]
2023-10-11 06:25:59.161 [info] > git for-each-ref --format=%(refname)%00%(upstream:short)%00%(objectname)%00%(upstream:track)%00%(upstream:remotename)%00%(upstream:remoteref) refs/heads/master refs/remotes/master [5ms]
2023-10-11 06:25:59.199 [info] > git status -z -uall [27ms]
2023-10-11 06:26:04.237 [info] > git for-each-ref --format=%(refname)%00%(upstream:short)%00%(objectname)%00%(upstream:track)%00%(upstream:remotename)%00%(upstream:remoteref) refs/heads/master refs/remotes/master [0ms]
2023-10-11 06:26:04.237 [info] > git config --get commit.template [20ms]
2023-10-11 06:26:04.265 [info] > git status -z -uall [18ms]
2023-10-11 06:26:07.999 [info] > git show --textconv :webserver2.yaml [8ms]
2023-10-11 06:26:08.003 [info] > git ls-files --stage -- /home/vagrant/webserver2.yaml [4ms]
2023-10-11 06:26:09.290 [info] > git config --get commit.template [8ms]
2023-10-11 06:26:09.295 [info] > git for-each-ref --format=%(refname)%00%(upstream:short)%00%(objectname)%00%(upstream:track)%00%(upstream:remotename)%00%(upstream:remoteref) refs/heads/master refs/remotes/master [6ms]
2023-10-11 06:26:09.334 [info] > git status -z -uall [30ms]
2023-10-11 06:26:14.292 [info] > git show --textconv :webserver1.yaml [9ms]
2023-10-11 06:26:14.298 [info] > git ls-files --stage -- /home/vagrant/webserver1.yaml [6ms]
2023-10-11 06:26:14.364 [info] > git config --get commit.template [13ms]
2023-10-11 06:26:14.374 [info] > git for-each-ref --format=%(refname)%00%(upstream:short)%00%(objectname)%00%(upstream:track)%00%(upstream:remotename)%00%(upstream:remoteref) refs/heads/master refs/remotes/master [11ms]
2023-10-11 06:26:14.398 [info] > git status -z -uall [15ms]
2023-10-11 06:26:15.843 [info] > git show --textconv :webserver2.yaml [14ms]
2023-10-11 06:26:15.847 [info] > git ls-files --stage -- /home/vagrant/webserver2.yaml [5ms]
2023-10-11 06:26:19.433 [info] > git config --get commit.template [4ms]
2023-10-11 06:26:19.447 [info] > git for-each-ref --format=%(refname)%00%(upstream:short)%00%(objectname)%00%(upstream:track)%00%(upstream:remotename)%00%(upstream:remoteref) refs/heads/master refs/remotes/master [2ms]
2023-10-11 06:26:19.469 [info] > git status -z -uall [14ms]
2023-10-11 06:26:19.836 [info] > git show --textconv :webserver1.yaml [10ms]
2023-10-11 06:26:19.844 [info] > git ls-files --stage -- /home/vagrant/webserver1.yaml [9ms]
2023-10-11 06:26:22.960 [info] > git show --textconv :webserver2.yaml [10ms]
2023-10-11 06:26:22.965 [info] > git ls-files --stage -- /home/vagrant/webserver2.yaml [6ms]
2023-10-11 06:26:24.504 [info] > git config --get commit.template [12ms]
2023-10-11 06:26:24.506 [info] > git for-each-ref --format=%(refname)%00%(upstream:short)%00%(objectname)%00%(upstream:track)%00%(upstream:remotename)%00%(upstream:remoteref) refs/heads/master refs/remotes/master [3ms]
2023-10-11 06:26:24.535 [info] > git status -z -uall [17ms]
2023-10-11 06:26:29.575 [info] > git config --get commit.template [16ms]
2023-10-11 06:26:29.580 [info] > git for-each-ref --format=%(refname)%00%(upstream:short)%00%(objectname)%00%(upstream:track)%00%(upstream:remotename)%00%(upstream:remoteref) refs/heads/master refs/remotes/master [6ms]
2023-10-11 06:26:29.607 [info] > git status -z -uall [16ms]
2023-10-11 06:26:34.639 [info] > git config --get commit.template [13ms]
2023-10-11 06:26:34.645 [info] > git for-each-ref --format=%(refname)%00%(upstream:short)%00%(objectname)%00%(upstream:track)%00%(upstream:remotename)%00%(upstream:remoteref) refs/heads/master refs/remotes/master [6ms]
2023-10-11 06:26:34.682 [info] > git status -z -uall [23ms]
2023-10-11 06:26:39.073 [info] > git show --textconv :webserver1.yaml [11ms]
2023-10-11 06:26:39.080 [info] > git ls-files --stage -- /home/vagrant/webserver1.yaml [8ms]
2023-10-11 06:26:39.717 [info] > git config --get commit.template [12ms]
2023-10-11 06:26:39.723 [info] > git for-each-ref --format=%(refname)%00%(upstream:short)%00%(objectname)%00%(upstream:track)%00%(upstream:remotename)%00%(upstream:remoteref) refs/heads/master refs/remotes/master [7ms]
2023-10-11 06:26:39.768 [info] > git status -z -uall [30ms]
2023-10-11 06:26:44.799 [info] > git config --get commit.template [8ms]
2023-10-11 06:26:44.808 [info] > git for-each-ref --format=%(refname)%00%(upstream:short)%00%(objectname)%00%(upstream:track)%00%(upstream:remotename)%00%(upstream:remoteref) refs/heads/master refs/remotes/master [11ms]
2023-10-11 06:26:44.833 [info] > git status -z -uall [15ms]
2023-10-11 06:26:49.232 [info] > git show --textconv :webserver2.yaml [9ms]
2023-10-11 06:26:49.241 [info] > git ls-files --stage -- /home/vagrant/webserver2.yaml [10ms]
2023-10-11 06:26:49.868 [info] > git config --get commit.template [15ms]
2023-10-11 06:26:49.870 [info] > git for-each-ref --format=%(refname)%00%(upstream:short)%00%(objectname)%00%(upstream:track)%00%(upstream:remotename)%00%(upstream:remoteref) refs/heads/master refs/remotes/master [6ms]
2023-10-11 06:26:49.891 [info] > git status -z -uall [12ms]
2023-10-11 06:26:54.929 [info] > git config --get commit.template [18ms]
2023-10-11 06:26:54.936 [info] > git for-each-ref --format=%(refname)%00%(upstream:short)%00%(objectname)%00%(upstream:track)%00%(upstream:remotename)%00%(upstream:remoteref) refs/heads/master refs/remotes/master [9ms]
2023-10-11 06:26:54.961 [info] > git status -z -uall [16ms]
2023-10-11 06:27:01.488 [info] > git config --get commit.template [18ms]
2023-10-11 06:27:01.496 [info] > git for-each-ref --format=%(refname)%00%(upstream:short)%00%(objectname)%00%(upstream:track)%00%(upstream:remotename)%00%(upstream:remoteref) refs/heads/master refs/remotes/master [9ms]
2023-10-11 06:27:01.547 [info] > git status -z -uall [24ms]
2023-10-11 06:27:06.293 [info] > git show --textconv :service1.yaml [12ms]
2023-10-11 06:27:06.299 [info] > git ls-files --stage -- /home/vagrant/service1.yaml [7ms]
2023-10-11 06:27:06.574 [info] > git check-ignore -v -z --stdin [17ms]
2023-10-11 06:27:06.584 [info] > git config --get commit.template [12ms]
2023-10-11 06:27:06.588 [info] > git for-each-ref --format=%(refname)%00%(upstream:short)%00%(objectname)%00%(upstream:track)%00%(upstream:remotename)%00%(upstream:remoteref) refs/heads/master refs/remotes/master [6ms]
2023-10-11 06:27:06.615 [info] > git status -z -uall [19ms]
2023-10-11 06:27:13.246 [info] > git config --get commit.template [19ms]
2023-10-11 06:27:13.284 [info] > git for-each-ref --format=%(refname)%00%(upstream:short)%00%(objectname)%00%(upstream:track)%00%(upstream:remotename)%00%(upstream:remoteref) refs/heads/master refs/remotes/master [18ms]
2023-10-11 06:27:13.323 [info] > git status -z -uall [18ms]
2023-10-11 06:27:18.352 [info] > git config --get commit.template [12ms]
2023-10-11 06:27:18.355 [info] > git for-each-ref --format=%(refname)%00%(upstream:short)%00%(objectname)%00%(upstream:track)%00%(upstream:remotename)%00%(upstream:remoteref) refs/heads/master refs/remotes/master [4ms]
2023-10-11 06:27:18.378 [info] > git status -z -uall [15ms]
2023-10-11 06:27:23.421 [info] > git config --get commit.template [21ms]
2023-10-11 06:27:23.429 [info] > git for-each-ref --format=%(refname)%00%(upstream:short)%00%(objectname)%00%(upstream:track)%00%(upstream:remotename)%00%(upstream:remoteref) refs/heads/master refs/remotes/master [15ms]
2023-10-11 06:27:23.453 [info] > git status -z -uall [13ms]
2023-10-11 06:27:28.478 [info] > git config --get commit.template [14ms]
2023-10-11 06:27:28.481 [info] > git for-each-ref --format=%(refname)%00%(upstream:short)%00%(objectname)%00%(upstream:track)%00%(upstream:remotename)%00%(upstream:remoteref) refs/heads/master refs/remotes/master [4ms]
2023-10-11 06:27:28.499 [info] > git status -z -uall [11ms]
2023-10-11 06:27:33.536 [info] > git config --get commit.template [14ms]
2023-10-11 06:27:33.544 [info] > git for-each-ref --format=%(refname)%00%(upstream:short)%00%(objectname)%00%(upstream:track)%00%(upstream:remotename)%00%(upstream:remoteref) refs/heads/master refs/remotes/master [9ms]
2023-10-11 06:27:33.582 [info] > git status -z -uall [28ms]
2023-10-11 06:27:38.640 [info] > git config --get commit.template [28ms]
2023-10-11 06:27:38.643 [info] > git for-each-ref --format=%(refname)%00%(upstream:short)%00%(objectname)%00%(upstream:track)%00%(upstream:remotename)%00%(upstream:remoteref) refs/heads/master refs/remotes/master [4ms]
2023-10-11 06:27:38.669 [info] > git status -z -uall [17ms]
2023-10-11 06:27:43.707 [info] > git config --get commit.template [18ms]
2023-10-11 06:27:43.711 [info] > git for-each-ref --format=%(refname)%00%(upstream:short)%00%(objectname)%00%(upstream:track)%00%(upstream:remotename)%00%(upstream:remoteref) refs/heads/master refs/remotes/master [6ms]
2023-10-11 06:27:43.757 [info] > git status -z -uall [33ms]
2023-10-11 06:27:48.779 [info] > git config --get commit.template [10ms]
2023-10-11 06:27:48.785 [info] > git for-each-ref --format=%(refname)%00%(upstream:short)%00%(objectname)%00%(upstream:track)%00%(upstream:remotename)%00%(upstream:remoteref) refs/heads/master refs/remotes/master [7ms]
2023-10-11 06:27:48.814 [info] > git status -z -uall [19ms]
2023-10-11 06:27:53.846 [info] > git config --get commit.template [9ms]
2023-10-11 06:27:53.854 [info] > git for-each-ref --format=%(refname)%00%(upstream:short)%00%(objectname)%00%(upstream:track)%00%(upstream:remotename)%00%(upstream:remoteref) refs/heads/master refs/remotes/master [8ms]
2023-10-11 06:27:53.890 [info] > git status -z -uall [20ms]
2023-10-11 06:27:58.935 [info] > git config --get commit.template [28ms]
2023-10-11 06:27:58.938 [info] > git for-each-ref --format=%(refname)%00%(upstream:short)%00%(objectname)%00%(upstream:track)%00%(upstream:remotename)%00%(upstream:remoteref) refs/heads/master refs/remotes/master [4ms]
2023-10-11 06:27:58.958 [info] > git status -z -uall [12ms]
2023-10-11 06:28:03.993 [info] > git config --get commit.template [17ms]
2023-10-11 06:28:04.001 [info] > git for-each-ref --format=%(refname)%00%(upstream:short)%00%(objectname)%00%(upstream:track)%00%(upstream:remotename)%00%(upstream:remoteref) refs/heads/master refs/remotes/master [10ms]
2023-10-11 06:28:04.022 [info] > git status -z -uall [12ms]
2023-10-11 06:28:09.088 [info] > git config --get commit.template [21ms]
2023-10-11 06:28:09.094 [info] > git for-each-ref --format=%(refname)%00%(upstream:short)%00%(objectname)%00%(upstream:track)%00%(upstream:remotename)%00%(upstream:remoteref) refs/heads/master refs/remotes/master [7ms]
2023-10-11 06:28:09.131 [info] > git status -z -uall [25ms]
2023-10-11 06:28:14.158 [info] > git config --get commit.template [13ms]
2023-10-11 06:28:14.162 [info] > git for-each-ref --format=%(refname)%00%(upstream:short)%00%(objectname)%00%(upstream:track)%00%(upstream:remotename)%00%(upstream:remoteref) refs/heads/master refs/remotes/master [6ms]
2023-10-11 06:28:14.189 [info] > git status -z -uall [15ms]
2023-10-11 06:28:19.226 [info] > git config --get commit.template [18ms]
2023-10-11 06:28:19.231 [info] > git for-each-ref --format=%(refname)%00%(upstream:short)%00%(objectname)%00%(upstream:track)%00%(upstream:remotename)%00%(upstream:remoteref) refs/heads/master refs/remotes/master [7ms]
2023-10-11 06:28:19.336 [info] > git status -z -uall [94ms]
2023-10-11 06:28:24.413 [info] > git config --get commit.template [22ms]
2023-10-11 06:28:24.415 [info] > git for-each-ref --format=%(refname)%00%(upstream:short)%00%(objectname)%00%(upstream:track)%00%(upstream:remotename)%00%(upstream:remoteref) refs/heads/master refs/remotes/master [4ms]
2023-10-11 06:28:24.439 [info] > git status -z -uall [12ms]
2023-10-11 06:28:29.487 [info] > git config --get commit.template [21ms]
2023-10-11 06:28:29.489 [info] > git for-each-ref --format=%(refname)%00%(upstream:short)%00%(objectname)%00%(upstream:track)%00%(upstream:remotename)%00%(upstream:remoteref) refs/heads/master refs/remotes/master [2ms]
2023-10-11 06:28:29.526 [info] > git status -z -uall [28ms]
2023-10-11 06:28:34.562 [info] > git config --get commit.template [10ms]
2023-10-11 06:28:34.571 [info] > git for-each-ref --format=%(refname)%00%(upstream:short)%00%(objectname)%00%(upstream:track)%00%(upstream:remotename)%00%(upstream:remoteref) refs/heads/master refs/remotes/master [10ms]
2023-10-11 06:28:34.626 [info] > git status -z -uall [38ms]
2023-10-11 06:28:39.658 [info] > git config --get commit.template [11ms]
2023-10-11 06:28:39.665 [info] > git for-each-ref --format=%(refname)%00%(upstream:short)%00%(objectname)%00%(upstream:track)%00%(upstream:remotename)%00%(upstream:remoteref) refs/heads/master refs/remotes/master [9ms]
2023-10-11 06:28:39.694 [info] > git status -z -uall [18ms]
2023-10-11 06:28:44.735 [info] > git config --get commit.template [20ms]
2023-10-11 06:28:44.735 [info] > git for-each-ref --format=%(refname)%00%(upstream:short)%00%(objectname)%00%(upstream:track)%00%(upstream:remotename)%00%(upstream:remoteref) refs/heads/master refs/remotes/master [2ms]
2023-10-11 06:28:44.756 [info] > git status -z -uall [11ms]
2023-10-11 06:28:45.644 [info] > git show --textconv :service1 copy.yaml [13ms]
2023-10-11 06:28:45.651 [info] > git ls-files --stage -- /home/vagrant/service1 copy.yaml [11ms]
2023-10-11 06:28:45.897 [info] > git check-ignore -v -z --stdin [9ms]
2023-10-11 06:28:49.798 [info] > git config --get commit.template [19ms]
2023-10-11 06:28:49.802 [info] > git for-each-ref --format=%(refname)%00%(upstream:short)%00%(objectname)%00%(upstream:track)%00%(upstream:remotename)%00%(upstream:remoteref) refs/heads/master refs/remotes/master [5ms]
2023-10-11 06:28:49.827 [info] > git status -z -uall [15ms]
2023-10-11 06:28:53.341 [info] > git show --textconv :service2.yaml [13ms]
2023-10-11 06:28:53.348 [info] > git ls-files --stage -- /home/vagrant/service2.yaml [8ms]
2023-10-11 06:28:53.625 [info] > git check-ignore -v -z --stdin [8ms]
2023-10-11 06:28:54.867 [info] > git config --get commit.template [21ms]
2023-10-11 06:28:54.869 [info] > git for-each-ref --format=%(refname)%00%(upstream:short)%00%(objectname)%00%(upstream:track)%00%(upstream:remotename)%00%(upstream:remoteref) refs/heads/master refs/remotes/master [2ms]
2023-10-11 06:28:54.916 [info] > git status -z -uall [30ms]
2023-10-11 06:28:59.959 [info] > git config --get commit.template [19ms]
2023-10-11 06:28:59.962 [info] > git for-each-ref --format=%(refname)%00%(upstream:short)%00%(objectname)%00%(upstream:track)%00%(upstream:remotename)%00%(upstream:remoteref) refs/heads/master refs/remotes/master [5ms]
2023-10-11 06:28:59.988 [info] > git status -z -uall [17ms]
2023-10-11 06:29:05.024 [info] > git config --get commit.template [18ms]
2023-10-11 06:29:05.026 [info] > git for-each-ref --format=%(refname)%00%(upstream:short)%00%(objectname)%00%(upstream:track)%00%(upstream:remotename)%00%(upstream:remoteref) refs/heads/master refs/remotes/master [4ms]
2023-10-11 06:29:05.064 [info] > git status -z -uall [23ms]
2023-10-11 06:29:15.614 [info] > git config --get commit.template [19ms]
2023-10-11 06:29:15.617 [info] > git for-each-ref --format=%(refname)%00%(upstream:short)%00%(objectname)%00%(upstream:track)%00%(upstream:remotename)%00%(upstream:remoteref) refs/heads/master refs/remotes/master [5ms]
2023-10-11 06:29:15.636 [info] > git status -z -uall [8ms]
2023-10-11 06:29:27.528 [info] > git config --get commit.template [16ms]
2023-10-11 06:29:27.529 [info] > git for-each-ref --format=%(refname)%00%(upstream:short)%00%(objectname)%00%(upstream:track)%00%(upstream:remotename)%00%(upstream:remoteref) refs/heads/master refs/remotes/master [2ms]
2023-10-11 06:29:27.549 [info] > git status -z -uall [12ms]
2023-10-11 06:29:32.589 [info] > git config --get commit.template [14ms]
2023-10-11 06:29:32.599 [info] > git for-each-ref --format=%(refname)%00%(upstream:short)%00%(objectname)%00%(upstream:track)%00%(upstream:remotename)%00%(upstream:remoteref) refs/heads/master refs/remotes/master [12ms]
2023-10-11 06:29:32.628 [info] > git status -z -uall [16ms]
2023-10-11 06:30:32.945 [info] > git config --get commit.template [5ms]
2023-10-11 06:30:32.964 [info] > git for-each-ref --format=%(refname)%00%(upstream:short)%00%(objectname)%00%(upstream:track)%00%(upstream:remotename)%00%(upstream:remoteref) refs/heads/master refs/remotes/master [3ms]
2023-10-11 06:30:33.020 [info] > git status -z -uall [47ms]
2023-10-11 06:30:33.363 [info] > git show --textconv :service1.yaml [9ms]
2023-10-11 06:30:33.374 [info] > git ls-files --stage -- /home/vagrant/service1.yaml [12ms]
2023-10-11 06:30:34.057 [info] > git show --textconv :service2.yaml [20ms]
2023-10-11 06:30:34.059 [info] > git ls-files --stage -- /home/vagrant/service2.yaml [10ms]
2023-10-11 06:34:11.774 [info] > git config --get commit.template [12ms]
2023-10-11 06:34:11.779 [info] > git for-each-ref --format=%(refname)%00%(upstream:short)%00%(objectname)%00%(upstream:track)%00%(upstream:remotename)%00%(upstream:remoteref) refs/heads/master refs/remotes/master [6ms]
2023-10-11 06:34:11.814 [info] > git status -z -uall [27ms]
2023-10-11 06:39:01.950 [info] > git config --get commit.template [22ms]
2023-10-11 06:39:01.955 [info] > git for-each-ref --format=%(refname)%00%(upstream:short)%00%(objectname)%00%(upstream:track)%00%(upstream:remotename)%00%(upstream:remoteref) refs/heads/master refs/remotes/master [8ms]
2023-10-11 06:39:02.001 [info] > git status -z -uall [36ms]
2023-10-11 06:39:05.313 [info] > git show --textconv :ingress.yaml [22ms]
2023-10-11 06:39:05.318 [info] > git ls-files --stage -- /home/vagrant/ingress.yaml [6ms]
2023-10-11 06:39:05.573 [info] > git check-ignore -v -z --stdin [6ms]
2023-10-11 06:39:19.233 [info] > git config --get commit.template [18ms]
2023-10-11 06:39:19.235 [info] > git for-each-ref --format=%(refname)%00%(upstream:short)%00%(objectname)%00%(upstream:track)%00%(upstream:remotename)%00%(upstream:remoteref) refs/heads/master refs/remotes/master [2ms]
2023-10-11 06:39:19.278 [info] > git status -z -uall [33ms]
2023-10-11 06:39:24.296 [info] > git config --get commit.template [2ms]
2023-10-11 06:39:24.312 [info] > git for-each-ref --format=%(refname)%00%(upstream:short)%00%(objectname)%00%(upstream:track)%00%(upstream:remotename)%00%(upstream:remoteref) refs/heads/master refs/remotes/master [7ms]
2023-10-11 06:39:24.349 [info] > git status -z -uall [28ms]
2023-10-11 06:39:29.377 [info] > git config --get commit.template [13ms]
2023-10-11 06:39:29.384 [info] > git for-each-ref --format=%(refname)%00%(upstream:short)%00%(objectname)%00%(upstream:track)%00%(upstream:remotename)%00%(upstream:remoteref) refs/heads/master refs/remotes/master [8ms]
2023-10-11 06:39:29.463 [info] > git status -z -uall [65ms]
2023-10-11 06:39:34.496 [info] > git config --get commit.template [12ms]
2023-10-11 06:39:34.498 [info] > git for-each-ref --format=%(refname)%00%(upstream:short)%00%(objectname)%00%(upstream:track)%00%(upstream:remotename)%00%(upstream:remoteref) refs/heads/master refs/remotes/master [3ms]
2023-10-11 06:39:34.555 [info] > git status -z -uall [44ms]
2023-10-11 06:39:39.592 [info] > git config --get commit.template [22ms]
2023-10-11 06:39:39.596 [info] > git for-each-ref --format=%(refname)%00%(upstream:short)%00%(objectname)%00%(upstream:track)%00%(upstream:remotename)%00%(upstream:remoteref) refs/heads/master refs/remotes/master [6ms]
2023-10-11 06:39:39.665 [info] > git status -z -uall [50ms]
2023-10-11 06:39:44.701 [info] > git config --get commit.template [14ms]
2023-10-11 06:39:44.705 [info] > git for-each-ref --format=%(refname)%00%(upstream:short)%00%(objectname)%00%(upstream:track)%00%(upstream:remotename)%00%(upstream:remoteref) refs/heads/master refs/remotes/master [5ms]
2023-10-11 06:39:44.754 [info] > git status -z -uall [39ms]
2023-10-11 06:39:49.802 [info] > git config --get commit.template [25ms]
2023-10-11 06:39:49.812 [info] > git for-each-ref --format=%(refname)%00%(upstream:short)%00%(objectname)%00%(upstream:track)%00%(upstream:remotename)%00%(upstream:remoteref) refs/heads/master refs/remotes/master [13ms]
2023-10-11 06:39:49.879 [info] > git status -z -uall [55ms]
2023-10-11 06:39:54.917 [info] > git config --get commit.template [20ms]
2023-10-11 06:39:54.917 [info] > git for-each-ref --format=%(refname)%00%(upstream:short)%00%(objectname)%00%(upstream:track)%00%(upstream:remotename)%00%(upstream:remoteref) refs/heads/master refs/remotes/master [5ms]
2023-10-11 06:39:54.972 [info] > git status -z -uall [46ms]
2023-10-11 06:40:00.025 [info] > git config --get commit.template [29ms]
2023-10-11 06:40:00.037 [info] > git for-each-ref --format=%(refname)%00%(upstream:short)%00%(objectname)%00%(upstream:track)%00%(upstream:remotename)%00%(upstream:remoteref) refs/heads/master refs/remotes/master [16ms]
2023-10-11 06:40:00.096 [info] > git status -z -uall [50ms]
2023-10-11 06:40:05.126 [info] > git config --get commit.template [12ms]
2023-10-11 06:40:05.131 [info] > git for-each-ref --format=%(refname)%00%(upstream:short)%00%(objectname)%00%(upstream:track)%00%(upstream:remotename)%00%(upstream:remoteref) refs/heads/master refs/remotes/master [6ms]
2023-10-11 06:40:05.185 [info] > git status -z -uall [44ms]
2023-10-11 06:40:10.229 [info] > git config --get commit.template [18ms]
2023-10-11 06:40:10.240 [info] > git for-each-ref --format=%(refname)%00%(upstream:short)%00%(objectname)%00%(upstream:track)%00%(upstream:remotename)%00%(upstream:remoteref) refs/heads/master refs/remotes/master [13ms]
2023-10-11 06:40:10.303 [info] > git status -z -uall [53ms]
2023-10-11 06:40:15.358 [info] > git config --get commit.template [18ms]
2023-10-11 06:40:15.370 [info] > git for-each-ref --format=%(refname)%00%(upstream:short)%00%(objectname)%00%(upstream:track)%00%(upstream:remotename)%00%(upstream:remoteref) refs/heads/master refs/remotes/master [12ms]
2023-10-11 06:40:15.448 [info] > git status -z -uall [61ms]
2023-10-11 06:40:20.493 [info] > git config --get commit.template [22ms]
2023-10-11 06:40:20.499 [info] > git for-each-ref --format=%(refname)%00%(upstream:short)%00%(objectname)%00%(upstream:track)%00%(upstream:remotename)%00%(upstream:remoteref) refs/heads/master refs/remotes/master [8ms]
2023-10-11 06:40:20.552 [info] > git status -z -uall [43ms]
2023-10-11 06:40:25.586 [info] > git config --get commit.template [14ms]
2023-10-11 06:40:25.589 [info] > git for-each-ref --format=%(refname)%00%(upstream:short)%00%(objectname)%00%(upstream:track)%00%(upstream:remotename)%00%(upstream:remoteref) refs/heads/master refs/remotes/master [5ms]
2023-10-11 06:40:25.624 [info] > git status -z -uall [27ms]
2023-10-11 06:40:30.672 [info] > git config --get commit.template [24ms]
2023-10-11 06:40:30.687 [info] > git for-each-ref --format=%(refname)%00%(upstream:short)%00%(objectname)%00%(upstream:track)%00%(upstream:remotename)%00%(upstream:remoteref) refs/heads/master refs/remotes/master [18ms]
2023-10-11 06:40:30.744 [info] > git status -z -uall [43ms]
2023-10-11 06:40:35.779 [info] > git config --get commit.template [12ms]
2023-10-11 06:40:35.782 [info] > git for-each-ref --format=%(refname)%00%(upstream:short)%00%(objectname)%00%(upstream:track)%00%(upstream:remotename)%00%(upstream:remoteref) refs/heads/master refs/remotes/master [4ms]
2023-10-11 06:40:35.836 [info] > git status -z -uall [45ms]
2023-10-11 06:40:40.865 [info] > git config --get commit.template [10ms]
2023-10-11 06:40:40.867 [info] > git for-each-ref --format=%(refname)%00%(upstream:short)%00%(objectname)%00%(upstream:track)%00%(upstream:remotename)%00%(upstream:remoteref) refs/heads/master refs/remotes/master [3ms]
2023-10-11 06:40:40.936 [info] > git status -z -uall [55ms]
2023-10-11 06:40:45.976 [info] > git config --get commit.template [17ms]
2023-10-11 06:40:45.985 [info] > git for-each-ref --format=%(refname)%00%(upstream:short)%00%(objectname)%00%(upstream:track)%00%(upstream:remotename)%00%(upstream:remoteref) refs/heads/master refs/remotes/master [10ms]
2023-10-11 06:40:46.036 [info] > git status -z -uall [41ms]
2023-10-11 06:40:51.094 [info] > git config --get commit.template [15ms]
2023-10-11 06:40:51.112 [info] > git for-each-ref --format=%(refname)%00%(upstream:short)%00%(objectname)%00%(upstream:track)%00%(upstream:remotename)%00%(upstream:remoteref) refs/heads/master refs/remotes/master [19ms]
2023-10-11 06:40:51.195 [info] > git status -z -uall [73ms]
2023-10-11 06:40:56.231 [info] > git config --get commit.template [13ms]
2023-10-11 06:40:56.241 [info] > git for-each-ref --format=%(refname)%00%(upstream:short)%00%(objectname)%00%(upstream:track)%00%(upstream:remotename)%00%(upstream:remoteref) refs/heads/master refs/remotes/master [11ms]
2023-10-11 06:40:56.309 [info] > git status -z -uall [55ms]
2023-10-11 06:41:01.361 [info] > git config --get commit.template [24ms]
2023-10-11 06:41:01.375 [info] > git for-each-ref --format=%(refname)%00%(upstream:short)%00%(objectname)%00%(upstream:track)%00%(upstream:remotename)%00%(upstream:remoteref) refs/heads/master refs/remotes/master [24ms]
2023-10-11 06:41:01.446 [info] > git status -z -uall [62ms]
2023-10-11 06:41:06.471 [info] > git config --get commit.template [12ms]
2023-10-11 06:41:06.479 [info] > git for-each-ref --format=%(refname)%00%(upstream:short)%00%(objectname)%00%(upstream:track)%00%(upstream:remotename)%00%(upstream:remoteref) refs/heads/master refs/remotes/master [10ms]
2023-10-11 06:41:06.530 [info] > git status -z -uall [41ms]
2023-10-11 06:41:11.561 [info] > git config --get commit.template [12ms]
2023-10-11 06:41:11.566 [info] > git for-each-ref --format=%(refname)%00%(upstream:short)%00%(objectname)%00%(upstream:track)%00%(upstream:remotename)%00%(upstream:remoteref) refs/heads/master refs/remotes/master [7ms]
2023-10-11 06:41:11.613 [info] > git status -z -uall [35ms]
2023-10-11 06:41:16.636 [info] > git config --get commit.template [13ms]
2023-10-11 06:41:16.643 [info] > git for-each-ref --format=%(refname)%00%(upstream:short)%00%(objectname)%00%(upstream:track)%00%(upstream:remotename)%00%(upstream:remoteref) refs/heads/master refs/remotes/master [11ms]
2023-10-11 06:41:16.698 [info] > git status -z -uall [46ms]
2023-10-11 06:41:21.754 [info] > git config --get commit.template [35ms]
2023-10-11 06:41:21.766 [info] > git for-each-ref --format=%(refname)%00%(upstream:short)%00%(objectname)%00%(upstream:track)%00%(upstream:remotename)%00%(upstream:remoteref) refs/heads/master refs/remotes/master [17ms]
2023-10-11 06:41:21.821 [info] > git status -z -uall [34ms]
2023-10-11 06:41:26.865 [info] > git config --get commit.template [14ms]
2023-10-11 06:41:26.867 [info] > git for-each-ref --format=%(refname)%00%(upstream:short)%00%(objectname)%00%(upstream:track)%00%(upstream:remotename)%00%(upstream:remoteref) refs/heads/master refs/remotes/master [3ms]
2023-10-11 06:41:26.940 [info] > git status -z -uall [64ms]
2023-10-11 06:41:31.990 [info] > git config --get commit.template [14ms]
2023-10-11 06:41:31.996 [info] > git for-each-ref --format=%(refname)%00%(upstream:short)%00%(objectname)%00%(upstream:track)%00%(upstream:remotename)%00%(upstream:remoteref) refs/heads/master refs/remotes/master [8ms]
2023-10-11 06:41:32.031 [info] > git status -z -uall [26ms]
2023-10-11 06:41:37.073 [info] > git config --get commit.template [27ms]
2023-10-11 06:41:37.076 [info] > git for-each-ref --format=%(refname)%00%(upstream:short)%00%(objectname)%00%(upstream:track)%00%(upstream:remotename)%00%(upstream:remoteref) refs/heads/master refs/remotes/master [7ms]
2023-10-11 06:41:37.116 [info] > git status -z -uall [32ms]
2023-10-11 06:41:42.144 [info] > git config --get commit.template [14ms]
2023-10-11 06:41:42.156 [info] > git for-each-ref --format=%(refname)%00%(upstream:short)%00%(objectname)%00%(upstream:track)%00%(upstream:remotename)%00%(upstream:remoteref) refs/heads/master refs/remotes/master [13ms]
2023-10-11 06:41:42.199 [info] > git status -z -uall [34ms]
2023-10-11 06:41:47.236 [info] > git config --get commit.template [16ms]
2023-10-11 06:41:47.238 [info] > git for-each-ref --format=%(refname)%00%(upstream:short)%00%(objectname)%00%(upstream:track)%00%(upstream:remotename)%00%(upstream:remoteref) refs/heads/master refs/remotes/master [5ms]
2023-10-11 06:41:47.270 [info] > git status -z -uall [25ms]
2023-10-11 06:41:52.311 [info] > git config --get commit.template [24ms]
2023-10-11 06:41:52.319 [info] > git for-each-ref --format=%(refname)%00%(upstream:short)%00%(objectname)%00%(upstream:track)%00%(upstream:remotename)%00%(upstream:remoteref) refs/heads/master refs/remotes/master [10ms]
2023-10-11 06:41:52.371 [info] > git status -z -uall [40ms]
2023-10-11 06:41:57.420 [info] > git config --get commit.template [17ms]
2023-10-11 06:41:57.424 [info] > git for-each-ref --format=%(refname)%00%(upstream:short)%00%(objectname)%00%(upstream:track)%00%(upstream:remotename)%00%(upstream:remoteref) refs/heads/master refs/remotes/master [5ms]
2023-10-11 06:41:57.469 [info] > git status -z -uall [38ms]
2023-10-11 06:42:02.502 [info] > git config --get commit.template [16ms]
2023-10-11 06:42:02.512 [info] > git for-each-ref --format=%(refname)%00%(upstream:short)%00%(objectname)%00%(upstream:track)%00%(upstream:remotename)%00%(upstream:remoteref) refs/heads/master refs/remotes/master [10ms]
2023-10-11 06:42:02.574 [info] > git status -z -uall [54ms]
2023-10-11 06:42:07.611 [info] > git config --get commit.template [15ms]
2023-10-11 06:42:07.614 [info] > git for-each-ref --format=%(refname)%00%(upstream:short)%00%(objectname)%00%(upstream:track)%00%(upstream:remotename)%00%(upstream:remoteref) refs/heads/master refs/remotes/master [6ms]
2023-10-11 06:42:07.685 [info] > git status -z -uall [57ms]
2023-10-11 06:42:12.724 [info] > git config --get commit.template [18ms]
2023-10-11 06:42:12.726 [info] > git for-each-ref --format=%(refname)%00%(upstream:short)%00%(objectname)%00%(upstream:track)%00%(upstream:remotename)%00%(upstream:remoteref) refs/heads/master refs/remotes/master [4ms]
2023-10-11 06:42:12.776 [info] > git status -z -uall [40ms]
2023-10-11 06:42:17.815 [info] > git config --get commit.template [17ms]
2023-10-11 06:42:17.822 [info] > git for-each-ref --format=%(refname)%00%(upstream:short)%00%(objectname)%00%(upstream:track)%00%(upstream:remotename)%00%(upstream:remoteref) refs/heads/master refs/remotes/master [9ms]
2023-10-11 06:42:17.923 [info] > git status -z -uall [84ms]
2023-10-11 06:42:22.961 [info] > git config --get commit.template [16ms]
2023-10-11 06:42:22.968 [info] > git for-each-ref --format=%(refname)%00%(upstream:short)%00%(objectname)%00%(upstream:track)%00%(upstream:remotename)%00%(upstream:remoteref) refs/heads/master refs/remotes/master [8ms]
2023-10-11 06:42:23.033 [info] > git status -z -uall [39ms]
2023-10-11 06:42:28.056 [info] > git config --get commit.template [13ms]
2023-10-11 06:42:28.061 [info] > git for-each-ref --format=%(refname)%00%(upstream:short)%00%(objectname)%00%(upstream:track)%00%(upstream:remotename)%00%(upstream:remoteref) refs/heads/master refs/remotes/master [7ms]
2023-10-11 06:42:28.131 [info] > git status -z -uall [53ms]
2023-10-11 06:42:33.160 [info] > git config --get commit.template [11ms]
2023-10-11 06:42:33.162 [info] > git for-each-ref --format=%(refname)%00%(upstream:short)%00%(objectname)%00%(upstream:track)%00%(upstream:remotename)%00%(upstream:remoteref) refs/heads/master refs/remotes/master [3ms]
2023-10-11 06:42:33.203 [info] > git status -z -uall [29ms]
2023-10-11 06:42:38.255 [info] > git config --get commit.template [34ms]
2023-10-11 06:42:38.262 [info] > git for-each-ref --format=%(refname)%00%(upstream:short)%00%(objectname)%00%(upstream:track)%00%(upstream:remotename)%00%(upstream:remoteref) refs/heads/master refs/remotes/master [20ms]
2023-10-11 06:42:38.322 [info] > git status -z -uall [51ms]
2023-10-11 06:42:43.348 [info] > git config --get commit.template [11ms]
2023-10-11 06:42:43.354 [info] > git for-each-ref --format=%(refname)%00%(upstream:short)%00%(objectname)%00%(upstream:track)%00%(upstream:remotename)%00%(upstream:remoteref) refs/heads/master refs/remotes/master [7ms]
2023-10-11 06:42:43.433 [info] > git status -z -uall [63ms]
2023-10-11 06:42:48.460 [info] > git config --get commit.template [12ms]
2023-10-11 06:42:48.462 [info] > git for-each-ref --format=%(refname)%00%(upstream:short)%00%(objectname)%00%(upstream:track)%00%(upstream:remotename)%00%(upstream:remoteref) refs/heads/master refs/remotes/master [3ms]
2023-10-11 06:42:48.510 [info] > git status -z -uall [39ms]
2023-10-11 06:42:53.538 [info] > git config --get commit.template [8ms]
2023-10-11 06:42:53.546 [info] > git for-each-ref --format=%(refname)%00%(upstream:short)%00%(objectname)%00%(upstream:track)%00%(upstream:remotename)%00%(upstream:remoteref) refs/heads/master refs/remotes/master [8ms]
2023-10-11 06:42:53.591 [info] > git status -z -uall [34ms]
2023-10-11 06:42:58.613 [info] > git config --get commit.template [13ms]
2023-10-11 06:42:58.618 [info] > git for-each-ref --format=%(refname)%00%(upstream:short)%00%(objectname)%00%(upstream:track)%00%(upstream:remotename)%00%(upstream:remoteref) refs/heads/master refs/remotes/master [7ms]
2023-10-11 06:42:58.681 [info] > git status -z -uall [53ms]
2023-10-11 06:43:03.735 [info] > git config --get commit.template [33ms]
2023-10-11 06:43:03.740 [info] > git for-each-ref --format=%(refname)%00%(upstream:short)%00%(objectname)%00%(upstream:track)%00%(upstream:remotename)%00%(upstream:remoteref) refs/heads/master refs/remotes/master [15ms]
2023-10-11 06:43:03.804 [info] > git status -z -uall [53ms]
2023-10-11 06:43:08.837 [info] > git config --get commit.template [15ms]
2023-10-11 06:43:08.842 [info] > git for-each-ref --format=%(refname)%00%(upstream:short)%00%(objectname)%00%(upstream:track)%00%(upstream:remotename)%00%(upstream:remoteref) refs/heads/master refs/remotes/master [5ms]
2023-10-11 06:43:08.901 [info] > git status -z -uall [50ms]
2023-10-11 06:43:13.931 [info] > git config --get commit.template [14ms]
2023-10-11 06:43:13.938 [info] > git for-each-ref --format=%(refname)%00%(upstream:short)%00%(objectname)%00%(upstream:track)%00%(upstream:remotename)%00%(upstream:remoteref) refs/heads/master refs/remotes/master [8ms]
2023-10-11 06:43:13.981 [info] > git status -z -uall [29ms]
2023-10-11 06:43:19.014 [info] > git config --get commit.template [13ms]
2023-10-11 06:43:19.018 [info] > git for-each-ref --format=%(refname)%00%(upstream:short)%00%(objectname)%00%(upstream:track)%00%(upstream:remotename)%00%(upstream:remoteref) refs/heads/master refs/remotes/master [6ms]
2023-10-11 06:43:19.057 [info] > git status -z -uall [32ms]
2023-10-11 06:43:24.080 [info] > git config --get commit.template [9ms]
2023-10-11 06:43:24.083 [info] > git for-each-ref --format=%(refname)%00%(upstream:short)%00%(objectname)%00%(upstream:track)%00%(upstream:remotename)%00%(upstream:remoteref) refs/heads/master refs/remotes/master [4ms]
2023-10-11 06:43:24.123 [info] > git status -z -uall [31ms]
2023-10-11 06:43:29.159 [info] > git config --get commit.template [16ms]
2023-10-11 06:43:29.166 [info] > git for-each-ref --format=%(refname)%00%(upstream:short)%00%(objectname)%00%(upstream:track)%00%(upstream:remotename)%00%(upstream:remoteref) refs/heads/master refs/remotes/master [9ms]
2023-10-11 06:43:29.218 [info] > git status -z -uall [36ms]
2023-10-11 06:43:34.251 [info] > git config --get commit.template [16ms]
2023-10-11 06:43:34.255 [info] > git for-each-ref --format=%(refname)%00%(upstream:short)%00%(objectname)%00%(upstream:track)%00%(upstream:remotename)%00%(upstream:remoteref) refs/heads/master refs/remotes/master [5ms]
2023-10-11 06:43:34.301 [info] > git status -z -uall [36ms]
2023-10-11 06:43:39.334 [info] > git config --get commit.template [9ms]
2023-10-11 06:43:39.340 [info] > git for-each-ref --format=%(refname)%00%(upstream:short)%00%(objectname)%00%(upstream:track)%00%(upstream:remotename)%00%(upstream:remoteref) refs/heads/master refs/remotes/master [6ms]
2023-10-11 06:43:39.375 [info] > git status -z -uall [28ms]
2023-10-11 06:43:44.408 [info] > git config --get commit.template [13ms]
2023-10-11 06:43:44.411 [info] > git for-each-ref --format=%(refname)%00%(upstream:short)%00%(objectname)%00%(upstream:track)%00%(upstream:remotename)%00%(upstream:remoteref) refs/heads/master refs/remotes/master [5ms]
2023-10-11 06:43:44.455 [info] > git status -z -uall [33ms]
2023-10-11 06:43:49.473 [info] > git config --get commit.template [6ms]
2023-10-11 06:43:49.485 [info] > git for-each-ref --format=%(refname)%00%(upstream:short)%00%(objectname)%00%(upstream:track)%00%(upstream:remotename)%00%(upstream:remoteref) refs/heads/master refs/remotes/master [3ms]
2023-10-11 06:43:49.527 [info] > git status -z -uall [33ms]
2023-10-11 06:44:18.757 [info] > git config --get commit.template [16ms]
2023-10-11 06:44:18.763 [info] > git for-each-ref --format=%(refname)%00%(upstream:short)%00%(objectname)%00%(upstream:track)%00%(upstream:remotename)%00%(upstream:remoteref) refs/heads/master refs/remotes/master [6ms]
2023-10-11 06:44:18.810 [info] > git status -z -uall [37ms]
2023-10-11 06:44:23.843 [info] > git config --get commit.template [14ms]
2023-10-11 06:44:23.847 [info] > git for-each-ref --format=%(refname)%00%(upstream:short)%00%(objectname)%00%(upstream:track)%00%(upstream:remotename)%00%(upstream:remoteref) refs/heads/master refs/remotes/master [7ms]
2023-10-11 06:44:23.886 [info] > git status -z -uall [32ms]
2023-10-11 06:44:28.927 [info] > git config --get commit.template [25ms]
2023-10-11 06:44:28.931 [info] > git for-each-ref --format=%(refname)%00%(upstream:short)%00%(objectname)%00%(upstream:track)%00%(upstream:remotename)%00%(upstream:remoteref) refs/heads/master refs/remotes/master [9ms]
2023-10-11 06:44:28.996 [info] > git status -z -uall [51ms]
2023-10-11 06:54:43.020 [info] > git config --get commit.template [10ms]
2023-10-11 06:54:43.024 [info] > git for-each-ref --format=%(refname)%00%(upstream:short)%00%(objectname)%00%(upstream:track)%00%(upstream:remotename)%00%(upstream:remoteref) refs/heads/master refs/remotes/master [5ms]
2023-10-11 06:54:43.076 [info] > git status -z -uall [43ms]
2023-10-11 06:54:48.127 [info] > git config --get commit.template [30ms]
2023-10-11 06:54:48.129 [info] > git for-each-ref --format=%(refname)%00%(upstream:short)%00%(objectname)%00%(upstream:track)%00%(upstream:remotename)%00%(upstream:remoteref) refs/heads/master refs/remotes/master [4ms]
2023-10-11 06:54:48.212 [info] > git status -z -uall [68ms]
2023-10-11 07:24:59.409 [info] > git check-ignore -v -z --stdin [9ms]
2023-10-11 07:25:04.322 [info] > git config --get commit.template [21ms]
2023-10-11 07:25:04.327 [info] > git for-each-ref --format=%(refname)%00%(upstream:short)%00%(objectname)%00%(upstream:track)%00%(upstream:remotename)%00%(upstream:remoteref) refs/heads/master refs/remotes/master [6ms]
2023-10-11 07:25:04.431 [info] > git status -z -uall [91ms]
2023-10-11 07:25:04.800 [info] > git show --textconv :routing-config.yaml [22ms]
2023-10-11 07:25:04.801 [info] > git ls-files --stage -- /home/vagrant/routing-config.yaml [13ms]
2023-10-11 07:25:04.827 [info] > git cat-file -s 6d94b5bc932a4808fb2644c20398dddd55a72ede [4ms]
2023-10-11 07:25:50.660 [info] > git config --get commit.template [11ms]
2023-10-11 07:25:50.668 [info] > git for-each-ref --format=%(refname)%00%(upstream:short)%00%(objectname)%00%(upstream:track)%00%(upstream:remotename)%00%(upstream:remoteref) refs/heads/master refs/remotes/master [9ms]
2023-10-11 07:25:50.714 [info] > git status -z -uall [31ms]
2023-10-11 07:32:39.662 [info] > git config --get commit.template [12ms]
2023-10-11 07:32:39.669 [info] > git for-each-ref --format=%(refname)%00%(upstream:short)%00%(objectname)%00%(upstream:track)%00%(upstream:remotename)%00%(upstream:remoteref) refs/heads/master refs/remotes/master [8ms]
2023-10-11 07:32:39.715 [info] > git status -z -uall [38ms]
2023-10-11 07:32:42.444 [info] > git show --textconv :ingress.yaml [10ms]
2023-10-11 07:32:42.462 [info] > git ls-files --stage -- /home/vagrant/ingress.yaml [19ms]
2023-10-11 07:32:44.752 [info] > git config --get commit.template [14ms]
2023-10-11 07:32:44.758 [info] > git for-each-ref --format=%(refname)%00%(upstream:short)%00%(objectname)%00%(upstream:track)%00%(upstream:remotename)%00%(upstream:remoteref) refs/heads/master refs/remotes/master [7ms]
2023-10-11 07:32:44.798 [info] > git status -z -uall [30ms]
2023-10-11 07:59:59.731 [info] > git config --get commit.template [20ms]
2023-10-11 07:59:59.732 [info] > git for-each-ref --format=%(refname)%00%(upstream:short)%00%(objectname)%00%(upstream:track)%00%(upstream:remotename)%00%(upstream:remoteref) refs/heads/master refs/remotes/master [3ms]
2023-10-11 07:59:59.801 [info] > git status -z -uall [56ms]
