2023-10-12 04:32:17.414 [info] Log level: Info
2023-10-12 04:32:17.414 [info] Validating found git in: "git"
2023-10-12 04:32:17.414 [info] Using git "2.34.1" from "git"
2023-10-12 04:32:17.414 [info] > git rev-parse --show-toplevel [33ms]
2023-10-12 04:32:17.418 [info] > git rev-parse --git-dir --git-common-dir [25ms]
2023-10-12 04:32:17.462 [info] Open repository: /home/vagrant
2023-10-12 04:32:17.509 [info] > git config --get commit.template [27ms]
2023-10-12 04:32:17.551 [info] > git rev-parse --show-toplevel [45ms]
2023-10-12 04:32:17.656 [info] > git for-each-ref --format=%(refname)%00%(upstream:short)%00%(objectname)%00%(upstream:track)%00%(upstream:remotename)%00%(upstream:remoteref) refs/heads/master refs/remotes/master [124ms]
2023-10-12 04:32:17.684 [info] > git rev-parse --show-toplevel [38ms]
2023-10-12 04:32:17.715 [info] > git rev-parse --show-toplevel [12ms]
2023-10-12 04:32:17.746 [info] > git status -z -uall [65ms]
2023-10-12 04:32:17.788 [info] > git rev-parse --show-toplevel [45ms]
2023-10-12 04:32:17.837 [info] > git config --get commit.template [50ms]
2023-10-12 04:32:17.921 [info] > git for-each-ref --format=%(refname)%00%(upstream:short)%00%(objectname)%00%(upstream:track)%00%(upstream:remotename)%00%(upstream:remoteref) refs/heads/master refs/remotes/master [67ms]
2023-10-12 04:32:17.973 [info] > git status -z -uall [41ms]
2023-10-12 04:32:18.477 [info] > git check-ignore -v -z --stdin [72ms]
2023-10-12 04:32:18.516 [info] > git show --textconv :canary-ingress.yaml [16ms]
2023-10-12 04:32:18.532 [info] > git ls-files --stage -- /home/vagrant/canary-ingress.yaml [17ms]
2023-10-12 04:32:18.565 [info] > git cat-file -s a777444b89a4580e037be4bbef0e2d3a052d6bff [23ms]
2023-10-12 05:20:32.286 [info] > git config --get commit.template [14ms]
2023-10-12 05:20:32.287 [info] > git for-each-ref --format=%(refname)%00%(upstream:short)%00%(objectname)%00%(upstream:track)%00%(upstream:remotename)%00%(upstream:remoteref) refs/heads/master refs/remotes/master [4ms]
2023-10-12 05:20:32.313 [info] > git status -z -uall [17ms]
2023-10-12 05:20:32.847 [info] > git check-ignore -v -z --stdin [9ms]
2023-10-12 05:20:37.351 [info] > git config --get commit.template [19ms]
2023-10-12 05:20:37.354 [info] > git for-each-ref --format=%(refname)%00%(upstream:short)%00%(objectname)%00%(upstream:track)%00%(upstream:remotename)%00%(upstream:remoteref) refs/heads/master refs/remotes/master [6ms]
2023-10-12 05:20:37.407 [info] > git status -z -uall [37ms]
2023-10-12 05:20:42.430 [info] > git config --get commit.template [9ms]
2023-10-12 05:20:42.438 [info] > git for-each-ref --format=%(refname)%00%(upstream:short)%00%(objectname)%00%(upstream:track)%00%(upstream:remotename)%00%(upstream:remoteref) refs/heads/master refs/remotes/master [9ms]
2023-10-12 05:20:42.465 [info] > git status -z -uall [16ms]
2023-10-12 05:20:44.006 [info] > git ls-files --stage -- /home/vagrant/production-namespace.yaml [4ms]
2023-10-12 05:20:44.008 [info] > git show --textconv :production-namespace.yaml [15ms]
2023-10-12 05:20:44.267 [info] > git check-ignore -v -z --stdin [3ms]
2023-10-12 05:20:47.507 [info] > git config --get commit.template [18ms]
2023-10-12 05:20:47.512 [info] > git for-each-ref --format=%(refname)%00%(upstream:short)%00%(objectname)%00%(upstream:track)%00%(upstream:remotename)%00%(upstream:remoteref) refs/heads/master refs/remotes/master [7ms]
2023-10-12 05:20:47.550 [info] > git status -z -uall [26ms]
2023-10-12 05:20:48.667 [info] > git check-ignore -v -z --stdin [9ms]
2023-10-12 05:20:52.586 [info] > git config --get commit.template [20ms]
2023-10-12 05:20:52.589 [info] > git for-each-ref --format=%(refname)%00%(upstream:short)%00%(objectname)%00%(upstream:track)%00%(upstream:remotename)%00%(upstream:remoteref) refs/heads/master refs/remotes/master [5ms]
2023-10-12 05:20:52.628 [info] > git status -z -uall [25ms]
2023-10-12 05:20:57.650 [info] > git config --get commit.template [1ms]
2023-10-12 05:20:57.664 [info] > git for-each-ref --format=%(refname)%00%(upstream:short)%00%(objectname)%00%(upstream:track)%00%(upstream:remotename)%00%(upstream:remoteref) refs/heads/master refs/remotes/master [5ms]
2023-10-12 05:20:57.687 [info] > git status -z -uall [15ms]
2023-10-12 05:21:02.717 [info] > git config --get commit.template [15ms]
2023-10-12 05:21:02.723 [info] > git for-each-ref --format=%(refname)%00%(upstream:short)%00%(objectname)%00%(upstream:track)%00%(upstream:remotename)%00%(upstream:remoteref) refs/heads/master refs/remotes/master [7ms]
2023-10-12 05:21:02.749 [info] > git status -z -uall [14ms]
2023-10-12 05:21:07.793 [info] > git config --get commit.template [27ms]
2023-10-12 05:21:07.798 [info] > git for-each-ref --format=%(refname)%00%(upstream:short)%00%(objectname)%00%(upstream:track)%00%(upstream:remotename)%00%(upstream:remoteref) refs/heads/master refs/remotes/master [8ms]
2023-10-12 05:21:07.822 [info] > git status -z -uall [14ms]
2023-10-12 05:21:29.864 [info] > git config --get commit.template [13ms]
2023-10-12 05:21:29.867 [info] > git for-each-ref --format=%(refname)%00%(upstream:short)%00%(objectname)%00%(upstream:track)%00%(upstream:remotename)%00%(upstream:remoteref) refs/heads/master refs/remotes/master [4ms]
2023-10-12 05:21:29.889 [info] > git status -z -uall [13ms]
2023-10-12 05:21:39.845 [info] > git config --get commit.template [22ms]
2023-10-12 05:21:39.848 [info] > git for-each-ref --format=%(refname)%00%(upstream:short)%00%(objectname)%00%(upstream:track)%00%(upstream:remotename)%00%(upstream:remoteref) refs/heads/master refs/remotes/master [4ms]
2023-10-12 05:21:39.869 [info] > git status -z -uall [12ms]
2023-10-12 05:31:48.486 [info] > git config --get commit.template [14ms]
2023-10-12 05:31:48.489 [info] > git for-each-ref --format=%(refname)%00%(upstream:short)%00%(objectname)%00%(upstream:track)%00%(upstream:remotename)%00%(upstream:remoteref) refs/heads/master refs/remotes/master [4ms]
2023-10-12 05:31:48.538 [info] > git status -z -uall [36ms]
2023-10-12 05:33:05.006 [info] > git config --get commit.template [13ms]
2023-10-12 05:33:05.008 [info] > git for-each-ref --format=%(refname)%00%(upstream:short)%00%(objectname)%00%(upstream:track)%00%(upstream:remotename)%00%(upstream:remoteref) refs/heads/master refs/remotes/master [3ms]
2023-10-12 05:33:05.052 [info] > git status -z -uall [37ms]
2023-10-12 05:33:10.092 [info] > git config --get commit.template [22ms]
2023-10-12 05:33:10.098 [info] > git for-each-ref --format=%(refname)%00%(upstream:short)%00%(objectname)%00%(upstream:track)%00%(upstream:remotename)%00%(upstream:remoteref) refs/heads/master refs/remotes/master [8ms]
2023-10-12 05:33:10.178 [info] > git status -z -uall [65ms]
2023-10-12 05:33:15.213 [info] > git config --get commit.template [24ms]
2023-10-12 05:33:15.217 [info] > git for-each-ref --format=%(refname)%00%(upstream:short)%00%(objectname)%00%(upstream:track)%00%(upstream:remotename)%00%(upstream:remoteref) refs/heads/master refs/remotes/master [6ms]
2023-10-12 05:33:15.258 [info] > git status -z -uall [28ms]
2023-10-12 05:33:20.302 [info] > git config --get commit.template [26ms]
2023-10-12 05:33:20.306 [info] > git for-each-ref --format=%(refname)%00%(upstream:short)%00%(objectname)%00%(upstream:track)%00%(upstream:remotename)%00%(upstream:remoteref) refs/heads/master refs/remotes/master [6ms]
2023-10-12 05:33:20.361 [info] > git status -z -uall [39ms]
2023-10-12 05:33:23.288 [info] > git show --textconv :hostname-deploy-syc-deploy-svc-ns.yaml [14ms]
2023-10-12 05:33:23.301 [info] > git ls-files --stage -- /home/vagrant/hostname-deploy-syc-deploy-svc-ns.yaml [17ms]
2023-10-12 05:33:23.550 [info] > git check-ignore -v -z --stdin [11ms]
2023-10-12 05:33:25.392 [info] > git config --get commit.template [17ms]
2023-10-12 05:33:25.395 [info] > git for-each-ref --format=%(refname)%00%(upstream:short)%00%(objectname)%00%(upstream:track)%00%(upstream:remotename)%00%(upstream:remoteref) refs/heads/master refs/remotes/master [4ms]
2023-10-12 05:33:25.446 [info] > git status -z -uall [37ms]
2023-10-12 05:33:35.789 [info] > git config --get commit.template [14ms]
2023-10-12 05:33:35.792 [info] > git for-each-ref --format=%(refname)%00%(upstream:short)%00%(objectname)%00%(upstream:track)%00%(upstream:remotename)%00%(upstream:remoteref) refs/heads/master refs/remotes/master [4ms]
2023-10-12 05:33:35.852 [info] > git status -z -uall [50ms]
2023-10-12 05:33:40.897 [info] > git config --get commit.template [15ms]
2023-10-12 05:33:40.899 [info] > git for-each-ref --format=%(refname)%00%(upstream:short)%00%(objectname)%00%(upstream:track)%00%(upstream:remotename)%00%(upstream:remoteref) refs/heads/master refs/remotes/master [3ms]
2023-10-12 05:33:40.966 [info] > git status -z -uall [59ms]
2023-10-12 05:33:46.000 [info] > git config --get commit.template [17ms]
2023-10-12 05:33:46.002 [info] > git for-each-ref --format=%(refname)%00%(upstream:short)%00%(objectname)%00%(upstream:track)%00%(upstream:remotename)%00%(upstream:remoteref) refs/heads/master refs/remotes/master [3ms]
2023-10-12 05:33:46.049 [info] > git status -z -uall [39ms]
2023-10-12 05:33:51.076 [info] > git config --get commit.template [10ms]
2023-10-12 05:33:51.081 [info] > git for-each-ref --format=%(refname)%00%(upstream:short)%00%(objectname)%00%(upstream:track)%00%(upstream:remotename)%00%(upstream:remoteref) refs/heads/master refs/remotes/master [6ms]
2023-10-12 05:33:51.123 [info] > git status -z -uall [33ms]
2023-10-12 05:33:56.158 [info] > git config --get commit.template [17ms]
2023-10-12 05:33:56.172 [info] > git for-each-ref --format=%(refname)%00%(upstream:short)%00%(objectname)%00%(upstream:track)%00%(upstream:remotename)%00%(upstream:remoteref) refs/heads/master refs/remotes/master [16ms]
2023-10-12 05:33:56.225 [info] > git status -z -uall [41ms]
2023-10-12 05:34:01.255 [info] > git config --get commit.template [12ms]
2023-10-12 05:34:01.261 [info] > git for-each-ref --format=%(refname)%00%(upstream:short)%00%(objectname)%00%(upstream:track)%00%(upstream:remotename)%00%(upstream:remoteref) refs/heads/master refs/remotes/master [6ms]
2023-10-12 05:34:01.305 [info] > git status -z -uall [37ms]
2023-10-12 05:34:06.328 [info] > git config --get commit.template [12ms]
2023-10-12 05:34:06.331 [info] > git for-each-ref --format=%(refname)%00%(upstream:short)%00%(objectname)%00%(upstream:track)%00%(upstream:remotename)%00%(upstream:remoteref) refs/heads/master refs/remotes/master [4ms]
2023-10-12 05:34:06.392 [info] > git status -z -uall [49ms]
2023-10-12 05:34:11.434 [info] > git config --get commit.template [16ms]
2023-10-12 05:34:11.438 [info] > git for-each-ref --format=%(refname)%00%(upstream:short)%00%(objectname)%00%(upstream:track)%00%(upstream:remotename)%00%(upstream:remoteref) refs/heads/master refs/remotes/master [4ms]
2023-10-12 05:34:11.474 [info] > git status -z -uall [28ms]
2023-10-12 05:34:16.498 [info] > git config --get commit.template [10ms]
2023-10-12 05:34:16.506 [info] > git for-each-ref --format=%(refname)%00%(upstream:short)%00%(objectname)%00%(upstream:track)%00%(upstream:remotename)%00%(upstream:remoteref) refs/heads/master refs/remotes/master [9ms]
2023-10-12 05:34:16.581 [info] > git status -z -uall [64ms]
2023-10-12 05:34:21.623 [info] > git config --get commit.template [20ms]
2023-10-12 05:34:21.630 [info] > git for-each-ref --format=%(refname)%00%(upstream:short)%00%(objectname)%00%(upstream:track)%00%(upstream:remotename)%00%(upstream:remoteref) refs/heads/master refs/remotes/master [9ms]
2023-10-12 05:34:21.675 [info] > git status -z -uall [33ms]
2023-10-12 05:34:26.699 [info] > git config --get commit.template [3ms]
2023-10-12 05:34:26.710 [info] > git for-each-ref --format=%(refname)%00%(upstream:short)%00%(objectname)%00%(upstream:track)%00%(upstream:remotename)%00%(upstream:remoteref) refs/heads/master refs/remotes/master [3ms]
2023-10-12 05:34:26.771 [info] > git status -z -uall [52ms]
2023-10-12 05:34:31.815 [info] > git config --get commit.template [20ms]
2023-10-12 05:34:31.818 [info] > git for-each-ref --format=%(refname)%00%(upstream:short)%00%(objectname)%00%(upstream:track)%00%(upstream:remotename)%00%(upstream:remoteref) refs/heads/master refs/remotes/master [7ms]
2023-10-12 05:34:31.890 [info] > git status -z -uall [62ms]
2023-10-12 05:34:36.920 [info] > git config --get commit.template [16ms]
2023-10-12 05:34:36.928 [info] > git for-each-ref --format=%(refname)%00%(upstream:short)%00%(objectname)%00%(upstream:track)%00%(upstream:remotename)%00%(upstream:remoteref) refs/heads/master refs/remotes/master [9ms]
2023-10-12 05:34:36.995 [info] > git status -z -uall [53ms]
2023-10-12 05:34:42.029 [info] > git config --get commit.template [15ms]
2023-10-12 05:34:42.039 [info] > git for-each-ref --format=%(refname)%00%(upstream:short)%00%(objectname)%00%(upstream:track)%00%(upstream:remotename)%00%(upstream:remoteref) refs/heads/master refs/remotes/master [12ms]
2023-10-12 05:34:42.112 [info] > git status -z -uall [50ms]
2023-10-12 05:34:47.139 [info] > git config --get commit.template [12ms]
2023-10-12 05:34:47.142 [info] > git for-each-ref --format=%(refname)%00%(upstream:short)%00%(objectname)%00%(upstream:track)%00%(upstream:remotename)%00%(upstream:remoteref) refs/heads/master refs/remotes/master [4ms]
2023-10-12 05:34:47.187 [info] > git status -z -uall [30ms]
2023-10-12 05:34:52.221 [info] > git config --get commit.template [17ms]
2023-10-12 05:34:52.225 [info] > git for-each-ref --format=%(refname)%00%(upstream:short)%00%(objectname)%00%(upstream:track)%00%(upstream:remotename)%00%(upstream:remoteref) refs/heads/master refs/remotes/master [5ms]
2023-10-12 05:34:52.263 [info] > git status -z -uall [29ms]
2023-10-12 05:34:57.301 [info] > git config --get commit.template [15ms]
2023-10-12 05:34:57.305 [info] > git for-each-ref --format=%(refname)%00%(upstream:short)%00%(objectname)%00%(upstream:track)%00%(upstream:remotename)%00%(upstream:remoteref) refs/heads/master refs/remotes/master [5ms]
2023-10-12 05:34:57.341 [info] > git status -z -uall [29ms]
2023-10-12 05:35:02.379 [info] > git config --get commit.template [17ms]
2023-10-12 05:35:02.383 [info] > git for-each-ref --format=%(refname)%00%(upstream:short)%00%(objectname)%00%(upstream:track)%00%(upstream:remotename)%00%(upstream:remoteref) refs/heads/master refs/remotes/master [5ms]
2023-10-12 05:35:02.424 [info] > git status -z -uall [34ms]
2023-10-12 05:35:07.463 [info] > git config --get commit.template [14ms]
2023-10-12 05:35:07.467 [info] > git for-each-ref --format=%(refname)%00%(upstream:short)%00%(objectname)%00%(upstream:track)%00%(upstream:remotename)%00%(upstream:remoteref) refs/heads/master refs/remotes/master [5ms]
2023-10-12 05:35:07.505 [info] > git status -z -uall [30ms]
2023-10-12 05:35:12.532 [info] > git config --get commit.template [11ms]
2023-10-12 05:35:12.538 [info] > git for-each-ref --format=%(refname)%00%(upstream:short)%00%(objectname)%00%(upstream:track)%00%(upstream:remotename)%00%(upstream:remoteref) refs/heads/master refs/remotes/master [6ms]
2023-10-12 05:35:12.575 [info] > git status -z -uall [30ms]
2023-10-12 05:35:17.657 [info] > git config --get commit.template [62ms]
2023-10-12 05:35:17.729 [info] > git for-each-ref --format=%(refname)%00%(upstream:short)%00%(objectname)%00%(upstream:track)%00%(upstream:remotename)%00%(upstream:remoteref) refs/heads/master refs/remotes/master [19ms]
2023-10-12 05:35:17.765 [info] > git status -z -uall [28ms]
2023-10-12 05:35:22.791 [info] > git config --get commit.template [11ms]
2023-10-12 05:35:22.802 [info] > git for-each-ref --format=%(refname)%00%(upstream:short)%00%(objectname)%00%(upstream:track)%00%(upstream:remotename)%00%(upstream:remoteref) refs/heads/master refs/remotes/master [12ms]
2023-10-12 05:35:22.856 [info] > git status -z -uall [42ms]
2023-10-12 05:35:27.911 [info] > git config --get commit.template [22ms]
2023-10-12 05:35:27.920 [info] > git for-each-ref --format=%(refname)%00%(upstream:short)%00%(objectname)%00%(upstream:track)%00%(upstream:remotename)%00%(upstream:remoteref) refs/heads/master refs/remotes/master [12ms]
2023-10-12 05:35:28.000 [info] > git status -z -uall [62ms]
2023-10-12 05:35:33.030 [info] > git config --get commit.template [13ms]
2023-10-12 05:35:33.032 [info] > git for-each-ref --format=%(refname)%00%(upstream:short)%00%(objectname)%00%(upstream:track)%00%(upstream:remotename)%00%(upstream:remoteref) refs/heads/master refs/remotes/master [3ms]
2023-10-12 05:35:33.072 [info] > git status -z -uall [34ms]
2023-10-12 05:35:38.102 [info] > git config --get commit.template [16ms]
2023-10-12 05:35:38.105 [info] > git for-each-ref --format=%(refname)%00%(upstream:short)%00%(objectname)%00%(upstream:track)%00%(upstream:remotename)%00%(upstream:remoteref) refs/heads/master refs/remotes/master [4ms]
2023-10-12 05:35:38.147 [info] > git status -z -uall [34ms]
2023-10-12 05:35:43.172 [info] > git config --get commit.template [11ms]
2023-10-12 05:35:43.174 [info] > git for-each-ref --format=%(refname)%00%(upstream:short)%00%(objectname)%00%(upstream:track)%00%(upstream:remotename)%00%(upstream:remoteref) refs/heads/master refs/remotes/master [3ms]
2023-10-12 05:35:43.221 [info] > git status -z -uall [39ms]
2023-10-12 05:35:48.248 [info] > git config --get commit.template [9ms]
2023-10-12 05:35:48.251 [info] > git for-each-ref --format=%(refname)%00%(upstream:short)%00%(objectname)%00%(upstream:track)%00%(upstream:remotename)%00%(upstream:remoteref) refs/heads/master refs/remotes/master [3ms]
2023-10-12 05:35:48.313 [info] > git status -z -uall [47ms]
2023-10-12 05:35:53.347 [info] > git config --get commit.template [17ms]
2023-10-12 05:35:53.354 [info] > git for-each-ref --format=%(refname)%00%(upstream:short)%00%(objectname)%00%(upstream:track)%00%(upstream:remotename)%00%(upstream:remoteref) refs/heads/master refs/remotes/master [8ms]
2023-10-12 05:35:53.413 [info] > git status -z -uall [47ms]
2023-10-12 05:35:58.434 [info] > git for-each-ref --format=%(refname)%00%(upstream:short)%00%(objectname)%00%(upstream:track)%00%(upstream:remotename)%00%(upstream:remoteref) refs/heads/master refs/remotes/master [2ms]
2023-10-12 05:35:58.434 [info] > git config --get commit.template [12ms]
2023-10-12 05:35:58.484 [info] > git status -z -uall [42ms]
2023-10-12 05:36:03.515 [info] > git config --get commit.template [15ms]
2023-10-12 05:36:03.525 [info] > git for-each-ref --format=%(refname)%00%(upstream:short)%00%(objectname)%00%(upstream:track)%00%(upstream:remotename)%00%(upstream:remoteref) refs/heads/master refs/remotes/master [10ms]
2023-10-12 05:36:03.573 [info] > git status -z -uall [36ms]
2023-10-12 05:36:08.599 [info] > git config --get commit.template [14ms]
2023-10-12 05:36:08.603 [info] > git for-each-ref --format=%(refname)%00%(upstream:short)%00%(objectname)%00%(upstream:track)%00%(upstream:remotename)%00%(upstream:remoteref) refs/heads/master refs/remotes/master [6ms]
2023-10-12 05:36:08.659 [info] > git status -z -uall [48ms]
2023-10-12 05:36:13.689 [info] > git config --get commit.template [12ms]
2023-10-12 05:36:13.692 [info] > git for-each-ref --format=%(refname)%00%(upstream:short)%00%(objectname)%00%(upstream:track)%00%(upstream:remotename)%00%(upstream:remoteref) refs/heads/master refs/remotes/master [4ms]
2023-10-12 05:36:13.756 [info] > git status -z -uall [53ms]
2023-10-12 05:36:18.789 [info] > git config --get commit.template [10ms]
2023-10-12 05:36:18.794 [info] > git for-each-ref --format=%(refname)%00%(upstream:short)%00%(objectname)%00%(upstream:track)%00%(upstream:remotename)%00%(upstream:remoteref) refs/heads/master refs/remotes/master [3ms]
2023-10-12 05:36:18.846 [info] > git status -z -uall [41ms]
2023-10-12 05:36:23.867 [info] > git config --get commit.template [8ms]
2023-10-12 05:36:23.871 [info] > git for-each-ref --format=%(refname)%00%(upstream:short)%00%(objectname)%00%(upstream:track)%00%(upstream:remotename)%00%(upstream:remoteref) refs/heads/master refs/remotes/master [5ms]
2023-10-12 05:36:23.904 [info] > git status -z -uall [25ms]
2023-10-12 05:36:28.938 [info] > git config --get commit.template [19ms]
2023-10-12 05:36:28.944 [info] > git for-each-ref --format=%(refname)%00%(upstream:short)%00%(objectname)%00%(upstream:track)%00%(upstream:remotename)%00%(upstream:remoteref) refs/heads/master refs/remotes/master [8ms]
2023-10-12 05:36:28.996 [info] > git status -z -uall [44ms]
2023-10-12 05:36:34.021 [info] > git config --get commit.template [11ms]
2023-10-12 05:36:34.033 [info] > git for-each-ref --format=%(refname)%00%(upstream:short)%00%(objectname)%00%(upstream:track)%00%(upstream:remotename)%00%(upstream:remoteref) refs/heads/master refs/remotes/master [13ms]
2023-10-12 05:36:34.076 [info] > git status -z -uall [34ms]
2023-10-12 05:36:39.103 [info] > git config --get commit.template [14ms]
2023-10-12 05:36:39.113 [info] > git for-each-ref --format=%(refname)%00%(upstream:short)%00%(objectname)%00%(upstream:track)%00%(upstream:remotename)%00%(upstream:remoteref) refs/heads/master refs/remotes/master [11ms]
2023-10-12 05:36:39.211 [info] > git status -z -uall [75ms]
2023-10-12 05:36:44.239 [info] > git config --get commit.template [12ms]
2023-10-12 05:36:44.242 [info] > git for-each-ref --format=%(refname)%00%(upstream:short)%00%(objectname)%00%(upstream:track)%00%(upstream:remotename)%00%(upstream:remoteref) refs/heads/master refs/remotes/master [3ms]
2023-10-12 05:36:44.276 [info] > git status -z -uall [26ms]
2023-10-12 05:36:49.299 [info] > git config --get commit.template [10ms]
2023-10-12 05:36:49.302 [info] > git for-each-ref --format=%(refname)%00%(upstream:short)%00%(objectname)%00%(upstream:track)%00%(upstream:remotename)%00%(upstream:remoteref) refs/heads/master refs/remotes/master [3ms]
2023-10-12 05:36:49.335 [info] > git status -z -uall [26ms]
2023-10-12 05:36:54.376 [info] > git config --get commit.template [17ms]
2023-10-12 05:36:54.387 [info] > git for-each-ref --format=%(refname)%00%(upstream:short)%00%(objectname)%00%(upstream:track)%00%(upstream:remotename)%00%(upstream:remoteref) refs/heads/master refs/remotes/master [13ms]
2023-10-12 05:36:54.441 [info] > git status -z -uall [43ms]
2023-10-12 05:36:59.467 [info] > git config --get commit.template [10ms]
2023-10-12 05:36:59.473 [info] > git for-each-ref --format=%(refname)%00%(upstream:short)%00%(objectname)%00%(upstream:track)%00%(upstream:remotename)%00%(upstream:remoteref) refs/heads/master refs/remotes/master [8ms]
2023-10-12 05:36:59.542 [info] > git status -z -uall [59ms]
2023-10-12 05:37:04.567 [info] > git config --get commit.template [10ms]
2023-10-12 05:37:04.583 [info] > git for-each-ref --format=%(refname)%00%(upstream:short)%00%(objectname)%00%(upstream:track)%00%(upstream:remotename)%00%(upstream:remoteref) refs/heads/master refs/remotes/master [17ms]
2023-10-12 05:37:04.653 [info] > git status -z -uall [60ms]
2023-10-12 05:37:09.693 [info] > git config --get commit.template [23ms]
2023-10-12 05:37:09.703 [info] > git for-each-ref --format=%(refname)%00%(upstream:short)%00%(objectname)%00%(upstream:track)%00%(upstream:remotename)%00%(upstream:remoteref) refs/heads/master refs/remotes/master [12ms]
2023-10-12 05:37:09.754 [info] > git status -z -uall [40ms]
2023-10-12 05:37:14.782 [info] > git config --get commit.template [13ms]
2023-10-12 05:37:14.784 [info] > git for-each-ref --format=%(refname)%00%(upstream:short)%00%(objectname)%00%(upstream:track)%00%(upstream:remotename)%00%(upstream:remoteref) refs/heads/master refs/remotes/master [3ms]
2023-10-12 05:37:14.822 [info] > git status -z -uall [27ms]
2023-10-12 05:37:19.841 [info] > git config --get commit.template [9ms]
2023-10-12 05:37:19.845 [info] > git for-each-ref --format=%(refname)%00%(upstream:short)%00%(objectname)%00%(upstream:track)%00%(upstream:remotename)%00%(upstream:remoteref) refs/heads/master refs/remotes/master [5ms]
2023-10-12 05:37:19.887 [info] > git status -z -uall [35ms]
2023-10-12 05:37:24.920 [info] > git config --get commit.template [17ms]
2023-10-12 05:37:24.929 [info] > git for-each-ref --format=%(refname)%00%(upstream:short)%00%(objectname)%00%(upstream:track)%00%(upstream:remotename)%00%(upstream:remoteref) refs/heads/master refs/remotes/master [11ms]
2023-10-12 05:37:24.970 [info] > git status -z -uall [30ms]
2023-10-12 05:37:29.996 [info] > git config --get commit.template [12ms]
2023-10-12 05:37:29.997 [info] > git for-each-ref --format=%(refname)%00%(upstream:short)%00%(objectname)%00%(upstream:track)%00%(upstream:remotename)%00%(upstream:remoteref) refs/heads/master refs/remotes/master [3ms]
2023-10-12 05:37:30.044 [info] > git status -z -uall [36ms]
2023-10-12 05:37:35.071 [info] > git config --get commit.template [11ms]
2023-10-12 05:37:35.072 [info] > git for-each-ref --format=%(refname)%00%(upstream:short)%00%(objectname)%00%(upstream:track)%00%(upstream:remotename)%00%(upstream:remoteref) refs/heads/master refs/remotes/master [2ms]
2023-10-12 05:37:35.122 [info] > git status -z -uall [41ms]
2023-10-12 05:37:40.148 [info] > git config --get commit.template [13ms]
2023-10-12 05:37:40.154 [info] > git for-each-ref --format=%(refname)%00%(upstream:short)%00%(objectname)%00%(upstream:track)%00%(upstream:remotename)%00%(upstream:remoteref) refs/heads/master refs/remotes/master [7ms]
2023-10-12 05:37:40.204 [info] > git status -z -uall [37ms]
2023-10-12 05:37:45.245 [info] > git config --get commit.template [19ms]
2023-10-12 05:37:45.247 [info] > git for-each-ref --format=%(refname)%00%(upstream:short)%00%(objectname)%00%(upstream:track)%00%(upstream:remotename)%00%(upstream:remoteref) refs/heads/master refs/remotes/master [2ms]
2023-10-12 05:37:45.291 [info] > git status -z -uall [36ms]
2023-10-12 05:37:51.246 [info] > git config --get commit.template [14ms]
2023-10-12 05:37:51.252 [info] > git for-each-ref --format=%(refname)%00%(upstream:short)%00%(objectname)%00%(upstream:track)%00%(upstream:remotename)%00%(upstream:remoteref) refs/heads/master refs/remotes/master [7ms]
2023-10-12 05:37:51.307 [info] > git status -z -uall [50ms]
2023-10-12 05:38:26.255 [info] > git config --get commit.template [12ms]
2023-10-12 05:38:26.259 [info] > git for-each-ref --format=%(refname)%00%(upstream:short)%00%(objectname)%00%(upstream:track)%00%(upstream:remotename)%00%(upstream:remoteref) refs/heads/master refs/remotes/master [5ms]
2023-10-12 05:38:26.302 [info] > git status -z -uall [36ms]
2023-10-12 05:38:31.354 [info] > git config --get commit.template [28ms]
2023-10-12 05:38:31.362 [info] > git for-each-ref --format=%(refname)%00%(upstream:short)%00%(objectname)%00%(upstream:track)%00%(upstream:remotename)%00%(upstream:remoteref) refs/heads/master refs/remotes/master [15ms]
2023-10-12 05:38:31.459 [info] > git status -z -uall [79ms]
2023-10-12 05:38:36.520 [info] > git config --get commit.template [17ms]
2023-10-12 05:38:36.523 [info] > git for-each-ref --format=%(refname)%00%(upstream:short)%00%(objectname)%00%(upstream:track)%00%(upstream:remotename)%00%(upstream:remoteref) refs/heads/master refs/remotes/master [4ms]
2023-10-12 05:38:36.573 [info] > git status -z -uall [40ms]
2023-10-12 05:38:41.600 [info] > git config --get commit.template [12ms]
2023-10-12 05:38:41.606 [info] > git for-each-ref --format=%(refname)%00%(upstream:short)%00%(objectname)%00%(upstream:track)%00%(upstream:remotename)%00%(upstream:remoteref) refs/heads/master refs/remotes/master [7ms]
2023-10-12 05:38:41.661 [info] > git status -z -uall [42ms]
2023-10-12 05:38:46.687 [info] > git config --get commit.template [9ms]
2023-10-12 05:38:46.692 [info] > git for-each-ref --format=%(refname)%00%(upstream:short)%00%(objectname)%00%(upstream:track)%00%(upstream:remotename)%00%(upstream:remoteref) refs/heads/master refs/remotes/master [6ms]
2023-10-12 05:38:46.751 [info] > git status -z -uall [48ms]
2023-10-12 05:38:51.776 [info] > git config --get commit.template [10ms]
2023-10-12 05:38:51.777 [info] > git for-each-ref --format=%(refname)%00%(upstream:short)%00%(objectname)%00%(upstream:track)%00%(upstream:remotename)%00%(upstream:remoteref) refs/heads/master refs/remotes/master [2ms]
2023-10-12 05:38:51.823 [info] > git status -z -uall [37ms]
2023-10-12 05:38:56.850 [info] > git config --get commit.template [13ms]
2023-10-12 05:38:56.853 [info] > git for-each-ref --format=%(refname)%00%(upstream:short)%00%(objectname)%00%(upstream:track)%00%(upstream:remotename)%00%(upstream:remoteref) refs/heads/master refs/remotes/master [3ms]
2023-10-12 05:38:56.886 [info] > git status -z -uall [28ms]
2023-10-12 05:39:01.930 [info] > git config --get commit.template [16ms]
2023-10-12 05:39:01.949 [info] > git for-each-ref --format=%(refname)%00%(upstream:short)%00%(objectname)%00%(upstream:track)%00%(upstream:remotename)%00%(upstream:remoteref) refs/heads/master refs/remotes/master [20ms]
2023-10-12 05:39:02.022 [info] > git status -z -uall [59ms]
2023-10-12 05:39:07.065 [info] > git config --get commit.template [24ms]
2023-10-12 05:39:07.072 [info] > git for-each-ref --format=%(refname)%00%(upstream:short)%00%(objectname)%00%(upstream:track)%00%(upstream:remotename)%00%(upstream:remoteref) refs/heads/master refs/remotes/master [10ms]
2023-10-12 05:39:07.127 [info] > git status -z -uall [43ms]
2023-10-12 05:39:12.175 [info] > git config --get commit.template [26ms]
2023-10-12 05:39:12.176 [info] > git for-each-ref --format=%(refname)%00%(upstream:short)%00%(objectname)%00%(upstream:track)%00%(upstream:remotename)%00%(upstream:remoteref) refs/heads/master refs/remotes/master [1ms]
2023-10-12 05:39:12.245 [info] > git status -z -uall [51ms]
2023-10-12 05:39:17.277 [info] > git config --get commit.template [12ms]
2023-10-12 05:39:17.281 [info] > git for-each-ref --format=%(refname)%00%(upstream:short)%00%(objectname)%00%(upstream:track)%00%(upstream:remotename)%00%(upstream:remoteref) refs/heads/master refs/remotes/master [7ms]
2023-10-12 05:39:17.332 [info] > git status -z -uall [42ms]
2023-10-12 05:39:22.360 [info] > git config --get commit.template [12ms]
2023-10-12 05:39:22.361 [info] > git for-each-ref --format=%(refname)%00%(upstream:short)%00%(objectname)%00%(upstream:track)%00%(upstream:remotename)%00%(upstream:remoteref) refs/heads/master refs/remotes/master [2ms]
2023-10-12 05:39:22.403 [info] > git status -z -uall [35ms]
2023-10-12 05:39:27.426 [info] > git config --get commit.template [13ms]
2023-10-12 05:39:27.433 [info] > git for-each-ref --format=%(refname)%00%(upstream:short)%00%(objectname)%00%(upstream:track)%00%(upstream:remotename)%00%(upstream:remoteref) refs/heads/master refs/remotes/master [8ms]
2023-10-12 05:39:27.487 [info] > git status -z -uall [44ms]
2023-10-12 05:39:32.512 [info] > git config --get commit.template [11ms]
2023-10-12 05:39:32.514 [info] > git for-each-ref --format=%(refname)%00%(upstream:short)%00%(objectname)%00%(upstream:track)%00%(upstream:remotename)%00%(upstream:remoteref) refs/heads/master refs/remotes/master [3ms]
2023-10-12 05:39:32.566 [info] > git status -z -uall [41ms]
2023-10-12 05:39:37.590 [info] > git config --get commit.template [12ms]
2023-10-12 05:39:37.599 [info] > git for-each-ref --format=%(refname)%00%(upstream:short)%00%(objectname)%00%(upstream:track)%00%(upstream:remotename)%00%(upstream:remoteref) refs/heads/master refs/remotes/master [11ms]
2023-10-12 05:39:37.686 [info] > git status -z -uall [75ms]
2023-10-12 05:39:46.945 [info] > git config --get commit.template [61ms]
2023-10-12 05:39:46.954 [info] > git for-each-ref --format=%(refname)%00%(upstream:short)%00%(objectname)%00%(upstream:track)%00%(upstream:remotename)%00%(upstream:remoteref) refs/heads/master refs/remotes/master [10ms]
2023-10-12 05:39:47.013 [info] > git status -z -uall [45ms]
2023-10-12 05:39:52.051 [info] > git config --get commit.template [24ms]
2023-10-12 05:39:52.059 [info] > git for-each-ref --format=%(refname)%00%(upstream:short)%00%(objectname)%00%(upstream:track)%00%(upstream:remotename)%00%(upstream:remoteref) refs/heads/master refs/remotes/master [9ms]
2023-10-12 05:39:52.156 [info] > git status -z -uall [84ms]
2023-10-12 05:39:57.181 [info] > git config --get commit.template [12ms]
2023-10-12 05:39:57.183 [info] > git for-each-ref --format=%(refname)%00%(upstream:short)%00%(objectname)%00%(upstream:track)%00%(upstream:remotename)%00%(upstream:remoteref) refs/heads/master refs/remotes/master [3ms]
2023-10-12 05:39:57.220 [info] > git status -z -uall [30ms]
2023-10-12 05:40:02.255 [info] > git config --get commit.template [11ms]
2023-10-12 05:40:02.257 [info] > git for-each-ref --format=%(refname)%00%(upstream:short)%00%(objectname)%00%(upstream:track)%00%(upstream:remotename)%00%(upstream:remoteref) refs/heads/master refs/remotes/master [3ms]
2023-10-12 05:40:02.305 [info] > git status -z -uall [38ms]
2023-10-12 05:40:07.345 [info] > git config --get commit.template [21ms]
2023-10-12 05:40:07.348 [info] > git for-each-ref --format=%(refname)%00%(upstream:short)%00%(objectname)%00%(upstream:track)%00%(upstream:remotename)%00%(upstream:remoteref) refs/heads/master refs/remotes/master [4ms]
2023-10-12 05:40:07.407 [info] > git status -z -uall [47ms]
2023-10-12 05:40:12.435 [info] > git config --get commit.template [10ms]
2023-10-12 05:40:12.437 [info] > git for-each-ref --format=%(refname)%00%(upstream:short)%00%(objectname)%00%(upstream:track)%00%(upstream:remotename)%00%(upstream:remoteref) refs/heads/master refs/remotes/master [3ms]
2023-10-12 05:40:12.485 [info] > git status -z -uall [38ms]
2023-10-12 05:40:17.513 [info] > git config --get commit.template [12ms]
2023-10-12 05:40:17.520 [info] > git for-each-ref --format=%(refname)%00%(upstream:short)%00%(objectname)%00%(upstream:track)%00%(upstream:remotename)%00%(upstream:remoteref) refs/heads/master refs/remotes/master [8ms]
2023-10-12 05:40:17.567 [info] > git status -z -uall [38ms]
2023-10-12 05:40:22.597 [info] > git config --get commit.template [12ms]
2023-10-12 05:40:22.601 [info] > git for-each-ref --format=%(refname)%00%(upstream:short)%00%(objectname)%00%(upstream:track)%00%(upstream:remotename)%00%(upstream:remoteref) refs/heads/master refs/remotes/master [5ms]
2023-10-12 05:40:22.662 [info] > git status -z -uall [50ms]
2023-10-12 05:40:27.692 [info] > git config --get commit.template [16ms]
2023-10-12 05:40:27.695 [info] > git for-each-ref --format=%(refname)%00%(upstream:short)%00%(objectname)%00%(upstream:track)%00%(upstream:remotename)%00%(upstream:remoteref) refs/heads/master refs/remotes/master [5ms]
2023-10-12 05:40:27.751 [info] > git status -z -uall [47ms]
2023-10-12 05:40:32.784 [info] > git config --get commit.template [17ms]
2023-10-12 05:40:32.788 [info] > git for-each-ref --format=%(refname)%00%(upstream:short)%00%(objectname)%00%(upstream:track)%00%(upstream:remotename)%00%(upstream:remoteref) refs/heads/master refs/remotes/master [8ms]
2023-10-12 05:40:32.849 [info] > git status -z -uall [52ms]
2023-10-12 05:40:37.904 [info] > git config --get commit.template [34ms]
2023-10-12 05:40:37.905 [info] > git for-each-ref --format=%(refname)%00%(upstream:short)%00%(objectname)%00%(upstream:track)%00%(upstream:remotename)%00%(upstream:remoteref) refs/heads/master refs/remotes/master [3ms]
2023-10-12 05:40:37.963 [info] > git status -z -uall [45ms]
2023-10-12 05:40:42.988 [info] > git config --get commit.template [12ms]
2023-10-12 05:40:42.990 [info] > git for-each-ref --format=%(refname)%00%(upstream:short)%00%(objectname)%00%(upstream:track)%00%(upstream:remotename)%00%(upstream:remoteref) refs/heads/master refs/remotes/master [4ms]
2023-10-12 05:40:43.031 [info] > git status -z -uall [34ms]
2023-10-12 05:40:48.057 [info] > git config --get commit.template [13ms]
2023-10-12 05:40:48.059 [info] > git for-each-ref --format=%(refname)%00%(upstream:short)%00%(objectname)%00%(upstream:track)%00%(upstream:remotename)%00%(upstream:remoteref) refs/heads/master refs/remotes/master [7ms]
2023-10-12 05:40:48.102 [info] > git status -z -uall [35ms]
2023-10-12 05:40:53.143 [info] > git config --get commit.template [22ms]
2023-10-12 05:40:53.163 [info] > git for-each-ref --format=%(refname)%00%(upstream:short)%00%(objectname)%00%(upstream:track)%00%(upstream:remotename)%00%(upstream:remoteref) refs/heads/master refs/remotes/master [20ms]
2023-10-12 05:40:53.214 [info] > git status -z -uall [37ms]
2023-10-12 05:41:23.604 [info] > git config --get commit.template [14ms]
2023-10-12 05:41:23.608 [info] > git for-each-ref --format=%(refname)%00%(upstream:short)%00%(objectname)%00%(upstream:track)%00%(upstream:remotename)%00%(upstream:remoteref) refs/heads/master refs/remotes/master [6ms]
2023-10-12 05:41:23.669 [info] > git status -z -uall [50ms]
2023-10-12 05:41:28.703 [info] > git config --get commit.template [20ms]
2023-10-12 05:41:28.711 [info] > git for-each-ref --format=%(refname)%00%(upstream:short)%00%(objectname)%00%(upstream:track)%00%(upstream:remotename)%00%(upstream:remoteref) refs/heads/master refs/remotes/master [9ms]
2023-10-12 05:41:28.761 [info] > git status -z -uall [37ms]
2023-10-12 07:22:33.838 [info] > git config --get commit.template [14ms]
2023-10-12 07:22:33.840 [info] > git for-each-ref --format=%(refname)%00%(upstream:short)%00%(objectname)%00%(upstream:track)%00%(upstream:remotename)%00%(upstream:remoteref) refs/heads/master refs/remotes/master [3ms]
2023-10-12 07:22:33.897 [info] > git status -z -uall [45ms]
2023-10-12 07:22:38.933 [info] > git config --get commit.template [18ms]
2023-10-12 07:22:38.945 [info] > git for-each-ref --format=%(refname)%00%(upstream:short)%00%(objectname)%00%(upstream:track)%00%(upstream:remotename)%00%(upstream:remoteref) refs/heads/master refs/remotes/master [14ms]
2023-10-12 07:22:39.008 [info] > git status -z -uall [52ms]
2023-10-12 07:22:44.055 [info] > git config --get commit.template [15ms]
2023-10-12 07:22:44.065 [info] > git for-each-ref --format=%(refname)%00%(upstream:short)%00%(objectname)%00%(upstream:track)%00%(upstream:remotename)%00%(upstream:remoteref) refs/heads/master refs/remotes/master [10ms]
2023-10-12 07:22:44.114 [info] > git status -z -uall [41ms]
2023-10-12 07:22:49.136 [info] > git config --get commit.template [10ms]
2023-10-12 07:22:49.140 [info] > git for-each-ref --format=%(refname)%00%(upstream:short)%00%(objectname)%00%(upstream:track)%00%(upstream:remotename)%00%(upstream:remoteref) refs/heads/master refs/remotes/master [5ms]
2023-10-12 07:22:49.197 [info] > git status -z -uall [48ms]
2023-10-12 07:22:54.236 [info] > git config --get commit.template [12ms]
2023-10-12 07:22:54.240 [info] > git for-each-ref --format=%(refname)%00%(upstream:short)%00%(objectname)%00%(upstream:track)%00%(upstream:remotename)%00%(upstream:remoteref) refs/heads/master refs/remotes/master [6ms]
2023-10-12 07:22:54.278 [info] > git status -z -uall [30ms]
2023-10-12 07:22:59.320 [info] > git config --get commit.template [20ms]
2023-10-12 07:22:59.327 [info] > git for-each-ref --format=%(refname)%00%(upstream:short)%00%(objectname)%00%(upstream:track)%00%(upstream:remotename)%00%(upstream:remoteref) refs/heads/master refs/remotes/master [8ms]
2023-10-12 07:22:59.385 [info] > git status -z -uall [44ms]
2023-10-12 07:23:04.358 [info] > git show --textconv :cm-key-to-env.yaml [8ms]
2023-10-12 07:23:04.365 [info] > git ls-files --stage -- /home/vagrant/cm-key-to-env.yaml [6ms]
2023-10-12 07:23:04.410 [info] > git config --get commit.template [9ms]
2023-10-12 07:23:04.414 [info] > git for-each-ref --format=%(refname)%00%(upstream:short)%00%(objectname)%00%(upstream:track)%00%(upstream:remotename)%00%(upstream:remoteref) refs/heads/master refs/remotes/master [4ms]
2023-10-12 07:23:04.450 [info] > git status -z -uall [27ms]
2023-10-12 07:23:04.633 [info] > git check-ignore -v -z --stdin [8ms]
2023-10-12 07:23:09.474 [info] > git config --get commit.template [11ms]
2023-10-12 07:23:09.479 [info] > git for-each-ref --format=%(refname)%00%(upstream:short)%00%(objectname)%00%(upstream:track)%00%(upstream:remotename)%00%(upstream:remoteref) refs/heads/master refs/remotes/master [5ms]
2023-10-12 07:23:09.523 [info] > git status -z -uall [36ms]
2023-10-12 07:23:14.559 [info] > git config --get commit.template [18ms]
2023-10-12 07:23:14.562 [info] > git for-each-ref --format=%(refname)%00%(upstream:short)%00%(objectname)%00%(upstream:track)%00%(upstream:remotename)%00%(upstream:remoteref) refs/heads/master refs/remotes/master [3ms]
2023-10-12 07:23:14.621 [info] > git status -z -uall [49ms]
2023-10-12 07:23:19.653 [info] > git config --get commit.template [17ms]
2023-10-12 07:23:19.655 [info] > git for-each-ref --format=%(refname)%00%(upstream:short)%00%(objectname)%00%(upstream:track)%00%(upstream:remotename)%00%(upstream:remoteref) refs/heads/master refs/remotes/master [3ms]
2023-10-12 07:23:19.697 [info] > git status -z -uall [32ms]
2023-10-12 07:23:24.727 [info] > git config --get commit.template [17ms]
2023-10-12 07:23:24.731 [info] > git for-each-ref --format=%(refname)%00%(upstream:short)%00%(objectname)%00%(upstream:track)%00%(upstream:remotename)%00%(upstream:remoteref) refs/heads/master refs/remotes/master [6ms]
2023-10-12 07:23:24.777 [info] > git status -z -uall [36ms]
2023-10-12 07:23:29.809 [info] > git config --get commit.template [18ms]
2023-10-12 07:23:29.818 [info] > git for-each-ref --format=%(refname)%00%(upstream:short)%00%(objectname)%00%(upstream:track)%00%(upstream:remotename)%00%(upstream:remoteref) refs/heads/master refs/remotes/master [12ms]
2023-10-12 07:23:29.891 [info] > git status -z -uall [59ms]
2023-10-12 07:23:34.927 [info] > git config --get commit.template [23ms]
2023-10-12 07:23:34.932 [info] > git for-each-ref --format=%(refname)%00%(upstream:short)%00%(objectname)%00%(upstream:track)%00%(upstream:remotename)%00%(upstream:remoteref) refs/heads/master refs/remotes/master [8ms]
2023-10-12 07:23:35.008 [info] > git status -z -uall [58ms]
2023-10-12 07:23:40.039 [info] > git config --get commit.template [13ms]
2023-10-12 07:23:40.046 [info] > git for-each-ref --format=%(refname)%00%(upstream:short)%00%(objectname)%00%(upstream:track)%00%(upstream:remotename)%00%(upstream:remoteref) refs/heads/master refs/remotes/master [7ms]
2023-10-12 07:23:40.101 [info] > git status -z -uall [44ms]
2023-10-12 07:23:45.124 [info] > git config --get commit.template [9ms]
2023-10-12 07:23:45.128 [info] > git for-each-ref --format=%(refname)%00%(upstream:short)%00%(objectname)%00%(upstream:track)%00%(upstream:remotename)%00%(upstream:remoteref) refs/heads/master refs/remotes/master [4ms]
2023-10-12 07:23:45.174 [info] > git status -z -uall [39ms]
2023-10-12 07:23:50.202 [info] > git config --get commit.template [17ms]
2023-10-12 07:23:50.206 [info] > git for-each-ref --format=%(refname)%00%(upstream:short)%00%(objectname)%00%(upstream:track)%00%(upstream:remotename)%00%(upstream:remoteref) refs/heads/master refs/remotes/master [6ms]
2023-10-12 07:23:50.256 [info] > git status -z -uall [38ms]
2023-10-12 07:23:55.282 [info] > git config --get commit.template [13ms]
2023-10-12 07:23:55.289 [info] > git for-each-ref --format=%(refname)%00%(upstream:short)%00%(objectname)%00%(upstream:track)%00%(upstream:remotename)%00%(upstream:remoteref) refs/heads/master refs/remotes/master [9ms]
2023-10-12 07:23:55.330 [info] > git status -z -uall [31ms]
2023-10-12 07:24:00.354 [info] > git config --get commit.template [9ms]
2023-10-12 07:24:00.359 [info] > git for-each-ref --format=%(refname)%00%(upstream:short)%00%(objectname)%00%(upstream:track)%00%(upstream:remotename)%00%(upstream:remoteref) refs/heads/master refs/remotes/master [5ms]
2023-10-12 07:24:00.426 [info] > git status -z -uall [53ms]
2023-10-12 07:24:05.452 [info] > git config --get commit.template [12ms]
2023-10-12 07:24:05.458 [info] > git for-each-ref --format=%(refname)%00%(upstream:short)%00%(objectname)%00%(upstream:track)%00%(upstream:remotename)%00%(upstream:remoteref) refs/heads/master refs/remotes/master [6ms]
2023-10-12 07:24:05.512 [info] > git status -z -uall [45ms]
2023-10-12 07:24:10.543 [info] > git config --get commit.template [19ms]
2023-10-12 07:24:10.553 [info] > git for-each-ref --format=%(refname)%00%(upstream:short)%00%(objectname)%00%(upstream:track)%00%(upstream:remotename)%00%(upstream:remoteref) refs/heads/master refs/remotes/master [12ms]
2023-10-12 07:24:10.602 [info] > git status -z -uall [35ms]
2023-10-12 07:24:15.639 [info] > git config --get commit.template [17ms]
2023-10-12 07:24:15.642 [info] > git for-each-ref --format=%(refname)%00%(upstream:short)%00%(objectname)%00%(upstream:track)%00%(upstream:remotename)%00%(upstream:remoteref) refs/heads/master refs/remotes/master [4ms]
2023-10-12 07:24:15.706 [info] > git status -z -uall [56ms]
2023-10-12 07:24:20.729 [info] > git config --get commit.template [11ms]
2023-10-12 07:24:20.736 [info] > git for-each-ref --format=%(refname)%00%(upstream:short)%00%(objectname)%00%(upstream:track)%00%(upstream:remotename)%00%(upstream:remoteref) refs/heads/master refs/remotes/master [8ms]
2023-10-12 07:24:20.792 [info] > git status -z -uall [44ms]
2023-10-12 07:24:25.835 [info] > git config --get commit.template [16ms]
2023-10-12 07:24:25.837 [info] > git for-each-ref --format=%(refname)%00%(upstream:short)%00%(objectname)%00%(upstream:track)%00%(upstream:remotename)%00%(upstream:remoteref) refs/heads/master refs/remotes/master [3ms]
2023-10-12 07:24:25.896 [info] > git status -z -uall [45ms]
2023-10-12 07:24:30.953 [info] > git config --get commit.template [23ms]
2023-10-12 07:24:30.961 [info] > git for-each-ref --format=%(refname)%00%(upstream:short)%00%(objectname)%00%(upstream:track)%00%(upstream:remotename)%00%(upstream:remoteref) refs/heads/master refs/remotes/master [9ms]
2023-10-12 07:24:31.020 [info] > git status -z -uall [49ms]
2023-10-12 07:24:36.055 [info] > git config --get commit.template [14ms]
2023-10-12 07:24:36.058 [info] > git for-each-ref --format=%(refname)%00%(upstream:short)%00%(objectname)%00%(upstream:track)%00%(upstream:remotename)%00%(upstream:remoteref) refs/heads/master refs/remotes/master [4ms]
2023-10-12 07:24:36.094 [info] > git status -z -uall [26ms]
2023-10-12 07:24:41.113 [info] > git config --get commit.template [8ms]
2023-10-12 07:24:41.119 [info] > git for-each-ref --format=%(refname)%00%(upstream:short)%00%(objectname)%00%(upstream:track)%00%(upstream:remotename)%00%(upstream:remoteref) refs/heads/master refs/remotes/master [8ms]
2023-10-12 07:24:41.167 [info] > git status -z -uall [37ms]
2023-10-12 07:24:46.198 [info] > git config --get commit.template [12ms]
2023-10-12 07:24:46.202 [info] > git for-each-ref --format=%(refname)%00%(upstream:short)%00%(objectname)%00%(upstream:track)%00%(upstream:remotename)%00%(upstream:remoteref) refs/heads/master refs/remotes/master [6ms]
2023-10-12 07:24:46.240 [info] > git status -z -uall [28ms]
2023-10-12 07:24:51.268 [info] > git config --get commit.template [9ms]
2023-10-12 07:24:51.273 [info] > git for-each-ref --format=%(refname)%00%(upstream:short)%00%(objectname)%00%(upstream:track)%00%(upstream:remotename)%00%(upstream:remoteref) refs/heads/master refs/remotes/master [6ms]
2023-10-12 07:24:51.327 [info] > git status -z -uall [45ms]
2023-10-12 07:24:55.355 [info] > git show --textconv :cm-to-env-all.yaml [8ms]
2023-10-12 07:24:55.361 [info] > git ls-files --stage -- /home/vagrant/cm-to-env-all.yaml [6ms]
2023-10-12 07:24:55.621 [info] > git check-ignore -v -z --stdin [6ms]
2023-10-12 07:24:56.375 [info] > git config --get commit.template [21ms]
2023-10-12 07:24:56.384 [info] > git for-each-ref --format=%(refname)%00%(upstream:short)%00%(objectname)%00%(upstream:track)%00%(upstream:remotename)%00%(upstream:remoteref) refs/heads/master refs/remotes/master [11ms]
2023-10-12 07:24:56.443 [info] > git status -z -uall [43ms]
2023-10-12 07:25:01.472 [info] > git config --get commit.template [14ms]
2023-10-12 07:25:01.476 [info] > git for-each-ref --format=%(refname)%00%(upstream:short)%00%(objectname)%00%(upstream:track)%00%(upstream:remotename)%00%(upstream:remoteref) refs/heads/master refs/remotes/master [6ms]
2023-10-12 07:25:01.522 [info] > git status -z -uall [39ms]
2023-10-12 07:25:06.560 [info] > git config --get commit.template [14ms]
2023-10-12 07:25:06.566 [info] > git for-each-ref --format=%(refname)%00%(upstream:short)%00%(objectname)%00%(upstream:track)%00%(upstream:remotename)%00%(upstream:remoteref) refs/heads/master refs/remotes/master [11ms]
2023-10-12 07:25:06.640 [info] > git status -z -uall [53ms]
2023-10-12 07:25:11.665 [info] > git config --get commit.template [11ms]
2023-10-12 07:25:11.669 [info] > git for-each-ref --format=%(refname)%00%(upstream:short)%00%(objectname)%00%(upstream:track)%00%(upstream:remotename)%00%(upstream:remoteref) refs/heads/master refs/remotes/master [5ms]
2023-10-12 07:25:11.707 [info] > git status -z -uall [31ms]
2023-10-12 07:25:16.752 [info] > git config --get commit.template [21ms]
2023-10-12 07:25:16.753 [info] > git for-each-ref --format=%(refname)%00%(upstream:short)%00%(objectname)%00%(upstream:track)%00%(upstream:remotename)%00%(upstream:remoteref) refs/heads/master refs/remotes/master [9ms]
2023-10-12 07:25:16.788 [info] > git status -z -uall [25ms]
2023-10-12 07:25:45.562 [info] > git config --get commit.template [12ms]
2023-10-12 07:25:45.566 [info] > git for-each-ref --format=%(refname)%00%(upstream:short)%00%(objectname)%00%(upstream:track)%00%(upstream:remotename)%00%(upstream:remoteref) refs/heads/master refs/remotes/master [5ms]
2023-10-12 07:25:45.657 [info] > git status -z -uall [72ms]
2023-10-12 07:25:50.687 [info] > git config --get commit.template [13ms]
2023-10-12 07:25:50.690 [info] > git for-each-ref --format=%(refname)%00%(upstream:short)%00%(objectname)%00%(upstream:track)%00%(upstream:remotename)%00%(upstream:remoteref) refs/heads/master refs/remotes/master [4ms]
2023-10-12 07:25:50.728 [info] > git status -z -uall [29ms]
2023-10-12 07:25:55.760 [info] > git config --get commit.template [10ms]
2023-10-12 07:25:55.765 [info] > git for-each-ref --format=%(refname)%00%(upstream:short)%00%(objectname)%00%(upstream:track)%00%(upstream:remotename)%00%(upstream:remoteref) refs/heads/master refs/remotes/master [6ms]
2023-10-12 07:25:55.822 [info] > git status -z -uall [40ms]
2023-10-12 07:26:00.851 [info] > git config --get commit.template [14ms]
2023-10-12 07:26:00.859 [info] > git for-each-ref --format=%(refname)%00%(upstream:short)%00%(objectname)%00%(upstream:track)%00%(upstream:remotename)%00%(upstream:remoteref) refs/heads/master refs/remotes/master [7ms]
2023-10-12 07:26:00.913 [info] > git status -z -uall [35ms]
2023-10-12 07:26:05.948 [info] > git config --get commit.template [16ms]
2023-10-12 07:26:05.950 [info] > git for-each-ref --format=%(refname)%00%(upstream:short)%00%(objectname)%00%(upstream:track)%00%(upstream:remotename)%00%(upstream:remoteref) refs/heads/master refs/remotes/master [5ms]
2023-10-12 07:26:06.013 [info] > git status -z -uall [54ms]
2023-10-12 07:26:11.037 [info] > git config --get commit.template [11ms]
2023-10-12 07:26:11.050 [info] > git for-each-ref --format=%(refname)%00%(upstream:short)%00%(objectname)%00%(upstream:track)%00%(upstream:remotename)%00%(upstream:remoteref) refs/heads/master refs/remotes/master [14ms]
2023-10-12 07:26:11.108 [info] > git status -z -uall [45ms]
2023-10-12 07:26:16.144 [info] > git config --get commit.template [17ms]
2023-10-12 07:26:16.147 [info] > git for-each-ref --format=%(refname)%00%(upstream:short)%00%(objectname)%00%(upstream:track)%00%(upstream:remotename)%00%(upstream:remoteref) refs/heads/master refs/remotes/master [4ms]
2023-10-12 07:26:16.193 [info] > git status -z -uall [38ms]
2023-10-12 07:26:21.217 [info] > git config --get commit.template [10ms]
2023-10-12 07:26:21.222 [info] > git for-each-ref --format=%(refname)%00%(upstream:short)%00%(objectname)%00%(upstream:track)%00%(upstream:remotename)%00%(upstream:remoteref) refs/heads/master refs/remotes/master [7ms]
2023-10-12 07:26:21.267 [info] > git status -z -uall [31ms]
2023-10-12 07:26:26.290 [info] > git config --get commit.template [8ms]
2023-10-12 07:26:26.293 [info] > git for-each-ref --format=%(refname)%00%(upstream:short)%00%(objectname)%00%(upstream:track)%00%(upstream:remotename)%00%(upstream:remoteref) refs/heads/master refs/remotes/master [5ms]
2023-10-12 07:26:26.352 [info] > git status -z -uall [45ms]
2023-10-12 07:26:31.393 [info] > git config --get commit.template [16ms]
2023-10-12 07:26:31.405 [info] > git for-each-ref --format=%(refname)%00%(upstream:short)%00%(objectname)%00%(upstream:track)%00%(upstream:remotename)%00%(upstream:remoteref) refs/heads/master refs/remotes/master [15ms]
2023-10-12 07:26:31.487 [info] > git status -z -uall [64ms]
2023-10-12 07:26:36.516 [info] > git config --get commit.template [11ms]
2023-10-12 07:26:36.524 [info] > git for-each-ref --format=%(refname)%00%(upstream:short)%00%(objectname)%00%(upstream:track)%00%(upstream:remotename)%00%(upstream:remoteref) refs/heads/master refs/remotes/master [8ms]
2023-10-12 07:26:36.580 [info] > git status -z -uall [43ms]
2023-10-12 07:26:41.609 [info] > git config --get commit.template [10ms]
2023-10-12 07:26:41.615 [info] > git for-each-ref --format=%(refname)%00%(upstream:short)%00%(objectname)%00%(upstream:track)%00%(upstream:remotename)%00%(upstream:remoteref) refs/heads/master refs/remotes/master [7ms]
2023-10-12 07:26:41.655 [info] > git status -z -uall [32ms]
2023-10-12 07:26:46.681 [info] > git config --get commit.template [11ms]
2023-10-12 07:26:46.682 [info] > git for-each-ref --format=%(refname)%00%(upstream:short)%00%(objectname)%00%(upstream:track)%00%(upstream:remotename)%00%(upstream:remoteref) refs/heads/master refs/remotes/master [2ms]
2023-10-12 07:26:46.744 [info] > git status -z -uall [51ms]
2023-10-12 07:26:51.775 [info] > git config --get commit.template [15ms]
2023-10-12 07:26:51.776 [info] > git for-each-ref --format=%(refname)%00%(upstream:short)%00%(objectname)%00%(upstream:track)%00%(upstream:remotename)%00%(upstream:remoteref) refs/heads/master refs/remotes/master [3ms]
2023-10-12 07:26:51.836 [info] > git status -z -uall [50ms]
2023-10-12 07:26:56.861 [info] > git config --get commit.template [14ms]
2023-10-12 07:26:56.865 [info] > git for-each-ref --format=%(refname)%00%(upstream:short)%00%(objectname)%00%(upstream:track)%00%(upstream:remotename)%00%(upstream:remoteref) refs/heads/master refs/remotes/master [4ms]
2023-10-12 07:26:56.910 [info] > git status -z -uall [38ms]
2023-10-12 07:27:01.947 [info] > git config --get commit.template [6ms]
2023-10-12 07:27:01.971 [info] > git for-each-ref --format=%(refname)%00%(upstream:short)%00%(objectname)%00%(upstream:track)%00%(upstream:remotename)%00%(upstream:remoteref) refs/heads/master refs/remotes/master [6ms]
2023-10-12 07:27:02.080 [info] > git status -z -uall [77ms]
2023-10-12 07:27:07.111 [info] > git config --get commit.template [13ms]
2023-10-12 07:27:07.113 [info] > git for-each-ref --format=%(refname)%00%(upstream:short)%00%(objectname)%00%(upstream:track)%00%(upstream:remotename)%00%(upstream:remoteref) refs/heads/master refs/remotes/master [3ms]
2023-10-12 07:27:07.168 [info] > git status -z -uall [47ms]
2023-10-12 07:27:12.198 [info] > git config --get commit.template [14ms]
2023-10-12 07:27:12.204 [info] > git for-each-ref --format=%(refname)%00%(upstream:short)%00%(objectname)%00%(upstream:track)%00%(upstream:remotename)%00%(upstream:remoteref) refs/heads/master refs/remotes/master [8ms]
2023-10-12 07:27:12.272 [info] > git status -z -uall [52ms]
2023-10-12 07:27:17.302 [info] > git config --get commit.template [14ms]
2023-10-12 07:27:17.305 [info] > git for-each-ref --format=%(refname)%00%(upstream:short)%00%(objectname)%00%(upstream:track)%00%(upstream:remotename)%00%(upstream:remoteref) refs/heads/master refs/remotes/master [6ms]
2023-10-12 07:27:17.352 [info] > git status -z -uall [39ms]
2023-10-12 07:27:22.389 [info] > git config --get commit.template [16ms]
2023-10-12 07:27:22.392 [info] > git for-each-ref --format=%(refname)%00%(upstream:short)%00%(objectname)%00%(upstream:track)%00%(upstream:remotename)%00%(upstream:remoteref) refs/heads/master refs/remotes/master [4ms]
2023-10-12 07:27:22.436 [info] > git status -z -uall [32ms]
2023-10-12 07:27:27.475 [info] > git config --get commit.template [16ms]
2023-10-12 07:27:27.484 [info] > git for-each-ref --format=%(refname)%00%(upstream:short)%00%(objectname)%00%(upstream:track)%00%(upstream:remotename)%00%(upstream:remoteref) refs/heads/master refs/remotes/master [10ms]
2023-10-12 07:27:27.532 [info] > git status -z -uall [38ms]
2023-10-12 07:27:32.552 [info] > git config --get commit.template [8ms]
2023-10-12 07:27:32.556 [info] > git for-each-ref --format=%(refname)%00%(upstream:short)%00%(objectname)%00%(upstream:track)%00%(upstream:remotename)%00%(upstream:remoteref) refs/heads/master refs/remotes/master [5ms]
2023-10-12 07:27:32.596 [info] > git status -z -uall [32ms]
2023-10-12 07:27:37.624 [info] > git config --get commit.template [16ms]
2023-10-12 07:27:37.626 [info] > git for-each-ref --format=%(refname)%00%(upstream:short)%00%(objectname)%00%(upstream:track)%00%(upstream:remotename)%00%(upstream:remoteref) refs/heads/master refs/remotes/master [3ms]
2023-10-12 07:27:37.682 [info] > git status -z -uall [48ms]
2023-10-12 07:27:42.711 [info] > git config --get commit.template [11ms]
2023-10-12 07:27:42.712 [info] > git for-each-ref --format=%(refname)%00%(upstream:short)%00%(objectname)%00%(upstream:track)%00%(upstream:remotename)%00%(upstream:remoteref) refs/heads/master refs/remotes/master [3ms]
2023-10-12 07:27:42.750 [info] > git status -z -uall [30ms]
2023-10-12 07:27:47.774 [info] > git config --get commit.template [11ms]
2023-10-12 07:27:47.777 [info] > git for-each-ref --format=%(refname)%00%(upstream:short)%00%(objectname)%00%(upstream:track)%00%(upstream:remotename)%00%(upstream:remoteref) refs/heads/master refs/remotes/master [5ms]
2023-10-12 07:27:47.819 [info] > git status -z -uall [33ms]
2023-10-12 07:27:52.841 [info] > git config --get commit.template [12ms]
2023-10-12 07:27:52.843 [info] > git for-each-ref --format=%(refname)%00%(upstream:short)%00%(objectname)%00%(upstream:track)%00%(upstream:remotename)%00%(upstream:remoteref) refs/heads/master refs/remotes/master [3ms]
2023-10-12 07:27:52.879 [info] > git status -z -uall [27ms]
2023-10-12 07:27:57.910 [info] > git config --get commit.template [11ms]
2023-10-12 07:27:57.913 [info] > git for-each-ref --format=%(refname)%00%(upstream:short)%00%(objectname)%00%(upstream:track)%00%(upstream:remotename)%00%(upstream:remoteref) refs/heads/master refs/remotes/master [4ms]
2023-10-12 07:27:57.947 [info] > git status -z -uall [26ms]
2023-10-12 07:28:02.972 [info] > git config --get commit.template [10ms]
2023-10-12 07:28:02.980 [info] > git for-each-ref --format=%(refname)%00%(upstream:short)%00%(objectname)%00%(upstream:track)%00%(upstream:remotename)%00%(upstream:remoteref) refs/heads/master refs/remotes/master [9ms]
2023-10-12 07:28:03.020 [info] > git status -z -uall [28ms]
2023-10-12 07:28:08.044 [info] > git config --get commit.template [10ms]
2023-10-12 07:28:08.052 [info] > git for-each-ref --format=%(refname)%00%(upstream:short)%00%(objectname)%00%(upstream:track)%00%(upstream:remotename)%00%(upstream:remoteref) refs/heads/master refs/remotes/master [10ms]
2023-10-12 07:28:08.087 [info] > git status -z -uall [25ms]
2023-10-12 07:28:13.113 [info] > git config --get commit.template [15ms]
2023-10-12 07:28:13.119 [info] > git for-each-ref --format=%(refname)%00%(upstream:short)%00%(objectname)%00%(upstream:track)%00%(upstream:remotename)%00%(upstream:remoteref) refs/heads/master refs/remotes/master [8ms]
2023-10-12 07:28:13.155 [info] > git status -z -uall [28ms]
2023-10-12 07:28:18.184 [info] > git config --get commit.template [10ms]
2023-10-12 07:28:18.189 [info] > git for-each-ref --format=%(refname)%00%(upstream:short)%00%(objectname)%00%(upstream:track)%00%(upstream:remotename)%00%(upstream:remoteref) refs/heads/master refs/remotes/master [6ms]
2023-10-12 07:28:18.247 [info] > git status -z -uall [48ms]
2023-10-12 07:28:23.282 [info] > git config --get commit.template [18ms]
2023-10-12 07:28:23.283 [info] > git for-each-ref --format=%(refname)%00%(upstream:short)%00%(objectname)%00%(upstream:track)%00%(upstream:remotename)%00%(upstream:remoteref) refs/heads/master refs/remotes/master [2ms]
2023-10-12 07:28:23.327 [info] > git status -z -uall [34ms]
2023-10-12 07:29:29.121 [info] > git config --get commit.template [12ms]
2023-10-12 07:29:29.125 [info] > git for-each-ref --format=%(refname)%00%(upstream:short)%00%(objectname)%00%(upstream:track)%00%(upstream:remotename)%00%(upstream:remoteref) refs/heads/master refs/remotes/master [5ms]
2023-10-12 07:29:29.169 [info] > git status -z -uall [38ms]
2023-10-12 07:29:34.196 [info] > git config --get commit.template [14ms]
2023-10-12 07:29:34.199 [info] > git for-each-ref --format=%(refname)%00%(upstream:short)%00%(objectname)%00%(upstream:track)%00%(upstream:remotename)%00%(upstream:remoteref) refs/heads/master refs/remotes/master [3ms]
2023-10-12 07:29:34.278 [info] > git status -z -uall [69ms]
2023-10-12 07:29:39.319 [info] > git config --get commit.template [9ms]
2023-10-12 07:29:39.321 [info] > git for-each-ref --format=%(refname)%00%(upstream:short)%00%(objectname)%00%(upstream:track)%00%(upstream:remotename)%00%(upstream:remoteref) refs/heads/master refs/remotes/master [3ms]
2023-10-12 07:29:39.363 [info] > git status -z -uall [33ms]
2023-10-12 07:29:44.388 [info] > git config --get commit.template [13ms]
2023-10-12 07:29:44.391 [info] > git for-each-ref --format=%(refname)%00%(upstream:short)%00%(objectname)%00%(upstream:track)%00%(upstream:remotename)%00%(upstream:remoteref) refs/heads/master refs/remotes/master [5ms]
2023-10-12 07:29:44.440 [info] > git status -z -uall [38ms]
2023-10-12 07:29:49.479 [info] > git config --get commit.template [26ms]
2023-10-12 07:29:49.488 [info] > git for-each-ref --format=%(refname)%00%(upstream:short)%00%(objectname)%00%(upstream:track)%00%(upstream:remotename)%00%(upstream:remoteref) refs/heads/master refs/remotes/master [14ms]
2023-10-12 07:29:49.529 [info] > git status -z -uall [29ms]
2023-10-12 07:31:46.929 [info] > git config --get commit.template [16ms]
2023-10-12 07:31:46.934 [info] > git for-each-ref --format=%(refname)%00%(upstream:short)%00%(objectname)%00%(upstream:track)%00%(upstream:remotename)%00%(upstream:remoteref) refs/heads/master refs/remotes/master [6ms]
2023-10-12 07:31:46.975 [info] > git status -z -uall [31ms]
2023-10-12 07:31:52.024 [info] > git config --get commit.template [25ms]
2023-10-12 07:31:52.030 [info] > git for-each-ref --format=%(refname)%00%(upstream:short)%00%(objectname)%00%(upstream:track)%00%(upstream:remotename)%00%(upstream:remoteref) refs/heads/master refs/remotes/master [7ms]
2023-10-12 07:31:52.099 [info] > git status -z -uall [45ms]
2023-10-12 07:31:57.119 [info] > git config --get commit.template [9ms]
2023-10-12 07:31:57.123 [info] > git for-each-ref --format=%(refname)%00%(upstream:short)%00%(objectname)%00%(upstream:track)%00%(upstream:remotename)%00%(upstream:remoteref) refs/heads/master refs/remotes/master [5ms]
2023-10-12 07:31:57.180 [info] > git status -z -uall [48ms]
2023-10-12 07:32:02.224 [info] > git config --get commit.template [16ms]
2023-10-12 07:32:02.227 [info] > git for-each-ref --format=%(refname)%00%(upstream:short)%00%(objectname)%00%(upstream:track)%00%(upstream:remotename)%00%(upstream:remoteref) refs/heads/master refs/remotes/master [4ms]
2023-10-12 07:32:02.292 [info] > git status -z -uall [58ms]
2023-10-12 07:32:07.326 [info] > git config --get commit.template [19ms]
2023-10-12 07:32:07.330 [info] > git for-each-ref --format=%(refname)%00%(upstream:short)%00%(objectname)%00%(upstream:track)%00%(upstream:remotename)%00%(upstream:remoteref) refs/heads/master refs/remotes/master [4ms]
2023-10-12 07:32:07.369 [info] > git status -z -uall [29ms]
2023-10-12 07:32:12.401 [info] > git config --get commit.template [15ms]
2023-10-12 07:32:12.406 [info] > git for-each-ref --format=%(refname)%00%(upstream:short)%00%(objectname)%00%(upstream:track)%00%(upstream:remotename)%00%(upstream:remoteref) refs/heads/master refs/remotes/master [8ms]
2023-10-12 07:32:12.469 [info] > git status -z -uall [42ms]
2023-10-12 07:32:33.604 [info] > git config --get commit.template [13ms]
2023-10-12 07:32:33.605 [info] > git for-each-ref --format=%(refname)%00%(upstream:short)%00%(objectname)%00%(upstream:track)%00%(upstream:remotename)%00%(upstream:remoteref) refs/heads/master refs/remotes/master [2ms]
2023-10-12 07:32:33.651 [info] > git status -z -uall [38ms]
2023-10-12 07:32:38.689 [info] > git config --get commit.template [14ms]
2023-10-12 07:32:38.693 [info] > git for-each-ref --format=%(refname)%00%(upstream:short)%00%(objectname)%00%(upstream:track)%00%(upstream:remotename)%00%(upstream:remoteref) refs/heads/master refs/remotes/master [5ms]
2023-10-12 07:32:38.749 [info] > git status -z -uall [47ms]
2023-10-12 07:32:43.792 [info] > git config --get commit.template [23ms]
2023-10-12 07:32:43.795 [info] > git for-each-ref --format=%(refname)%00%(upstream:short)%00%(objectname)%00%(upstream:track)%00%(upstream:remotename)%00%(upstream:remoteref) refs/heads/master refs/remotes/master [5ms]
2023-10-12 07:32:43.842 [info] > git status -z -uall [31ms]
2023-10-12 07:32:48.878 [info] > git config --get commit.template [13ms]
2023-10-12 07:32:48.881 [info] > git for-each-ref --format=%(refname)%00%(upstream:short)%00%(objectname)%00%(upstream:track)%00%(upstream:remotename)%00%(upstream:remoteref) refs/heads/master refs/remotes/master [4ms]
2023-10-12 07:32:48.915 [info] > git status -z -uall [26ms]
2023-10-12 07:32:53.945 [info] > git config --get commit.template [15ms]
2023-10-12 07:32:53.952 [info] > git for-each-ref --format=%(refname)%00%(upstream:short)%00%(objectname)%00%(upstream:track)%00%(upstream:remotename)%00%(upstream:remoteref) refs/heads/master refs/remotes/master [9ms]
2023-10-12 07:32:54.024 [info] > git status -z -uall [57ms]
2023-10-12 07:32:59.049 [info] > git config --get commit.template [11ms]
2023-10-12 07:32:59.053 [info] > git for-each-ref --format=%(refname)%00%(upstream:short)%00%(objectname)%00%(upstream:track)%00%(upstream:remotename)%00%(upstream:remoteref) refs/heads/master refs/remotes/master [5ms]
2023-10-12 07:32:59.107 [info] > git status -z -uall [43ms]
2023-10-12 07:33:04.133 [info] > git config --get commit.template [13ms]
2023-10-12 07:33:04.135 [info] > git for-each-ref --format=%(refname)%00%(upstream:short)%00%(objectname)%00%(upstream:track)%00%(upstream:remotename)%00%(upstream:remoteref) refs/heads/master refs/remotes/master [3ms]
2023-10-12 07:33:04.183 [info] > git status -z -uall [40ms]
2023-10-12 07:34:10.776 [info] > git config --get commit.template [13ms]
2023-10-12 07:34:10.782 [info] > git for-each-ref --format=%(refname)%00%(upstream:short)%00%(objectname)%00%(upstream:track)%00%(upstream:remotename)%00%(upstream:remoteref) refs/heads/master refs/remotes/master [7ms]
2023-10-12 07:34:10.825 [info] > git status -z -uall [34ms]
2023-10-12 07:41:12.622 [info] > git config --get commit.template [17ms]
2023-10-12 07:41:12.625 [info] > git for-each-ref --format=%(refname)%00%(upstream:short)%00%(objectname)%00%(upstream:track)%00%(upstream:remotename)%00%(upstream:remoteref) refs/heads/master refs/remotes/master [4ms]
2023-10-12 07:41:12.669 [info] > git status -z -uall [33ms]
2023-10-12 07:41:17.696 [info] > git config --get commit.template [11ms]
2023-10-12 07:41:17.700 [info] > git for-each-ref --format=%(refname)%00%(upstream:short)%00%(objectname)%00%(upstream:track)%00%(upstream:remotename)%00%(upstream:remoteref) refs/heads/master refs/remotes/master [5ms]
2023-10-12 07:41:17.747 [info] > git status -z -uall [39ms]
2023-10-12 07:41:22.772 [info] > git config --get commit.template [11ms]
2023-10-12 07:41:22.776 [info] > git for-each-ref --format=%(refname)%00%(upstream:short)%00%(objectname)%00%(upstream:track)%00%(upstream:remotename)%00%(upstream:remoteref) refs/heads/master refs/remotes/master [5ms]
2023-10-12 07:41:22.814 [info] > git status -z -uall [28ms]
2023-10-12 07:41:27.840 [info] > git config --get commit.template [9ms]
2023-10-12 07:41:27.844 [info] > git for-each-ref --format=%(refname)%00%(upstream:short)%00%(objectname)%00%(upstream:track)%00%(upstream:remotename)%00%(upstream:remoteref) refs/heads/master refs/remotes/master [5ms]
2023-10-12 07:41:27.901 [info] > git status -z -uall [44ms]
2023-10-12 07:41:29.019 [info] > git show --textconv :cm-to-env-selective.yaml [14ms]
2023-10-12 07:41:29.036 [info] > git ls-files --stage -- /home/vagrant/cm-to-env-selective.yaml [18ms]
2023-10-12 07:41:29.278 [info] > git check-ignore -v -z --stdin [3ms]
2023-10-12 07:41:32.951 [info] > git config --get commit.template [12ms]
2023-10-12 07:41:32.959 [info] > git for-each-ref --format=%(refname)%00%(upstream:short)%00%(objectname)%00%(upstream:track)%00%(upstream:remotename)%00%(upstream:remoteref) refs/heads/master refs/remotes/master [9ms]
2023-10-12 07:41:33.021 [info] > git status -z -uall [50ms]
2023-10-12 07:42:06.108 [info] > git for-each-ref --format=%(refname)%00%(upstream:short)%00%(objectname)%00%(upstream:track)%00%(upstream:remotename)%00%(upstream:remoteref) refs/heads/master refs/remotes/master [1ms]
2023-10-12 07:42:06.108 [info] > git config --get commit.template [20ms]
2023-10-12 07:42:06.163 [info] > git status -z -uall [43ms]
2023-10-12 07:43:24.401 [info] > git config --get commit.template [12ms]
2023-10-12 07:43:24.406 [info] > git for-each-ref --format=%(refname)%00%(upstream:short)%00%(objectname)%00%(upstream:track)%00%(upstream:remotename)%00%(upstream:remoteref) refs/heads/master refs/remotes/master [6ms]
2023-10-12 07:43:24.444 [info] > git status -z -uall [30ms]
2023-10-12 07:43:29.476 [info] > git config --get commit.template [15ms]
2023-10-12 07:43:29.483 [info] > git for-each-ref --format=%(refname)%00%(upstream:short)%00%(objectname)%00%(upstream:track)%00%(upstream:remotename)%00%(upstream:remoteref) refs/heads/master refs/remotes/master [9ms]
2023-10-12 07:43:29.522 [info] > git status -z -uall [28ms]
2023-10-12 07:43:34.158 [info] > git show --textconv :cm-to-volume-all.yaml [12ms]
2023-10-12 07:43:34.166 [info] > git ls-files --stage -- /home/vagrant/cm-to-volume-all.yaml [9ms]
2023-10-12 07:43:34.429 [info] > git check-ignore -v -z --stdin [5ms]
2023-10-12 07:43:34.545 [info] > git config --get commit.template [10ms]
2023-10-12 07:43:34.547 [info] > git for-each-ref --format=%(refname)%00%(upstream:short)%00%(objectname)%00%(upstream:track)%00%(upstream:remotename)%00%(upstream:remoteref) refs/heads/master refs/remotes/master [3ms]
2023-10-12 07:43:34.597 [info] > git status -z -uall [41ms]
2023-10-12 07:43:50.052 [info] > git config --get commit.template [15ms]
2023-10-12 07:43:50.057 [info] > git for-each-ref --format=%(refname)%00%(upstream:short)%00%(objectname)%00%(upstream:track)%00%(upstream:remotename)%00%(upstream:remoteref) refs/heads/master refs/remotes/master [7ms]
2023-10-12 07:43:50.112 [info] > git status -z -uall [46ms]
2023-10-12 07:43:50.260 [info] > git show --textconv :cm-to-env-selective.yaml [15ms]
2023-10-12 07:43:50.281 [info] > git ls-files --stage -- /home/vagrant/cm-to-env-selective.yaml [36ms]
2023-10-12 07:43:51.954 [info] > git show --textconv :cm-to-volume-all.yaml [10ms]
2023-10-12 07:43:51.975 [info] > git ls-files --stage -- /home/vagrant/cm-to-volume-all.yaml [23ms]
2023-10-12 07:43:55.150 [info] > git config --get commit.template [14ms]
2023-10-12 07:43:55.154 [info] > git for-each-ref --format=%(refname)%00%(upstream:short)%00%(objectname)%00%(upstream:track)%00%(upstream:remotename)%00%(upstream:remoteref) refs/heads/master refs/remotes/master [5ms]
2023-10-12 07:43:55.197 [info] > git status -z -uall [31ms]
2023-10-12 07:44:00.228 [info] > git config --get commit.template [14ms]
2023-10-12 07:44:00.231 [info] > git for-each-ref --format=%(refname)%00%(upstream:short)%00%(objectname)%00%(upstream:track)%00%(upstream:remotename)%00%(upstream:remoteref) refs/heads/master refs/remotes/master [5ms]
2023-10-12 07:44:00.279 [info] > git status -z -uall [36ms]
2023-10-12 07:44:05.305 [info] > git config --get commit.template [14ms]
2023-10-12 07:44:05.306 [info] > git for-each-ref --format=%(refname)%00%(upstream:short)%00%(objectname)%00%(upstream:track)%00%(upstream:remotename)%00%(upstream:remoteref) refs/heads/master refs/remotes/master [3ms]
2023-10-12 07:44:05.349 [info] > git status -z -uall [35ms]
2023-10-12 07:44:10.374 [info] > git for-each-ref --format=%(refname)%00%(upstream:short)%00%(objectname)%00%(upstream:track)%00%(upstream:remotename)%00%(upstream:remoteref) refs/heads/master refs/remotes/master [5ms]
2023-10-12 07:44:10.374 [info] > git config --get commit.template [14ms]
2023-10-12 07:44:10.422 [info] > git status -z -uall [35ms]
2023-10-12 07:44:15.451 [info] > git config --get commit.template [14ms]
2023-10-12 07:44:15.457 [info] > git for-each-ref --format=%(refname)%00%(upstream:short)%00%(objectname)%00%(upstream:track)%00%(upstream:remotename)%00%(upstream:remoteref) refs/heads/master refs/remotes/master [8ms]
2023-10-12 07:44:15.532 [info] > git status -z -uall [66ms]
2023-10-12 07:44:20.558 [info] > git config --get commit.template [13ms]
2023-10-12 07:44:20.562 [info] > git for-each-ref --format=%(refname)%00%(upstream:short)%00%(objectname)%00%(upstream:track)%00%(upstream:remotename)%00%(upstream:remoteref) refs/heads/master refs/remotes/master [4ms]
2023-10-12 07:44:20.614 [info] > git status -z -uall [41ms]
2023-10-12 07:44:25.637 [info] > git config --get commit.template [8ms]
2023-10-12 07:44:25.656 [info] > git for-each-ref --format=%(refname)%00%(upstream:short)%00%(objectname)%00%(upstream:track)%00%(upstream:remotename)%00%(upstream:remoteref) refs/heads/master refs/remotes/master [20ms]
2023-10-12 07:44:25.700 [info] > git status -z -uall [37ms]
2023-10-12 07:44:30.732 [info] > git config --get commit.template [14ms]
2023-10-12 07:44:30.735 [info] > git for-each-ref --format=%(refname)%00%(upstream:short)%00%(objectname)%00%(upstream:track)%00%(upstream:remotename)%00%(upstream:remoteref) refs/heads/master refs/remotes/master [4ms]
2023-10-12 07:44:30.772 [info] > git status -z -uall [27ms]
2023-10-12 07:44:35.798 [info] > git config --get commit.template [11ms]
2023-10-12 07:44:35.799 [info] > git for-each-ref --format=%(refname)%00%(upstream:short)%00%(objectname)%00%(upstream:track)%00%(upstream:remotename)%00%(upstream:remoteref) refs/heads/master refs/remotes/master [3ms]
2023-10-12 07:44:35.846 [info] > git status -z -uall [38ms]
2023-10-12 07:44:40.873 [info] > git config --get commit.template [11ms]
2023-10-12 07:44:40.881 [info] > git for-each-ref --format=%(refname)%00%(upstream:short)%00%(objectname)%00%(upstream:track)%00%(upstream:remotename)%00%(upstream:remoteref) refs/heads/master refs/remotes/master [10ms]
2023-10-12 07:44:40.946 [info] > git status -z -uall [56ms]
2023-10-12 07:44:45.982 [info] > git config --get commit.template [19ms]
2023-10-12 07:44:45.987 [info] > git for-each-ref --format=%(refname)%00%(upstream:short)%00%(objectname)%00%(upstream:track)%00%(upstream:remotename)%00%(upstream:remoteref) refs/heads/master refs/remotes/master [6ms]
2023-10-12 07:44:46.030 [info] > git status -z -uall [34ms]
2023-10-12 07:44:51.059 [info] > git config --get commit.template [7ms]
2023-10-12 07:44:51.102 [info] > git for-each-ref --format=%(refname)%00%(upstream:short)%00%(objectname)%00%(upstream:track)%00%(upstream:remotename)%00%(upstream:remoteref) refs/heads/master refs/remotes/master [16ms]
2023-10-12 07:44:51.188 [info] > git status -z -uall [70ms]
2023-10-12 07:45:23.089 [info] > git config --get commit.template [28ms]
2023-10-12 07:45:23.091 [info] > git for-each-ref --format=%(refname)%00%(upstream:short)%00%(objectname)%00%(upstream:track)%00%(upstream:remotename)%00%(upstream:remoteref) refs/heads/master refs/remotes/master [22ms]
2023-10-12 07:45:23.126 [info] > git status -z -uall [28ms]
2023-10-12 07:45:28.160 [info] > git config --get commit.template [17ms]
2023-10-12 07:45:28.166 [info] > git for-each-ref --format=%(refname)%00%(upstream:short)%00%(objectname)%00%(upstream:track)%00%(upstream:remotename)%00%(upstream:remoteref) refs/heads/master refs/remotes/master [8ms]
2023-10-12 07:45:28.218 [info] > git status -z -uall [41ms]
2023-10-12 07:45:33.242 [info] > git config --get commit.template [13ms]
2023-10-12 07:45:33.245 [info] > git for-each-ref --format=%(refname)%00%(upstream:short)%00%(objectname)%00%(upstream:track)%00%(upstream:remotename)%00%(upstream:remoteref) refs/heads/master refs/remotes/master [4ms]
2023-10-12 07:45:33.295 [info] > git status -z -uall [42ms]
2023-10-12 07:45:38.330 [info] > git config --get commit.template [18ms]
2023-10-12 07:45:38.338 [info] > git for-each-ref --format=%(refname)%00%(upstream:short)%00%(objectname)%00%(upstream:track)%00%(upstream:remotename)%00%(upstream:remoteref) refs/heads/master refs/remotes/master [10ms]
2023-10-12 07:45:38.376 [info] > git status -z -uall [29ms]
2023-10-12 07:45:43.399 [info] > git config --get commit.template [11ms]
2023-10-12 07:45:43.407 [info] > git for-each-ref --format=%(refname)%00%(upstream:short)%00%(objectname)%00%(upstream:track)%00%(upstream:remotename)%00%(upstream:remoteref) refs/heads/master refs/remotes/master [9ms]
2023-10-12 07:45:43.448 [info] > git status -z -uall [33ms]
2023-10-12 07:45:48.482 [info] > git config --get commit.template [15ms]
2023-10-12 07:45:48.487 [info] > git for-each-ref --format=%(refname)%00%(upstream:short)%00%(objectname)%00%(upstream:track)%00%(upstream:remotename)%00%(upstream:remoteref) refs/heads/master refs/remotes/master [7ms]
2023-10-12 07:45:48.550 [info] > git status -z -uall [50ms]
2023-10-12 07:46:06.739 [info] > git config --get commit.template [9ms]
2023-10-12 07:46:06.744 [info] > git for-each-ref --format=%(refname)%00%(upstream:short)%00%(objectname)%00%(upstream:track)%00%(upstream:remotename)%00%(upstream:remoteref) refs/heads/master refs/remotes/master [6ms]
2023-10-12 07:46:06.790 [info] > git status -z -uall [36ms]
2023-10-12 07:46:11.827 [info] > git config --get commit.template [13ms]
2023-10-12 07:46:11.831 [info] > git for-each-ref --format=%(refname)%00%(upstream:short)%00%(objectname)%00%(upstream:track)%00%(upstream:remotename)%00%(upstream:remoteref) refs/heads/master refs/remotes/master [5ms]
2023-10-12 07:46:11.888 [info] > git status -z -uall [48ms]
2023-10-12 07:46:16.918 [info] > git config --get commit.template [13ms]
2023-10-12 07:46:16.922 [info] > git for-each-ref --format=%(refname)%00%(upstream:short)%00%(objectname)%00%(upstream:track)%00%(upstream:remotename)%00%(upstream:remoteref) refs/heads/master refs/remotes/master [6ms]
2023-10-12 07:46:16.964 [info] > git status -z -uall [33ms]
2023-10-12 07:46:22.042 [info] > git config --get commit.template [35ms]
2023-10-12 07:46:22.046 [info] > git for-each-ref --format=%(refname)%00%(upstream:short)%00%(objectname)%00%(upstream:track)%00%(upstream:remotename)%00%(upstream:remoteref) refs/heads/master refs/remotes/master [5ms]
2023-10-12 07:46:22.142 [info] > git status -z -uall [77ms]
2023-10-12 07:46:27.171 [info] > git config --get commit.template [9ms]
2023-10-12 07:46:27.177 [info] > git for-each-ref --format=%(refname)%00%(upstream:short)%00%(objectname)%00%(upstream:track)%00%(upstream:remotename)%00%(upstream:remoteref) refs/heads/master refs/remotes/master [5ms]
2023-10-12 07:46:27.212 [info] > git status -z -uall [28ms]
2023-10-12 07:46:32.243 [info] > git config --get commit.template [11ms]
2023-10-12 07:46:32.252 [info] > git for-each-ref --format=%(refname)%00%(upstream:short)%00%(objectname)%00%(upstream:track)%00%(upstream:remotename)%00%(upstream:remoteref) refs/heads/master refs/remotes/master [9ms]
2023-10-12 07:46:32.322 [info] > git status -z -uall [52ms]
2023-10-12 07:46:37.352 [info] > git config --get commit.template [10ms]
2023-10-12 07:46:37.357 [info] > git for-each-ref --format=%(refname)%00%(upstream:short)%00%(objectname)%00%(upstream:track)%00%(upstream:remotename)%00%(upstream:remoteref) refs/heads/master refs/remotes/master [6ms]
2023-10-12 07:46:37.433 [info] > git status -z -uall [65ms]
2023-10-12 07:47:02.798 [info] > git config --get commit.template [15ms]
2023-10-12 07:47:02.801 [info] > git for-each-ref --format=%(refname)%00%(upstream:short)%00%(objectname)%00%(upstream:track)%00%(upstream:remotename)%00%(upstream:remoteref) refs/heads/master refs/remotes/master [3ms]
2023-10-12 07:47:02.845 [info] > git status -z -uall [36ms]
2023-10-12 07:47:07.887 [info] > git config --get commit.template [20ms]
2023-10-12 07:47:07.893 [info] > git for-each-ref --format=%(refname)%00%(upstream:short)%00%(objectname)%00%(upstream:track)%00%(upstream:remotename)%00%(upstream:remoteref) refs/heads/master refs/remotes/master [7ms]
2023-10-12 07:47:07.956 [info] > git status -z -uall [56ms]
2023-10-12 07:47:13.874 [info] > git config --get commit.template [40ms]
2023-10-12 07:47:13.879 [info] > git for-each-ref --format=%(refname)%00%(upstream:short)%00%(objectname)%00%(upstream:track)%00%(upstream:remotename)%00%(upstream:remoteref) refs/heads/master refs/remotes/master [8ms]
2023-10-12 07:47:13.946 [info] > git status -z -uall [47ms]
2023-10-12 07:47:18.972 [info] > git config --get commit.template [12ms]
2023-10-12 07:47:18.974 [info] > git for-each-ref --format=%(refname)%00%(upstream:short)%00%(objectname)%00%(upstream:track)%00%(upstream:remotename)%00%(upstream:remoteref) refs/heads/master refs/remotes/master [3ms]
2023-10-12 07:47:19.009 [info] > git status -z -uall [26ms]
2023-10-12 07:47:24.050 [info] > git config --get commit.template [17ms]
2023-10-12 07:47:24.059 [info] > git for-each-ref --format=%(refname)%00%(upstream:short)%00%(objectname)%00%(upstream:track)%00%(upstream:remotename)%00%(upstream:remoteref) refs/heads/master refs/remotes/master [12ms]
2023-10-12 07:47:24.126 [info] > git status -z -uall [50ms]
2023-10-12 07:47:29.171 [info] > git for-each-ref --format=%(refname)%00%(upstream:short)%00%(objectname)%00%(upstream:track)%00%(upstream:remotename)%00%(upstream:remoteref) refs/heads/master refs/remotes/master [1ms]
2023-10-12 07:47:29.172 [info] > git config --get commit.template [24ms]
2023-10-12 07:47:29.238 [info] > git status -z -uall [56ms]
2023-10-12 07:47:34.283 [info] > git config --get commit.template [25ms]
2023-10-12 07:47:34.286 [info] > git for-each-ref --format=%(refname)%00%(upstream:short)%00%(objectname)%00%(upstream:track)%00%(upstream:remotename)%00%(upstream:remoteref) refs/heads/master refs/remotes/master [9ms]
2023-10-12 07:47:34.331 [info] > git status -z -uall [32ms]
2023-10-12 07:47:39.365 [info] > git config --get commit.template [14ms]
2023-10-12 07:47:39.370 [info] > git for-each-ref --format=%(refname)%00%(upstream:short)%00%(objectname)%00%(upstream:track)%00%(upstream:remotename)%00%(upstream:remoteref) refs/heads/master refs/remotes/master [6ms]
2023-10-12 07:47:39.429 [info] > git status -z -uall [49ms]
2023-10-12 07:48:05.603 [info] > git config --get commit.template [12ms]
2023-10-12 07:48:05.604 [info] > git for-each-ref --format=%(refname)%00%(upstream:short)%00%(objectname)%00%(upstream:track)%00%(upstream:remotename)%00%(upstream:remoteref) refs/heads/master refs/remotes/master [2ms]
2023-10-12 07:48:05.643 [info] > git status -z -uall [31ms]
2023-10-12 07:48:27.124 [info] > git config --get commit.template [12ms]
2023-10-12 07:48:27.126 [info] > git for-each-ref --format=%(refname)%00%(upstream:short)%00%(objectname)%00%(upstream:track)%00%(upstream:remotename)%00%(upstream:remoteref) refs/heads/master refs/remotes/master [3ms]
2023-10-12 07:48:27.184 [info] > git status -z -uall [49ms]
2023-10-12 07:49:10.182 [info] > git config --get commit.template [12ms]
2023-10-12 07:49:10.184 [info] > git for-each-ref --format=%(refname)%00%(upstream:short)%00%(objectname)%00%(upstream:track)%00%(upstream:remotename)%00%(upstream:remoteref) refs/heads/master refs/remotes/master [3ms]
2023-10-12 07:49:10.225 [info] > git status -z -uall [34ms]
2023-10-12 07:49:15.255 [info] > git config --get commit.template [9ms]
2023-10-12 07:49:15.264 [info] > git for-each-ref --format=%(refname)%00%(upstream:short)%00%(objectname)%00%(upstream:track)%00%(upstream:remotename)%00%(upstream:remoteref) refs/heads/master refs/remotes/master [10ms]
2023-10-12 07:49:15.303 [info] > git status -z -uall [30ms]
2023-10-12 07:53:36.004 [info] > git config --get commit.template [16ms]
2023-10-12 07:53:36.013 [info] > git for-each-ref --format=%(refname)%00%(upstream:short)%00%(objectname)%00%(upstream:track)%00%(upstream:remotename)%00%(upstream:remoteref) refs/heads/master refs/remotes/master [9ms]
2023-10-12 07:53:36.064 [info] > git status -z -uall [43ms]
2023-10-12 07:53:41.086 [info] > git config --get commit.template [8ms]
2023-10-12 07:53:41.091 [info] > git for-each-ref --format=%(refname)%00%(upstream:short)%00%(objectname)%00%(upstream:track)%00%(upstream:remotename)%00%(upstream:remoteref) refs/heads/master refs/remotes/master [4ms]
2023-10-12 07:53:41.137 [info] > git status -z -uall [35ms]
2023-10-12 07:53:45.311 [info] > git show --textconv :cm-to-volume-selective.yaml [13ms]
2023-10-12 07:53:45.315 [info] > git ls-files --stage -- /home/vagrant/cm-to-volume-selective.yaml [4ms]
2023-10-12 07:53:45.556 [info] > git check-ignore -v -z --stdin [6ms]
2023-10-12 07:53:46.177 [info] > git config --get commit.template [18ms]
2023-10-12 07:53:46.179 [info] > git for-each-ref --format=%(refname)%00%(upstream:short)%00%(objectname)%00%(upstream:track)%00%(upstream:remotename)%00%(upstream:remoteref) refs/heads/master refs/remotes/master [3ms]
2023-10-12 07:53:46.235 [info] > git status -z -uall [46ms]
2023-10-12 07:53:47.690 [info] > git show --textconv :cm-to-volume-all.yaml [9ms]
2023-10-12 07:53:47.694 [info] > git ls-files --stage -- /home/vagrant/cm-to-volume-all.yaml [5ms]
2023-10-12 07:53:49.078 [info] > git show --textconv :cm-to-volume-selective.yaml [10ms]
2023-10-12 07:53:49.083 [info] > git ls-files --stage -- /home/vagrant/cm-to-volume-selective.yaml [6ms]
2023-10-12 07:53:50.297 [info] > git show --textconv :cm-to-volume-all.yaml [8ms]
2023-10-12 07:53:50.302 [info] > git ls-files --stage -- /home/vagrant/cm-to-volume-all.yaml [6ms]
2023-10-12 07:53:51.263 [info] > git config --get commit.template [9ms]
2023-10-12 07:53:51.269 [info] > git for-each-ref --format=%(refname)%00%(upstream:short)%00%(objectname)%00%(upstream:track)%00%(upstream:remotename)%00%(upstream:remoteref) refs/heads/master refs/remotes/master [7ms]
2023-10-12 07:53:51.316 [info] > git status -z -uall [36ms]
2023-10-12 07:53:52.070 [info] > git ls-files --stage -- /home/vagrant/cm-to-volume-selective.yaml [0ms]
2023-10-12 07:53:52.087 [info] > git show --textconv :cm-to-volume-selective.yaml [31ms]
2023-10-12 07:53:56.355 [info] > git config --get commit.template [18ms]
2023-10-12 07:53:56.361 [info] > git for-each-ref --format=%(refname)%00%(upstream:short)%00%(objectname)%00%(upstream:track)%00%(upstream:remotename)%00%(upstream:remoteref) refs/heads/master refs/remotes/master [9ms]
2023-10-12 07:53:56.410 [info] > git status -z -uall [39ms]
2023-10-12 07:54:01.443 [info] > git config --get commit.template [13ms]
2023-10-12 07:54:01.445 [info] > git for-each-ref --format=%(refname)%00%(upstream:short)%00%(objectname)%00%(upstream:track)%00%(upstream:remotename)%00%(upstream:remoteref) refs/heads/master refs/remotes/master [3ms]
2023-10-12 07:54:01.494 [info] > git status -z -uall [41ms]
2023-10-12 07:54:09.267 [info] > git config --get commit.template [14ms]
2023-10-12 07:54:09.269 [info] > git for-each-ref --format=%(refname)%00%(upstream:short)%00%(objectname)%00%(upstream:track)%00%(upstream:remotename)%00%(upstream:remoteref) refs/heads/master refs/remotes/master [3ms]
2023-10-12 07:54:09.312 [info] > git status -z -uall [34ms]
2023-10-12 07:54:14.339 [info] > git for-each-ref --format=%(refname)%00%(upstream:short)%00%(objectname)%00%(upstream:track)%00%(upstream:remotename)%00%(upstream:remoteref) refs/heads/master refs/remotes/master [4ms]
2023-10-12 07:54:14.341 [info] > git config --get commit.template [14ms]
2023-10-12 07:54:14.389 [info] > git status -z -uall [34ms]
2023-10-12 07:54:19.413 [info] > git config --get commit.template [13ms]
2023-10-12 07:54:19.420 [info] > git for-each-ref --format=%(refname)%00%(upstream:short)%00%(objectname)%00%(upstream:track)%00%(upstream:remotename)%00%(upstream:remoteref) refs/heads/master refs/remotes/master [8ms]
2023-10-12 07:54:19.488 [info] > git status -z -uall [58ms]
2023-10-12 07:54:24.522 [info] > git config --get commit.template [10ms]
2023-10-12 07:54:24.523 [info] > git for-each-ref --format=%(refname)%00%(upstream:short)%00%(objectname)%00%(upstream:track)%00%(upstream:remotename)%00%(upstream:remoteref) refs/heads/master refs/remotes/master [3ms]
2023-10-12 07:54:24.567 [info] > git status -z -uall [33ms]
2023-10-12 07:54:29.604 [info] > git config --get commit.template [20ms]
2023-10-12 07:54:29.615 [info] > git for-each-ref --format=%(refname)%00%(upstream:short)%00%(objectname)%00%(upstream:track)%00%(upstream:remotename)%00%(upstream:remoteref) refs/heads/master refs/remotes/master [12ms]
2023-10-12 07:54:29.702 [info] > git status -z -uall [63ms]
2023-10-12 07:54:34.740 [info] > git config --get commit.template [10ms]
2023-10-12 07:54:34.744 [info] > git for-each-ref --format=%(refname)%00%(upstream:short)%00%(objectname)%00%(upstream:track)%00%(upstream:remotename)%00%(upstream:remoteref) refs/heads/master refs/remotes/master [4ms]
2023-10-12 07:54:34.831 [info] > git status -z -uall [64ms]
2023-10-12 07:54:39.875 [info] > git config --get commit.template [23ms]
2023-10-12 07:54:39.886 [info] > git for-each-ref --format=%(refname)%00%(upstream:short)%00%(objectname)%00%(upstream:track)%00%(upstream:remotename)%00%(upstream:remoteref) refs/heads/master refs/remotes/master [22ms]
2023-10-12 07:54:39.942 [info] > git status -z -uall [41ms]
2023-10-12 07:54:44.966 [info] > git config --get commit.template [12ms]
2023-10-12 07:54:44.967 [info] > git for-each-ref --format=%(refname)%00%(upstream:short)%00%(objectname)%00%(upstream:track)%00%(upstream:remotename)%00%(upstream:remoteref) refs/heads/master refs/remotes/master [4ms]
2023-10-12 07:54:45.020 [info] > git status -z -uall [37ms]
2023-10-12 07:54:50.042 [info] > git config --get commit.template [12ms]
2023-10-12 07:54:50.050 [info] > git for-each-ref --format=%(refname)%00%(upstream:short)%00%(objectname)%00%(upstream:track)%00%(upstream:remotename)%00%(upstream:remoteref) refs/heads/master refs/remotes/master [8ms]
2023-10-12 07:54:50.104 [info] > git status -z -uall [35ms]
2023-10-12 07:54:55.140 [info] > git config --get commit.template [18ms]
2023-10-12 07:54:55.142 [info] > git for-each-ref --format=%(refname)%00%(upstream:short)%00%(objectname)%00%(upstream:track)%00%(upstream:remotename)%00%(upstream:remoteref) refs/heads/master refs/remotes/master [2ms]
2023-10-12 07:54:55.217 [info] > git status -z -uall [58ms]
2023-10-12 07:55:00.243 [info] > git config --get commit.template [12ms]
2023-10-12 07:55:00.244 [info] > git for-each-ref --format=%(refname)%00%(upstream:short)%00%(objectname)%00%(upstream:track)%00%(upstream:remotename)%00%(upstream:remoteref) refs/heads/master refs/remotes/master [2ms]
2023-10-12 07:55:00.299 [info] > git status -z -uall [46ms]
2023-10-12 07:55:05.327 [info] > git config --get commit.template [14ms]
2023-10-12 07:55:05.332 [info] > git for-each-ref --format=%(refname)%00%(upstream:short)%00%(objectname)%00%(upstream:track)%00%(upstream:remotename)%00%(upstream:remoteref) refs/heads/master refs/remotes/master [6ms]
2023-10-12 07:55:05.378 [info] > git status -z -uall [37ms]
2023-10-12 07:55:10.407 [info] > git config --get commit.template [11ms]
2023-10-12 07:55:10.412 [info] > git for-each-ref --format=%(refname)%00%(upstream:short)%00%(objectname)%00%(upstream:track)%00%(upstream:remotename)%00%(upstream:remoteref) refs/heads/master refs/remotes/master [6ms]
2023-10-12 07:55:10.448 [info] > git status -z -uall [28ms]
2023-10-12 07:56:31.429 [info] > git config --get commit.template [13ms]
2023-10-12 07:56:31.431 [info] > git for-each-ref --format=%(refname)%00%(upstream:short)%00%(objectname)%00%(upstream:track)%00%(upstream:remotename)%00%(upstream:remoteref) refs/heads/master refs/remotes/master [3ms]
2023-10-12 07:56:31.481 [info] > git status -z -uall [40ms]
2023-10-12 07:57:09.715 [info] > git config --get commit.template [14ms]
2023-10-12 07:57:09.718 [info] > git for-each-ref --format=%(refname)%00%(upstream:short)%00%(objectname)%00%(upstream:track)%00%(upstream:remotename)%00%(upstream:remoteref) refs/heads/master refs/remotes/master [4ms]
2023-10-12 07:57:09.772 [info] > git status -z -uall [42ms]
2023-10-12 07:57:28.116 [info] > git config --get commit.template [25ms]
2023-10-12 07:57:28.122 [info] > git for-each-ref --format=%(refname)%00%(upstream:short)%00%(objectname)%00%(upstream:track)%00%(upstream:remotename)%00%(upstream:remoteref) refs/heads/master refs/remotes/master [7ms]
2023-10-12 07:57:28.194 [info] > git status -z -uall [61ms]
2023-10-12 07:57:28.294 [info] > git show --textconv :cm-to-volume-all.yaml [15ms]
2023-10-12 07:57:28.307 [info] > git ls-files --stage -- /home/vagrant/cm-to-volume-all.yaml [14ms]
2023-10-12 08:08:01.030 [info] > git config --get commit.template [11ms]
2023-10-12 08:08:01.034 [info] > git for-each-ref --format=%(refname)%00%(upstream:short)%00%(objectname)%00%(upstream:track)%00%(upstream:remotename)%00%(upstream:remoteref) refs/heads/master refs/remotes/master [4ms]
2023-10-12 08:08:01.084 [info] > git status -z -uall [42ms]
2023-10-12 08:18:11.174 [info] > git config --get commit.template [13ms]
2023-10-12 08:18:11.180 [info] > git for-each-ref --format=%(refname)%00%(upstream:short)%00%(objectname)%00%(upstream:track)%00%(upstream:remotename)%00%(upstream:remoteref) refs/heads/master refs/remotes/master [7ms]
2023-10-12 08:18:11.256 [info] > git status -z -uall [66ms]
2023-10-12 08:18:16.292 [info] > git config --get commit.template [14ms]
2023-10-12 08:18:16.294 [info] > git for-each-ref --format=%(refname)%00%(upstream:short)%00%(objectname)%00%(upstream:track)%00%(upstream:remotename)%00%(upstream:remoteref) refs/heads/master refs/remotes/master [3ms]
2023-10-12 08:18:16.357 [info] > git status -z -uall [54ms]
2023-10-12 08:18:31.882 [info] > git config --get commit.template [23ms]
2023-10-12 08:18:31.895 [info] > git for-each-ref --format=%(refname)%00%(upstream:short)%00%(objectname)%00%(upstream:track)%00%(upstream:remotename)%00%(upstream:remoteref) refs/heads/master refs/remotes/master [12ms]
2023-10-12 08:18:31.980 [info] > git status -z -uall [60ms]
2023-10-12 08:18:36.093 [info] > git ls-files --stage -- /home/vagrant/cm-to-volume-all.yaml [6ms]
2023-10-12 08:18:36.109 [info] > git cat-file -s 71a952a51e38eabe1d189c4e1f41314069480e58 [5ms]
2023-10-12 08:18:36.132 [info] > git show --textconv :cm-to-volume-all.yaml [9ms]
2023-10-12 08:18:37.030 [info] > git config --get commit.template [16ms]
2023-10-12 08:18:37.036 [info] > git for-each-ref --format=%(refname)%00%(upstream:short)%00%(objectname)%00%(upstream:track)%00%(upstream:remotename)%00%(upstream:remoteref) refs/heads/master refs/remotes/master [7ms]
2023-10-12 08:18:37.066 [info] > git status -z -uall [16ms]
2023-10-12 08:18:42.085 [info] > git config --get commit.template [3ms]
2023-10-12 08:18:42.099 [info] > git for-each-ref --format=%(refname)%00%(upstream:short)%00%(objectname)%00%(upstream:track)%00%(upstream:remotename)%00%(upstream:remoteref) refs/heads/master refs/remotes/master [2ms]
2023-10-12 08:18:42.188 [info] > git status -z -uall [70ms]
2023-10-12 08:18:47.226 [info] > git config --get commit.template [19ms]
2023-10-12 08:18:47.233 [info] > git for-each-ref --format=%(refname)%00%(upstream:short)%00%(objectname)%00%(upstream:track)%00%(upstream:remotename)%00%(upstream:remoteref) refs/heads/master refs/remotes/master [10ms]
2023-10-12 08:18:47.259 [info] > git status -z -uall [14ms]
2023-10-12 08:18:49.433 [info] > git ls-files --stage -- /home/vagrant/cm-to-volume-all.yaml [8ms]
2023-10-12 08:18:49.447 [info] > git cat-file -s 71a952a51e38eabe1d189c4e1f41314069480e58 [5ms]
2023-10-12 08:18:49.486 [info] > git show --textconv :cm-to-volume-all.yaml [15ms]
2023-10-12 08:18:52.447 [info] > git config --get commit.template [15ms]
2023-10-12 08:18:52.485 [info] > git for-each-ref --format=%(refname)%00%(upstream:short)%00%(objectname)%00%(upstream:track)%00%(upstream:remotename)%00%(upstream:remoteref) refs/heads/master refs/remotes/master [12ms]
2023-10-12 08:18:52.530 [info] > git status -z -uall [26ms]
2023-10-12 08:18:57.594 [info] > git config --get commit.template [22ms]
2023-10-12 08:18:57.600 [info] > git for-each-ref --format=%(refname)%00%(upstream:short)%00%(objectname)%00%(upstream:track)%00%(upstream:remotename)%00%(upstream:remoteref) refs/heads/master refs/remotes/master [10ms]
2023-10-12 08:18:57.650 [info] > git status -z -uall [31ms]
