2023-10-13 07:45:58.291 [info] Experiment 'pythonPromptNewFormatterExt' is active
2023-10-13 07:45:58.292 [info] Experiment 'pythonPromptNewToolsExt' is active
2023-10-13 07:45:58.292 [info] Experiment 'pythonSurveyNotification' is active
2023-10-13 07:45:58.292 [info] Experiment 'pythonTestAdaptercf' is active
2023-10-13 07:45:58.292 [info] Test server listening.
2023-10-13 07:45:58.406 [info] > python -c "import sys;print(sys.executable)"
2023-10-13 07:45:58.475 [error] [Error: Command failed: python -c "import sys;print(sys.executable)"
/bin/sh: 1: python: not found

	at ChildProcess.exithandler (node:child_process:420:12)
	at ChildProcess.emit (node:events:513:28)
	at maybeClose (node:internal/child_process:1091:16)
	at Socket.<anonymous> (node:internal/child_process:449:11)
	at Socket.emit (node:events:513:28)
	at Pipe.<anonymous> (node:net:322:12)] {
  code: 127,
  killed: false,
  signal: null,
  cmd: 'python -c "import sys;print(sys.executable)"'
}
2023-10-13 07:45:58.561 [warning] Retry failed, storage update failed for key PYTHON_GLOBAL_STORAGE_KEYS
2023-10-13 07:45:58.561 [warning] Retry failed, storage update failed for key PYTHON_WORKSPACE_STORAGE_KEYS
2023-10-13 07:45:58.561 [warning] Retry failed, storage update failed for key PYTHON_WORKSPACE_STORAGE_KEYS
2023-10-13 07:45:58.561 [warning] Retry failed, storage update failed for key PYTHON_WORKSPACE_STORAGE_KEYS
2023-10-13 07:45:58.561 [warning] Retry failed, storage update failed for key PYTHON_WORKSPACE_STORAGE_KEYS
2023-10-13 07:46:00.752 [info] Starting Pylance language server.
2023-10-13 08:00:10.324 [info] Discover tests for workspace name: vagrant - uri: /home/vagrant/job-initiator.py
2023-10-13 08:24:53.003 [info] Discover tests for workspace name: vagrant - uri: /home/vagrant/job-initiator.py
2023-10-13 08:32:48.610 [info] Discover tests for workspace name: vagrant - uri: /home/vagrant/job-initiator.py
