2023-10-10 23:46:24.493 [info] Log level: Info
2023-10-10 23:46:24.493 [info] Validating found git in: "git"
2023-10-10 23:46:24.493 [info] Using git "2.34.1" from "git"
2023-10-10 23:46:24.493 [info] > git rev-parse --show-toplevel [36ms]
2023-10-10 23:46:24.493 [info] > git rev-parse --git-dir --git-common-dir [17ms]
2023-10-10 23:46:24.493 [info] Open repository: /home/vagrant
2023-10-10 23:46:24.493 [info] > git config --get commit.template [21ms]
2023-10-10 23:46:24.493 [info] > git rev-parse --show-toplevel [29ms]
2023-10-10 23:46:24.493 [info] > git for-each-ref --format=%(refname)%00%(upstream:short)%00%(objectname)%00%(upstream:track)%00%(upstream:remotename)%00%(upstream:remoteref) refs/heads/master refs/remotes/master [22ms]
2023-10-10 23:46:24.493 [info] > git rev-parse --show-toplevel [64ms]
2023-10-10 23:46:24.498 [info] > git rev-parse --show-toplevel [24ms]
2023-10-10 23:46:24.528 [info] > git rev-parse --show-toplevel [16ms]
2023-10-10 23:46:24.579 [info] > git status -z -uall [179ms]
2023-10-10 23:46:24.627 [info] > git config --get commit.template [26ms]
2023-10-10 23:46:24.661 [info] > git for-each-ref --format=%(refname)%00%(upstream:short)%00%(objectname)%00%(upstream:track)%00%(upstream:remotename)%00%(upstream:remoteref) refs/heads/master refs/remotes/master [36ms]
2023-10-10 23:46:25.117 [info] > git status -z -uall [451ms]
2023-10-10 23:46:25.212 [info] > git check-ignore -v -z --stdin [63ms]
2023-10-10 23:46:25.314 [info] > git show --textconv :hostname-service-clusterip.yaml [41ms]
2023-10-10 23:46:25.324 [info] > git ls-files --stage -- /home/vagrant/hostname-service-clusterip.yaml [29ms]
2023-10-10 23:46:25.354 [info] > git cat-file -s fcd25e29e5cf70c079bfa9fda86a8068c74c5889 [21ms]
2023-10-10 23:47:56.319 [info] > git config --get commit.template [14ms]
2023-10-10 23:47:56.321 [info] > git for-each-ref --format=%(refname)%00%(upstream:short)%00%(objectname)%00%(upstream:track)%00%(upstream:remotename)%00%(upstream:remoteref) refs/heads/master refs/remotes/master [4ms]
2023-10-10 23:47:56.345 [info] > git status -z -uall [14ms]
2023-10-11 00:27:40.532 [info] > git config --get commit.template [17ms]
2023-10-11 00:27:40.538 [info] > git for-each-ref --format=%(refname)%00%(upstream:short)%00%(objectname)%00%(upstream:track)%00%(upstream:remotename)%00%(upstream:remoteref) refs/heads/master refs/remotes/master [7ms]
2023-10-11 00:27:40.568 [info] > git status -z -uall [20ms]
2023-10-11 00:27:41.127 [info] > git check-ignore -v -z --stdin [4ms]
2023-10-11 00:27:42.469 [info] > git check-ignore -v -z --stdin [15ms]
2023-10-11 00:27:45.245 [info] > git check-ignore -v -z --stdin [5ms]
2023-10-11 00:27:45.598 [info] > git config --get commit.template [16ms]
2023-10-11 00:27:45.602 [info] > git for-each-ref --format=%(refname)%00%(upstream:short)%00%(objectname)%00%(upstream:track)%00%(upstream:remotename)%00%(upstream:remoteref) refs/heads/master refs/remotes/master [5ms]
2023-10-11 00:27:45.623 [info] > git status -z -uall [13ms]
2023-10-11 00:27:46.010 [info] > git check-ignore -v -z --stdin [8ms]
2023-10-11 00:27:47.131 [info] > git check-ignore -v -z --stdin [7ms]
2023-10-11 00:27:48.117 [info] > git check-ignore -v -z --stdin [7ms]
2023-10-11 00:27:50.646 [info] > git config --get commit.template [8ms]
2023-10-11 00:27:50.651 [info] > git for-each-ref --format=%(refname)%00%(upstream:short)%00%(objectname)%00%(upstream:track)%00%(upstream:remotename)%00%(upstream:remoteref) refs/heads/master refs/remotes/master [6ms]
2023-10-11 00:27:50.676 [info] > git status -z -uall [13ms]
2023-10-11 00:27:51.011 [info] > git show --textconv :hostname-service-clusterip.yaml [8ms]
2023-10-11 00:27:51.016 [info] > git ls-files --stage -- /home/vagrant/hostname-service-clusterip.yaml [7ms]
2023-10-11 00:27:51.027 [info] > git cat-file -s fcd25e29e5cf70c079bfa9fda86a8068c74c5889 [2ms]
2023-10-11 00:45:53.400 [info] > git config --get commit.template [14ms]
2023-10-11 00:45:53.405 [info] > git for-each-ref --format=%(refname)%00%(upstream:short)%00%(objectname)%00%(upstream:track)%00%(upstream:remotename)%00%(upstream:remoteref) refs/heads/master refs/remotes/master [6ms]
2023-10-11 00:45:53.451 [info] > git status -z -uall [33ms]
2023-10-11 00:45:58.481 [info] > git config --get commit.template [11ms]
2023-10-11 00:45:58.486 [info] > git for-each-ref --format=%(refname)%00%(upstream:short)%00%(objectname)%00%(upstream:track)%00%(upstream:remotename)%00%(upstream:remoteref) refs/heads/master refs/remotes/master [6ms]
2023-10-11 00:45:58.546 [info] > git status -z -uall [45ms]
2023-10-11 00:46:00.689 [info] > git show --textconv :routing-config.yaml [15ms]
2023-10-11 00:46:00.698 [info] > git ls-files --stage -- /home/vagrant/routing-config.yaml [13ms]
2023-10-11 00:46:00.948 [info] > git check-ignore -v -z --stdin [14ms]
2023-10-11 00:46:03.600 [info] > git config --get commit.template [28ms]
2023-10-11 00:46:03.602 [info] > git for-each-ref --format=%(refname)%00%(upstream:short)%00%(objectname)%00%(upstream:track)%00%(upstream:remotename)%00%(upstream:remoteref) refs/heads/master refs/remotes/master [4ms]
2023-10-11 00:46:03.660 [info] > git status -z -uall [44ms]
2023-10-11 00:47:14.947 [info] > git config --get commit.template [35ms]
2023-10-11 00:47:14.952 [info] > git for-each-ref --format=%(refname)%00%(upstream:short)%00%(objectname)%00%(upstream:track)%00%(upstream:remotename)%00%(upstream:remoteref) refs/heads/master refs/remotes/master [9ms]
2023-10-11 00:47:15.006 [info] > git status -z -uall [45ms]
2023-10-11 00:47:21.011 [info] > git config --get commit.template [15ms]
2023-10-11 00:47:21.012 [info] > git for-each-ref --format=%(refname)%00%(upstream:short)%00%(objectname)%00%(upstream:track)%00%(upstream:remotename)%00%(upstream:remoteref) refs/heads/master refs/remotes/master [7ms]
2023-10-11 00:47:21.051 [info] > git status -z -uall [32ms]
2023-10-11 00:47:26.101 [info] > git config --get commit.template [18ms]
2023-10-11 00:47:26.108 [info] > git for-each-ref --format=%(refname)%00%(upstream:short)%00%(objectname)%00%(upstream:track)%00%(upstream:remotename)%00%(upstream:remoteref) refs/heads/master refs/remotes/master [9ms]
2023-10-11 00:47:26.177 [info] > git status -z -uall [57ms]
2023-10-11 00:47:43.446 [info] > git config --get commit.template [26ms]
2023-10-11 00:47:43.452 [info] > git for-each-ref --format=%(refname)%00%(upstream:short)%00%(objectname)%00%(upstream:track)%00%(upstream:remotename)%00%(upstream:remoteref) refs/heads/master refs/remotes/master [8ms]
2023-10-11 00:47:43.509 [info] > git status -z -uall [47ms]
2023-10-11 00:47:49.733 [info] > git config --get commit.template [29ms]
2023-10-11 00:47:49.736 [info] > git for-each-ref --format=%(refname)%00%(upstream:short)%00%(objectname)%00%(upstream:track)%00%(upstream:remotename)%00%(upstream:remoteref) refs/heads/master refs/remotes/master [4ms]
2023-10-11 00:47:49.781 [info] > git status -z -uall [33ms]
2023-10-11 00:48:11.513 [info] > git for-each-ref --format=%(refname)%00%(upstream:short)%00%(objectname)%00%(upstream:track)%00%(upstream:remotename)%00%(upstream:remoteref) refs/heads/master refs/remotes/master [3ms]
2023-10-11 00:48:11.517 [info] > git config --get commit.template [34ms]
2023-10-11 00:48:11.603 [info] > git status -z -uall [77ms]
2023-10-11 00:48:16.642 [info] > git config --get commit.template [17ms]
2023-10-11 00:48:16.647 [info] > git for-each-ref --format=%(refname)%00%(upstream:short)%00%(objectname)%00%(upstream:track)%00%(upstream:remotename)%00%(upstream:remoteref) refs/heads/master refs/remotes/master [11ms]
2023-10-11 00:48:16.723 [info] > git status -z -uall [67ms]
2023-10-11 00:48:21.754 [info] > git config --get commit.template [7ms]
2023-10-11 00:48:21.760 [info] > git for-each-ref --format=%(refname)%00%(upstream:short)%00%(objectname)%00%(upstream:track)%00%(upstream:remotename)%00%(upstream:remoteref) refs/heads/master refs/remotes/master [6ms]
2023-10-11 00:48:21.797 [info] > git status -z -uall [31ms]
2023-10-11 00:48:26.830 [info] > git config --get commit.template [12ms]
2023-10-11 00:48:26.838 [info] > git for-each-ref --format=%(refname)%00%(upstream:short)%00%(objectname)%00%(upstream:track)%00%(upstream:remotename)%00%(upstream:remoteref) refs/heads/master refs/remotes/master [9ms]
2023-10-11 00:48:26.881 [info] > git status -z -uall [35ms]
2023-10-11 00:48:59.490 [info] > git config --get commit.template [19ms]
2023-10-11 00:48:59.492 [info] > git for-each-ref --format=%(refname)%00%(upstream:short)%00%(objectname)%00%(upstream:track)%00%(upstream:remotename)%00%(upstream:remoteref) refs/heads/master refs/remotes/master [3ms]
2023-10-11 00:48:59.537 [info] > git status -z -uall [37ms]
2023-10-11 00:51:08.423 [info] > git config --get commit.template [23ms]
2023-10-11 00:51:08.430 [info] > git for-each-ref --format=%(refname)%00%(upstream:short)%00%(objectname)%00%(upstream:track)%00%(upstream:remotename)%00%(upstream:remoteref) refs/heads/master refs/remotes/master [9ms]
2023-10-11 00:51:08.464 [info] > git status -z -uall [22ms]
2023-10-11 00:55:52.555 [info] > git config --get commit.template [20ms]
2023-10-11 00:55:52.559 [info] > git for-each-ref --format=%(refname)%00%(upstream:short)%00%(objectname)%00%(upstream:track)%00%(upstream:remotename)%00%(upstream:remoteref) refs/heads/master refs/remotes/master [5ms]
2023-10-11 00:55:52.586 [info] > git status -z -uall [19ms]
2023-10-11 01:22:52.434 [info] > git config --get commit.template [10ms]
2023-10-11 01:22:52.439 [info] > git for-each-ref --format=%(refname)%00%(upstream:short)%00%(objectname)%00%(upstream:track)%00%(upstream:remotename)%00%(upstream:remoteref) refs/heads/master refs/remotes/master [5ms]
2023-10-11 01:22:52.475 [info] > git status -z -uall [27ms]
2023-10-11 01:22:57.509 [info] > git config --get commit.template [12ms]
2023-10-11 01:22:57.515 [info] > git for-each-ref --format=%(refname)%00%(upstream:short)%00%(objectname)%00%(upstream:track)%00%(upstream:remotename)%00%(upstream:remoteref) refs/heads/master refs/remotes/master [7ms]
2023-10-11 01:22:57.535 [info] > git status -z -uall [14ms]
2023-10-11 01:28:23.141 [info] > git config --get commit.template [3ms]
2023-10-11 01:28:23.160 [info] > git for-each-ref --format=%(refname)%00%(upstream:short)%00%(objectname)%00%(upstream:track)%00%(upstream:remotename)%00%(upstream:remoteref) refs/heads/master refs/remotes/master [7ms]
2023-10-11 01:28:23.186 [info] > git status -z -uall [20ms]
2023-10-11 01:28:23.549 [info] > git ls-files --stage -- /home/vagrant/hostname-deployment.yaml [5ms]
2023-10-11 01:28:23.560 [info] > git show --textconv :hostname-deployment.yaml [26ms]
2023-10-11 01:28:23.566 [info] > git cat-file -s d9e7f1afb288f02486047358604b2dac9250d5bb [11ms]
2023-10-11 01:28:28.233 [info] > git config --get commit.template [19ms]
2023-10-11 01:28:28.236 [info] > git for-each-ref --format=%(refname)%00%(upstream:short)%00%(objectname)%00%(upstream:track)%00%(upstream:remotename)%00%(upstream:remoteref) refs/heads/master refs/remotes/master [3ms]
2023-10-11 01:28:28.271 [info] > git status -z -uall [23ms]
2023-10-11 01:28:33.302 [info] > git config --get commit.template [13ms]
2023-10-11 01:28:33.305 [info] > git for-each-ref --format=%(refname)%00%(upstream:short)%00%(objectname)%00%(upstream:track)%00%(upstream:remotename)%00%(upstream:remoteref) refs/heads/master refs/remotes/master [6ms]
2023-10-11 01:28:33.341 [info] > git status -z -uall [29ms]
2023-10-11 01:28:38.384 [info] > git config --get commit.template [17ms]
2023-10-11 01:28:38.391 [info] > git for-each-ref --format=%(refname)%00%(upstream:short)%00%(objectname)%00%(upstream:track)%00%(upstream:remotename)%00%(upstream:remoteref) refs/heads/master refs/remotes/master [13ms]
2023-10-11 01:28:38.418 [info] > git status -z -uall [19ms]
2023-10-11 02:31:42.216 [info] > git config --get commit.template [22ms]
2023-10-11 02:31:42.224 [info] > git for-each-ref --format=%(refname)%00%(upstream:short)%00%(objectname)%00%(upstream:track)%00%(upstream:remotename)%00%(upstream:remoteref) refs/heads/master refs/remotes/master [18ms]
2023-10-11 02:31:42.338 [info] > git status -z -uall [100ms]
2023-10-11 02:31:47.394 [info] > git config --get commit.template [13ms]
2023-10-11 02:31:47.401 [info] > git for-each-ref --format=%(refname)%00%(upstream:short)%00%(objectname)%00%(upstream:track)%00%(upstream:remotename)%00%(upstream:remoteref) refs/heads/master refs/remotes/master [7ms]
2023-10-11 02:31:47.427 [info] > git status -z -uall [19ms]
2023-10-11 02:31:52.475 [info] > git config --get commit.template [19ms]
2023-10-11 02:31:52.482 [info] > git for-each-ref --format=%(refname)%00%(upstream:short)%00%(objectname)%00%(upstream:track)%00%(upstream:remotename)%00%(upstream:remoteref) refs/heads/master refs/remotes/master [7ms]
2023-10-11 02:31:52.519 [info] > git status -z -uall [23ms]
2023-10-11 02:31:52.986 [info] > git show --textconv :hostname-deployment copy.yaml [13ms]
2023-10-11 02:31:52.992 [info] > git ls-files --stage -- /home/vagrant/hostname-deployment copy.yaml [8ms]
2023-10-11 02:31:53.171 [info] > git check-ignore -v -z --stdin [15ms]
2023-10-11 02:31:57.563 [info] > git config --get commit.template [16ms]
2023-10-11 02:31:57.571 [info] > git for-each-ref --format=%(refname)%00%(upstream:short)%00%(objectname)%00%(upstream:track)%00%(upstream:remotename)%00%(upstream:remoteref) refs/heads/master refs/remotes/master [9ms]
2023-10-11 02:31:57.607 [info] > git status -z -uall [27ms]
2023-10-11 02:32:02.453 [info] > git show --textconv :whoami-deployment.yaml [20ms]
2023-10-11 02:32:02.472 [info] > git ls-files --stage -- /home/vagrant/whoami-deployment.yaml [21ms]
2023-10-11 02:32:02.654 [info] > git config --get commit.template [16ms]
2023-10-11 02:32:02.657 [info] > git for-each-ref --format=%(refname)%00%(upstream:short)%00%(objectname)%00%(upstream:track)%00%(upstream:remotename)%00%(upstream:remoteref) refs/heads/master refs/remotes/master [4ms]
2023-10-11 02:32:02.681 [info] > git status -z -uall [16ms]
2023-10-11 02:32:02.705 [info] > git check-ignore -v -z --stdin [8ms]
2023-10-11 02:32:07.716 [info] > git config --get commit.template [13ms]
2023-10-11 02:32:07.721 [info] > git for-each-ref --format=%(refname)%00%(upstream:short)%00%(objectname)%00%(upstream:track)%00%(upstream:remotename)%00%(upstream:remoteref) refs/heads/master refs/remotes/master [7ms]
2023-10-11 02:32:07.744 [info] > git status -z -uall [15ms]
2023-10-11 02:32:12.770 [info] > git config --get commit.template [14ms]
2023-10-11 02:32:12.776 [info] > git for-each-ref --format=%(refname)%00%(upstream:short)%00%(objectname)%00%(upstream:track)%00%(upstream:remotename)%00%(upstream:remoteref) refs/heads/master refs/remotes/master [7ms]
2023-10-11 02:32:12.802 [info] > git status -z -uall [21ms]
2023-10-11 02:32:17.846 [info] > git config --get commit.template [22ms]
2023-10-11 02:32:17.856 [info] > git for-each-ref --format=%(refname)%00%(upstream:short)%00%(objectname)%00%(upstream:track)%00%(upstream:remotename)%00%(upstream:remoteref) refs/heads/master refs/remotes/master [11ms]
2023-10-11 02:32:17.880 [info] > git status -z -uall [12ms]
2023-10-11 02:32:22.909 [info] > git config --get commit.template [13ms]
2023-10-11 02:32:22.920 [info] > git for-each-ref --format=%(refname)%00%(upstream:short)%00%(objectname)%00%(upstream:track)%00%(upstream:remotename)%00%(upstream:remoteref) refs/heads/master refs/remotes/master [12ms]
2023-10-11 02:32:22.965 [info] > git status -z -uall [20ms]
2023-10-11 02:32:28.011 [info] > git config --get commit.template [13ms]
2023-10-11 02:32:28.015 [info] > git for-each-ref --format=%(refname)%00%(upstream:short)%00%(objectname)%00%(upstream:track)%00%(upstream:remotename)%00%(upstream:remoteref) refs/heads/master refs/remotes/master [5ms]
2023-10-11 02:32:28.039 [info] > git status -z -uall [16ms]
2023-10-11 02:32:33.093 [info] > git config --get commit.template [25ms]
2023-10-11 02:32:33.099 [info] > git for-each-ref --format=%(refname)%00%(upstream:short)%00%(objectname)%00%(upstream:track)%00%(upstream:remotename)%00%(upstream:remoteref) refs/heads/master refs/remotes/master [8ms]
2023-10-11 02:32:33.146 [info] > git status -z -uall [35ms]
2023-10-11 02:32:38.190 [info] > git for-each-ref --format=%(refname)%00%(upstream:short)%00%(objectname)%00%(upstream:track)%00%(upstream:remotename)%00%(upstream:remoteref) refs/heads/master refs/remotes/master [11ms]
2023-10-11 02:32:38.190 [info] > git config --get commit.template [27ms]
2023-10-11 02:32:38.239 [info] > git status -z -uall [29ms]
2023-10-11 02:32:43.281 [info] > git config --get commit.template [20ms]
2023-10-11 02:32:43.295 [info] > git for-each-ref --format=%(refname)%00%(upstream:short)%00%(objectname)%00%(upstream:track)%00%(upstream:remotename)%00%(upstream:remoteref) refs/heads/master refs/remotes/master [14ms]
2023-10-11 02:32:43.331 [info] > git status -z -uall [27ms]
2023-10-11 02:32:48.374 [info] > git config --get commit.template [16ms]
2023-10-11 02:32:48.375 [info] > git for-each-ref --format=%(refname)%00%(upstream:short)%00%(objectname)%00%(upstream:track)%00%(upstream:remotename)%00%(upstream:remoteref) refs/heads/master refs/remotes/master [4ms]
2023-10-11 02:32:48.409 [info] > git status -z -uall [21ms]
2023-10-11 02:32:53.452 [info] > git config --get commit.template [24ms]
2023-10-11 02:32:53.453 [info] > git for-each-ref --format=%(refname)%00%(upstream:short)%00%(objectname)%00%(upstream:track)%00%(upstream:remotename)%00%(upstream:remoteref) refs/heads/master refs/remotes/master [2ms]
2023-10-11 02:32:53.479 [info] > git status -z -uall [12ms]
2023-10-11 02:32:58.508 [info] > git config --get commit.template [15ms]
2023-10-11 02:32:58.516 [info] > git for-each-ref --format=%(refname)%00%(upstream:short)%00%(objectname)%00%(upstream:track)%00%(upstream:remotename)%00%(upstream:remoteref) refs/heads/master refs/remotes/master [10ms]
2023-10-11 02:32:58.623 [info] > git status -z -uall [89ms]
2023-10-11 02:33:03.649 [info] > git config --get commit.template [12ms]
2023-10-11 02:33:03.655 [info] > git for-each-ref --format=%(refname)%00%(upstream:short)%00%(objectname)%00%(upstream:track)%00%(upstream:remotename)%00%(upstream:remoteref) refs/heads/master refs/remotes/master [6ms]
2023-10-11 02:33:03.674 [info] > git status -z -uall [12ms]
2023-10-11 02:33:08.721 [info] > git config --get commit.template [16ms]
2023-10-11 02:33:08.724 [info] > git for-each-ref --format=%(refname)%00%(upstream:short)%00%(objectname)%00%(upstream:track)%00%(upstream:remotename)%00%(upstream:remoteref) refs/heads/master refs/remotes/master [9ms]
2023-10-11 02:33:08.747 [info] > git status -z -uall [17ms]
2023-10-11 02:33:13.774 [info] > git config --get commit.template [14ms]
2023-10-11 02:33:13.778 [info] > git for-each-ref --format=%(refname)%00%(upstream:short)%00%(objectname)%00%(upstream:track)%00%(upstream:remotename)%00%(upstream:remoteref) refs/heads/master refs/remotes/master [7ms]
2023-10-11 02:33:13.806 [info] > git status -z -uall [21ms]
2023-10-11 02:33:38.255 [info] > git for-each-ref --format=%(refname)%00%(upstream:short)%00%(objectname)%00%(upstream:track)%00%(upstream:remotename)%00%(upstream:remoteref) refs/heads/master refs/remotes/master [16ms]
2023-10-11 02:33:38.256 [info] > git config --get commit.template [31ms]
2023-10-11 02:33:38.289 [info] > git status -z -uall [19ms]
2023-10-11 02:33:38.647 [info] > git show --textconv :hostname-service-clusterip.yaml [12ms]
2023-10-11 02:33:38.651 [info] > git ls-files --stage -- /home/vagrant/hostname-service-clusterip.yaml [7ms]
2023-10-11 02:33:38.666 [info] > git cat-file -s fcd25e29e5cf70c079bfa9fda86a8068c74c5889 [5ms]
2023-10-11 02:33:40.053 [info] > git show --textconv :hostname-service-nodeport.yaml [14ms]
2023-10-11 02:33:40.059 [info] > git ls-files --stage -- /home/vagrant/hostname-service-nodeport.yaml [6ms]
2023-10-11 02:33:40.078 [info] > git cat-file -s ed08989caefb72ad947ac31e32875b9402048b63 [6ms]
2023-10-11 02:33:42.561 [info] > git show --textconv :hostname-service-clusterip.yaml [17ms]
2023-10-11 02:33:42.571 [info] > git ls-files --stage -- /home/vagrant/hostname-service-clusterip.yaml [12ms]
2023-10-11 02:33:42.589 [info] > git cat-file -s fcd25e29e5cf70c079bfa9fda86a8068c74c5889 [10ms]
2023-10-11 02:33:43.334 [info] > git config --get commit.template [12ms]
2023-10-11 02:33:43.339 [info] > git for-each-ref --format=%(refname)%00%(upstream:short)%00%(objectname)%00%(upstream:track)%00%(upstream:remotename)%00%(upstream:remoteref) refs/heads/master refs/remotes/master [6ms]
2023-10-11 02:33:43.366 [info] > git status -z -uall [20ms]
2023-10-11 02:33:47.674 [info] > git show --textconv :hostname-service-nodeport.yaml [11ms]
2023-10-11 02:33:47.678 [info] > git ls-files --stage -- /home/vagrant/hostname-service-nodeport.yaml [3ms]
2023-10-11 02:33:47.691 [info] > git cat-file -s ed08989caefb72ad947ac31e32875b9402048b63 [6ms]
2023-10-11 02:33:48.397 [info] > git config --get commit.template [11ms]
2023-10-11 02:33:48.401 [info] > git for-each-ref --format=%(refname)%00%(upstream:short)%00%(objectname)%00%(upstream:track)%00%(upstream:remotename)%00%(upstream:remoteref) refs/heads/master refs/remotes/master [7ms]
2023-10-11 02:33:48.422 [info] > git status -z -uall [15ms]
2023-10-11 02:33:49.089 [info] > git show --textconv :deployment-nginx.yaml [24ms]
2023-10-11 02:33:49.098 [info] > git ls-files --stage -- /home/vagrant/deployment-nginx.yaml [10ms]
2023-10-11 02:33:49.111 [info] > git cat-file -s 1975bb6bdf1ce7c1d7e9ca551b9d5f3fa9906bea [4ms]
2023-10-11 02:33:52.340 [info] > git show --textconv :hostname-deployment.yaml [12ms]
2023-10-11 02:33:52.350 [info] > git ls-files --stage -- /home/vagrant/hostname-deployment.yaml [14ms]
2023-10-11 02:33:52.363 [info] > git cat-file -s d9e7f1afb288f02486047358604b2dac9250d5bb [5ms]
2023-10-11 02:33:53.140 [info] > git show --textconv :calico.yaml [19ms]
2023-10-11 02:33:53.151 [info] > git ls-files --stage -- /home/vagrant/calico.yaml [18ms]
2023-10-11 02:33:53.167 [info] > git cat-file -s 0550bd9ac6b1c31492836aed391d41d2b0a30985 [7ms]
2023-10-11 02:33:53.454 [info] > git config --get commit.template [13ms]
2023-10-11 02:33:53.462 [info] > git for-each-ref --format=%(refname)%00%(upstream:short)%00%(objectname)%00%(upstream:track)%00%(upstream:remotename)%00%(upstream:remoteref) refs/heads/master refs/remotes/master [11ms]
2023-10-11 02:33:53.506 [info] > git status -z -uall [30ms]
2023-10-11 02:33:54.745 [info] > git show --textconv :replicaset-nginx-4pods.yaml [22ms]
2023-10-11 02:33:54.749 [info] > git ls-files --stage -- /home/vagrant/replicaset-nginx-4pods.yaml [5ms]
2023-10-11 02:33:54.768 [info] > git cat-file -s 28bb51450df26050fdfbe7bf59e7014f13a76ac9 [8ms]
2023-10-11 02:33:55.141 [info] > git show --textconv :replicaset-nginx.yaml [12ms]
2023-10-11 02:33:55.145 [info] > git ls-files --stage -- /home/vagrant/replicaset-nginx.yaml [6ms]
2023-10-11 02:33:55.159 [info] > git cat-file -s c810be2ebeb480d661b2af868127abb9cd3bbe23 [8ms]
2023-10-11 02:33:55.521 [info] > git show --textconv :restart-deployment.yaml [27ms]
2023-10-11 02:33:55.521 [info] > git ls-files --stage -- /home/vagrant/restart-deployment.yaml [3ms]
2023-10-11 02:33:55.533 [info] > git cat-file -s 0ef30dba0fc8bd6bbd656e12fd88d34c5145714a [4ms]
2023-10-11 02:33:55.885 [info] > git show --textconv :restart-pod.yaml [16ms]
2023-10-11 02:33:55.892 [info] > git ls-files --stage -- /home/vagrant/restart-pod.yaml [8ms]
2023-10-11 02:33:55.902 [info] > git cat-file -s a79dafaf0f1cd6e2bc550fa2f98e2c5251bb119f [4ms]
2023-10-11 02:33:57.991 [info] > git show --textconv :whoami-deployment.yaml [12ms]
2023-10-11 02:33:57.999 [info] > git ls-files --stage -- /home/vagrant/whoami-deployment.yaml [8ms]
2023-10-11 02:33:58.540 [info] > git config --get commit.template [16ms]
2023-10-11 02:33:58.545 [info] > git for-each-ref --format=%(refname)%00%(upstream:short)%00%(objectname)%00%(upstream:track)%00%(upstream:remotename)%00%(upstream:remoteref) refs/heads/master refs/remotes/master [7ms]
2023-10-11 02:33:58.568 [info] > git status -z -uall [15ms]
2023-10-11 02:34:02.028 [info] > git show --textconv :routing-config.yaml [10ms]
2023-10-11 02:34:02.048 [info] > git ls-files --stage -- /home/vagrant/routing-config.yaml [20ms]
2023-10-11 02:34:03.600 [info] > git config --get commit.template [17ms]
2023-10-11 02:34:03.610 [info] > git for-each-ref --format=%(refname)%00%(upstream:short)%00%(objectname)%00%(upstream:track)%00%(upstream:remotename)%00%(upstream:remoteref) refs/heads/master refs/remotes/master [15ms]
2023-10-11 02:34:03.639 [info] > git status -z -uall [20ms]
2023-10-11 02:34:08.671 [info] > git config --get commit.template [12ms]
2023-10-11 02:34:08.675 [info] > git for-each-ref --format=%(refname)%00%(upstream:short)%00%(objectname)%00%(upstream:track)%00%(upstream:remotename)%00%(upstream:remoteref) refs/heads/master refs/remotes/master [3ms]
2023-10-11 02:34:08.696 [info] > git status -z -uall [15ms]
2023-10-11 02:34:11.490 [info] > git show --textconv :whoami-service.yaml [20ms]
2023-10-11 02:34:11.499 [info] > git ls-files --stage -- /home/vagrant/whoami-service.yaml [9ms]
2023-10-11 02:34:11.718 [info] > git check-ignore -v -z --stdin [9ms]
2023-10-11 02:34:13.714 [info] > git config --get commit.template [6ms]
2023-10-11 02:34:13.725 [info] > git for-each-ref --format=%(refname)%00%(upstream:short)%00%(objectname)%00%(upstream:track)%00%(upstream:remotename)%00%(upstream:remoteref) refs/heads/master refs/remotes/master [5ms]
2023-10-11 02:34:13.747 [info] > git status -z -uall [13ms]
2023-10-11 02:34:18.775 [info] > git for-each-ref --format=%(refname)%00%(upstream:short)%00%(objectname)%00%(upstream:track)%00%(upstream:remotename)%00%(upstream:remoteref) refs/heads/master refs/remotes/master [5ms]
2023-10-11 02:34:18.777 [info] > git config --get commit.template [18ms]
2023-10-11 02:34:18.800 [info] > git status -z -uall [17ms]
2023-10-11 02:34:23.824 [info] > git config --get commit.template [2ms]
2023-10-11 02:34:23.836 [info] > git for-each-ref --format=%(refname)%00%(upstream:short)%00%(objectname)%00%(upstream:track)%00%(upstream:remotename)%00%(upstream:remoteref) refs/heads/master refs/remotes/master [3ms]
2023-10-11 02:34:23.862 [info] > git status -z -uall [16ms]
2023-10-11 02:34:28.903 [info] > git config --get commit.template [10ms]
2023-10-11 02:34:28.907 [info] > git for-each-ref --format=%(refname)%00%(upstream:short)%00%(objectname)%00%(upstream:track)%00%(upstream:remotename)%00%(upstream:remoteref) refs/heads/master refs/remotes/master [5ms]
2023-10-11 02:34:28.944 [info] > git status -z -uall [30ms]
2023-10-11 02:34:33.967 [info] > git config --get commit.template [3ms]
2023-10-11 02:34:33.979 [info] > git for-each-ref --format=%(refname)%00%(upstream:short)%00%(objectname)%00%(upstream:track)%00%(upstream:remotename)%00%(upstream:remoteref) refs/heads/master refs/remotes/master [6ms]
2023-10-11 02:34:34.000 [info] > git status -z -uall [13ms]
2023-10-11 02:34:39.027 [info] > git config --get commit.template [12ms]
2023-10-11 02:34:39.032 [info] > git for-each-ref --format=%(refname)%00%(upstream:short)%00%(objectname)%00%(upstream:track)%00%(upstream:remotename)%00%(upstream:remoteref) refs/heads/master refs/remotes/master [6ms]
2023-10-11 02:34:39.067 [info] > git status -z -uall [28ms]
2023-10-11 02:34:44.120 [info] > git config --get commit.template [26ms]
2023-10-11 02:34:44.124 [info] > git for-each-ref --format=%(refname)%00%(upstream:short)%00%(objectname)%00%(upstream:track)%00%(upstream:remotename)%00%(upstream:remoteref) refs/heads/master refs/remotes/master [5ms]
2023-10-11 02:34:44.164 [info] > git status -z -uall [31ms]
2023-10-11 02:34:49.192 [info] > git config --get commit.template [13ms]
2023-10-11 02:34:49.196 [info] > git for-each-ref --format=%(refname)%00%(upstream:short)%00%(objectname)%00%(upstream:track)%00%(upstream:remotename)%00%(upstream:remoteref) refs/heads/master refs/remotes/master [4ms]
2023-10-11 02:34:49.218 [info] > git status -z -uall [16ms]
2023-10-11 02:35:03.319 [info] > git config --get commit.template [16ms]
2023-10-11 02:35:03.322 [info] > git for-each-ref --format=%(refname)%00%(upstream:short)%00%(objectname)%00%(upstream:track)%00%(upstream:remotename)%00%(upstream:remoteref) refs/heads/master refs/remotes/master [5ms]
2023-10-11 02:35:03.367 [info] > git status -z -uall [15ms]
2023-10-11 02:35:03.735 [info] > git show --textconv :whoami-deployment.yaml [16ms]
2023-10-11 02:35:03.742 [info] > git ls-files --stage -- /home/vagrant/whoami-deployment.yaml [9ms]
2023-10-11 02:35:08.401 [info] > git for-each-ref --format=%(refname)%00%(upstream:short)%00%(objectname)%00%(upstream:track)%00%(upstream:remotename)%00%(upstream:remoteref) refs/heads/master refs/remotes/master [6ms]
2023-10-11 02:35:08.403 [info] > git config --get commit.template [19ms]
2023-10-11 02:35:08.430 [info] > git status -z -uall [16ms]
2023-10-11 02:35:21.353 [info] > git config --get commit.template [19ms]
2023-10-11 02:35:21.357 [info] > git for-each-ref --format=%(refname)%00%(upstream:short)%00%(objectname)%00%(upstream:track)%00%(upstream:remotename)%00%(upstream:remoteref) refs/heads/master refs/remotes/master [5ms]
2023-10-11 02:35:21.498 [info] > git status -z -uall [111ms]
2023-10-11 02:35:21.894 [info] > git show --textconv :whoami-service.yaml [18ms]
2023-10-11 02:35:21.904 [info] > git ls-files --stage -- /home/vagrant/whoami-service.yaml [12ms]
2023-10-11 02:35:26.548 [info] > git config --get commit.template [25ms]
2023-10-11 02:35:26.556 [info] > git for-each-ref --format=%(refname)%00%(upstream:short)%00%(objectname)%00%(upstream:track)%00%(upstream:remotename)%00%(upstream:remoteref) refs/heads/master refs/remotes/master [9ms]
2023-10-11 02:35:26.581 [info] > git status -z -uall [15ms]
2023-10-11 02:35:31.621 [info] > git for-each-ref --format=%(refname)%00%(upstream:short)%00%(objectname)%00%(upstream:track)%00%(upstream:remotename)%00%(upstream:remoteref) refs/heads/master refs/remotes/master [1ms]
2023-10-11 02:35:31.621 [info] > git config --get commit.template [20ms]
2023-10-11 02:35:31.657 [info] > git status -z -uall [25ms]
2023-10-11 02:35:36.707 [info] > git config --get commit.template [23ms]
2023-10-11 02:35:36.711 [info] > git for-each-ref --format=%(refname)%00%(upstream:short)%00%(objectname)%00%(upstream:track)%00%(upstream:remotename)%00%(upstream:remoteref) refs/heads/master refs/remotes/master [8ms]
2023-10-11 02:35:36.749 [info] > git status -z -uall [25ms]
2023-10-11 02:35:41.774 [info] > git config --get commit.template [8ms]
2023-10-11 02:35:41.780 [info] > git for-each-ref --format=%(refname)%00%(upstream:short)%00%(objectname)%00%(upstream:track)%00%(upstream:remotename)%00%(upstream:remoteref) refs/heads/master refs/remotes/master [7ms]
2023-10-11 02:35:41.801 [info] > git status -z -uall [14ms]
2023-10-11 02:35:46.835 [info] > git config --get commit.template [16ms]
2023-10-11 02:35:46.841 [info] > git for-each-ref --format=%(refname)%00%(upstream:short)%00%(objectname)%00%(upstream:track)%00%(upstream:remotename)%00%(upstream:remoteref) refs/heads/master refs/remotes/master [7ms]
2023-10-11 02:35:46.860 [info] > git status -z -uall [12ms]
2023-10-11 02:35:51.904 [info] > git config --get commit.template [20ms]
2023-10-11 02:35:51.915 [info] > git for-each-ref --format=%(refname)%00%(upstream:short)%00%(objectname)%00%(upstream:track)%00%(upstream:remotename)%00%(upstream:remoteref) refs/heads/master refs/remotes/master [12ms]
2023-10-11 02:35:51.959 [info] > git status -z -uall [27ms]
2023-10-11 02:35:57.002 [info] > git config --get commit.template [13ms]
2023-10-11 02:35:57.006 [info] > git for-each-ref --format=%(refname)%00%(upstream:short)%00%(objectname)%00%(upstream:track)%00%(upstream:remotename)%00%(upstream:remoteref) refs/heads/master refs/remotes/master [6ms]
2023-10-11 02:35:57.029 [info] > git status -z -uall [15ms]
2023-10-11 02:36:02.071 [info] > git config --get commit.template [22ms]
2023-10-11 02:36:02.076 [info] > git for-each-ref --format=%(refname)%00%(upstream:short)%00%(objectname)%00%(upstream:track)%00%(upstream:remotename)%00%(upstream:remoteref) refs/heads/master refs/remotes/master [10ms]
2023-10-11 02:36:02.115 [info] > git status -z -uall [30ms]
2023-10-11 02:36:07.146 [info] > git config --get commit.template [14ms]
2023-10-11 02:36:07.149 [info] > git for-each-ref --format=%(refname)%00%(upstream:short)%00%(objectname)%00%(upstream:track)%00%(upstream:remotename)%00%(upstream:remoteref) refs/heads/master refs/remotes/master [4ms]
2023-10-11 02:36:07.171 [info] > git status -z -uall [14ms]
2023-10-11 02:36:08.419 [info] > git show --textconv :whoami-deployment.yaml [22ms]
2023-10-11 02:36:08.422 [info] > git ls-files --stage -- /home/vagrant/whoami-deployment.yaml [7ms]
2023-10-11 02:36:10.001 [info] > git show --textconv :whoami-service.yaml [9ms]
2023-10-11 02:36:10.011 [info] > git ls-files --stage -- /home/vagrant/whoami-service.yaml [10ms]
2023-10-11 02:36:12.196 [info] > git config --get commit.template [9ms]
2023-10-11 02:36:12.202 [info] > git for-each-ref --format=%(refname)%00%(upstream:short)%00%(objectname)%00%(upstream:track)%00%(upstream:remotename)%00%(upstream:remoteref) refs/heads/master refs/remotes/master [6ms]
2023-10-11 02:36:12.229 [info] > git status -z -uall [21ms]
2023-10-11 02:36:17.274 [info] > git config --get commit.template [19ms]
2023-10-11 02:36:17.278 [info] > git for-each-ref --format=%(refname)%00%(upstream:short)%00%(objectname)%00%(upstream:track)%00%(upstream:remotename)%00%(upstream:remoteref) refs/heads/master refs/remotes/master [6ms]
2023-10-11 02:36:17.324 [info] > git status -z -uall [33ms]
2023-10-11 02:36:22.361 [info] > git config --get commit.template [17ms]
2023-10-11 02:36:22.365 [info] > git for-each-ref --format=%(refname)%00%(upstream:short)%00%(objectname)%00%(upstream:track)%00%(upstream:remotename)%00%(upstream:remoteref) refs/heads/master refs/remotes/master [7ms]
2023-10-11 02:36:22.402 [info] > git status -z -uall [28ms]
2023-10-11 02:36:27.440 [info] > git config --get commit.template [20ms]
2023-10-11 02:36:27.451 [info] > git for-each-ref --format=%(refname)%00%(upstream:short)%00%(objectname)%00%(upstream:track)%00%(upstream:remotename)%00%(upstream:remoteref) refs/heads/master refs/remotes/master [13ms]
2023-10-11 02:36:27.474 [info] > git status -z -uall [13ms]
2023-10-11 02:36:32.526 [info] > git config --get commit.template [19ms]
2023-10-11 02:36:32.530 [info] > git for-each-ref --format=%(refname)%00%(upstream:short)%00%(objectname)%00%(upstream:track)%00%(upstream:remotename)%00%(upstream:remoteref) refs/heads/master refs/remotes/master [6ms]
2023-10-11 02:36:32.574 [info] > git status -z -uall [28ms]
2023-10-11 02:36:37.611 [info] > git config --get commit.template [16ms]
2023-10-11 02:36:37.616 [info] > git for-each-ref --format=%(refname)%00%(upstream:short)%00%(objectname)%00%(upstream:track)%00%(upstream:remotename)%00%(upstream:remoteref) refs/heads/master refs/remotes/master [6ms]
2023-10-11 02:36:37.637 [info] > git status -z -uall [12ms]
2023-10-11 02:36:42.666 [info] > git config --get commit.template [11ms]
2023-10-11 02:36:42.670 [info] > git for-each-ref --format=%(refname)%00%(upstream:short)%00%(objectname)%00%(upstream:track)%00%(upstream:remotename)%00%(upstream:remoteref) refs/heads/master refs/remotes/master [5ms]
2023-10-11 02:36:42.699 [info] > git status -z -uall [23ms]
2023-10-11 02:36:47.752 [info] > git config --get commit.template [14ms]
2023-10-11 02:36:47.763 [info] > git for-each-ref --format=%(refname)%00%(upstream:short)%00%(objectname)%00%(upstream:track)%00%(upstream:remotename)%00%(upstream:remoteref) refs/heads/master refs/remotes/master [12ms]
2023-10-11 02:36:47.790 [info] > git status -z -uall [14ms]
2023-10-11 02:36:52.829 [info] > git config --get commit.template [17ms]
2023-10-11 02:36:52.836 [info] > git for-each-ref --format=%(refname)%00%(upstream:short)%00%(objectname)%00%(upstream:track)%00%(upstream:remotename)%00%(upstream:remoteref) refs/heads/master refs/remotes/master [8ms]
2023-10-11 02:36:52.883 [info] > git status -z -uall [33ms]
2023-10-11 02:37:41.794 [info] > git config --get commit.template [14ms]
2023-10-11 02:37:41.802 [info] > git for-each-ref --format=%(refname)%00%(upstream:short)%00%(objectname)%00%(upstream:track)%00%(upstream:remotename)%00%(upstream:remoteref) refs/heads/master refs/remotes/master [9ms]
2023-10-11 02:37:41.841 [info] > git status -z -uall [24ms]
2023-10-11 02:37:46.876 [info] > git config --get commit.template [17ms]
2023-10-11 02:37:46.892 [info] > git for-each-ref --format=%(refname)%00%(upstream:short)%00%(objectname)%00%(upstream:track)%00%(upstream:remotename)%00%(upstream:remoteref) refs/heads/master refs/remotes/master [17ms]
2023-10-11 02:37:46.940 [info] > git status -z -uall [29ms]
2023-10-11 02:37:51.971 [info] > git config --get commit.template [11ms]
2023-10-11 02:37:51.981 [info] > git for-each-ref --format=%(refname)%00%(upstream:short)%00%(objectname)%00%(upstream:track)%00%(upstream:remotename)%00%(upstream:remoteref) refs/heads/master refs/remotes/master [11ms]
2023-10-11 02:37:52.016 [info] > git status -z -uall [28ms]
2023-10-11 02:37:57.048 [info] > git config --get commit.template [14ms]
2023-10-11 02:37:57.049 [info] > git for-each-ref --format=%(refname)%00%(upstream:short)%00%(objectname)%00%(upstream:track)%00%(upstream:remotename)%00%(upstream:remoteref) refs/heads/master refs/remotes/master [2ms]
2023-10-11 02:37:57.077 [info] > git status -z -uall [17ms]
2023-10-11 02:38:02.105 [info] > git config --get commit.template [11ms]
2023-10-11 02:38:02.112 [info] > git for-each-ref --format=%(refname)%00%(upstream:short)%00%(objectname)%00%(upstream:track)%00%(upstream:remotename)%00%(upstream:remoteref) refs/heads/master refs/remotes/master [10ms]
2023-10-11 02:38:02.143 [info] > git status -z -uall [23ms]
2023-10-11 02:38:07.179 [info] > git config --get commit.template [12ms]
2023-10-11 02:38:07.182 [info] > git for-each-ref --format=%(refname)%00%(upstream:short)%00%(objectname)%00%(upstream:track)%00%(upstream:remotename)%00%(upstream:remoteref) refs/heads/master refs/remotes/master [4ms]
2023-10-11 02:38:07.204 [info] > git status -z -uall [14ms]
2023-10-11 02:38:12.239 [info] > git config --get commit.template [13ms]
2023-10-11 02:38:12.241 [info] > git for-each-ref --format=%(refname)%00%(upstream:short)%00%(objectname)%00%(upstream:track)%00%(upstream:remotename)%00%(upstream:remoteref) refs/heads/master refs/remotes/master [4ms]
2023-10-11 02:38:12.285 [info] > git status -z -uall [20ms]
2023-10-11 02:38:17.091 [info] > git show --textconv :whoami-deployment.yaml [10ms]
2023-10-11 02:38:17.096 [info] > git ls-files --stage -- /home/vagrant/whoami-deployment.yaml [5ms]
2023-10-11 02:38:17.316 [info] > git config --get commit.template [12ms]
2023-10-11 02:38:17.322 [info] > git for-each-ref --format=%(refname)%00%(upstream:short)%00%(objectname)%00%(upstream:track)%00%(upstream:remotename)%00%(upstream:remoteref) refs/heads/master refs/remotes/master [7ms]
2023-10-11 02:38:17.350 [info] > git status -z -uall [18ms]
2023-10-11 02:38:22.379 [info] > git config --get commit.template [11ms]
2023-10-11 02:38:22.382 [info] > git for-each-ref --format=%(refname)%00%(upstream:short)%00%(objectname)%00%(upstream:track)%00%(upstream:remotename)%00%(upstream:remoteref) refs/heads/master refs/remotes/master [4ms]
2023-10-11 02:38:22.404 [info] > git status -z -uall [16ms]
2023-10-11 02:38:27.455 [info] > git config --get commit.template [23ms]
2023-10-11 02:38:27.463 [info] > git for-each-ref --format=%(refname)%00%(upstream:short)%00%(objectname)%00%(upstream:track)%00%(upstream:remotename)%00%(upstream:remoteref) refs/heads/master refs/remotes/master [10ms]
2023-10-11 02:38:27.499 [info] > git status -z -uall [14ms]
2023-10-11 02:38:30.349 [info] > git show --textconv :whoami-service.yaml [17ms]
2023-10-11 02:38:30.353 [info] > git ls-files --stage -- /home/vagrant/whoami-service.yaml [5ms]
2023-10-11 02:38:32.551 [info] > git config --get commit.template [17ms]
2023-10-11 02:38:32.562 [info] > git for-each-ref --format=%(refname)%00%(upstream:short)%00%(objectname)%00%(upstream:track)%00%(upstream:remotename)%00%(upstream:remoteref) refs/heads/master refs/remotes/master [13ms]
2023-10-11 02:38:32.592 [info] > git status -z -uall [20ms]
2023-10-11 02:38:33.693 [info] > git show --textconv :routing-config.yaml [16ms]
2023-10-11 02:38:33.696 [info] > git ls-files --stage -- /home/vagrant/routing-config.yaml [6ms]
2023-10-11 02:38:35.002 [info] > git show --textconv :whoami-service.yaml [17ms]
2023-10-11 02:38:35.006 [info] > git ls-files --stage -- /home/vagrant/whoami-service.yaml [7ms]
2023-10-11 02:38:37.629 [info] > git config --get commit.template [21ms]
2023-10-11 02:38:37.633 [info] > git for-each-ref --format=%(refname)%00%(upstream:short)%00%(objectname)%00%(upstream:track)%00%(upstream:remotename)%00%(upstream:remoteref) refs/heads/master refs/remotes/master [8ms]
2023-10-11 02:38:37.667 [info] > git status -z -uall [18ms]
2023-10-11 02:39:59.811 [info] > git config --get commit.template [12ms]
2023-10-11 02:39:59.816 [info] > git for-each-ref --format=%(refname)%00%(upstream:short)%00%(objectname)%00%(upstream:track)%00%(upstream:remotename)%00%(upstream:remoteref) refs/heads/master refs/remotes/master [6ms]
2023-10-11 02:39:59.843 [info] > git status -z -uall [18ms]
2023-10-11 02:40:00.215 [info] > git ls-files --stage -- /home/vagrant/routing-config.yaml [10ms]
2023-10-11 02:40:00.220 [info] > git show --textconv :routing-config.yaml [25ms]
2023-10-11 02:40:01.549 [info] > git show --textconv :whoami-deployment.yaml [20ms]
2023-10-11 02:40:01.557 [info] > git ls-files --stage -- /home/vagrant/whoami-deployment.yaml [9ms]
2023-10-11 02:40:03.443 [info] > git show --textconv :whoami-service.yaml [9ms]
2023-10-11 02:40:03.451 [info] > git ls-files --stage -- /home/vagrant/whoami-service.yaml [8ms]
2023-10-11 02:40:04.869 [info] > git config --get commit.template [12ms]
2023-10-11 02:40:04.870 [info] > git for-each-ref --format=%(refname)%00%(upstream:short)%00%(objectname)%00%(upstream:track)%00%(upstream:remotename)%00%(upstream:remoteref) refs/heads/master refs/remotes/master [3ms]
2023-10-11 02:40:04.889 [info] > git status -z -uall [13ms]
2023-10-11 02:40:07.011 [info] > git show --textconv :whoami-deployment.yaml [9ms]
2023-10-11 02:40:07.017 [info] > git ls-files --stage -- /home/vagrant/whoami-deployment.yaml [7ms]
2023-10-11 02:40:09.939 [info] > git config --get commit.template [25ms]
2023-10-11 02:40:09.943 [info] > git for-each-ref --format=%(refname)%00%(upstream:short)%00%(objectname)%00%(upstream:track)%00%(upstream:remotename)%00%(upstream:remoteref) refs/heads/master refs/remotes/master [12ms]
2023-10-11 02:40:09.962 [info] > git status -z -uall [12ms]
2023-10-11 02:40:14.991 [info] > git config --get commit.template [13ms]
2023-10-11 02:40:14.995 [info] > git for-each-ref --format=%(refname)%00%(upstream:short)%00%(objectname)%00%(upstream:track)%00%(upstream:remotename)%00%(upstream:remoteref) refs/heads/master refs/remotes/master [4ms]
2023-10-11 02:40:15.013 [info] > git status -z -uall [13ms]
2023-10-11 02:41:00.543 [info] > git config --get commit.template [14ms]
2023-10-11 02:41:00.545 [info] > git for-each-ref --format=%(refname)%00%(upstream:short)%00%(objectname)%00%(upstream:track)%00%(upstream:remotename)%00%(upstream:remoteref) refs/heads/master refs/remotes/master [4ms]
2023-10-11 02:41:00.574 [info] > git status -z -uall [19ms]
2023-10-11 02:41:46.803 [info] > git config --get commit.template [20ms]
2023-10-11 02:41:46.805 [info] > git for-each-ref --format=%(refname)%00%(upstream:short)%00%(objectname)%00%(upstream:track)%00%(upstream:remotename)%00%(upstream:remoteref) refs/heads/master refs/remotes/master [3ms]
2023-10-11 02:41:46.827 [info] > git status -z -uall [13ms]
2023-10-11 02:44:39.040 [info] > git config --get commit.template [13ms]
2023-10-11 02:44:39.046 [info] > git for-each-ref --format=%(refname)%00%(upstream:short)%00%(objectname)%00%(upstream:track)%00%(upstream:remotename)%00%(upstream:remoteref) refs/heads/master refs/remotes/master [8ms]
2023-10-11 02:44:39.093 [info] > git status -z -uall [39ms]
2023-10-11 02:44:44.127 [info] > git config --get commit.template [13ms]
2023-10-11 02:44:44.135 [info] > git for-each-ref --format=%(refname)%00%(upstream:short)%00%(objectname)%00%(upstream:track)%00%(upstream:remotename)%00%(upstream:remoteref) refs/heads/master refs/remotes/master [9ms]
2023-10-11 02:44:44.160 [info] > git status -z -uall [14ms]
2023-10-11 02:44:49.196 [info] > git config --get commit.template [16ms]
2023-10-11 02:44:49.204 [info] > git for-each-ref --format=%(refname)%00%(upstream:short)%00%(objectname)%00%(upstream:track)%00%(upstream:remotename)%00%(upstream:remoteref) refs/heads/master refs/remotes/master [9ms]
2023-10-11 02:44:49.232 [info] > git status -z -uall [21ms]
2023-10-11 02:44:54.258 [info] > git config --get commit.template [9ms]
2023-10-11 02:44:54.263 [info] > git for-each-ref --format=%(refname)%00%(upstream:short)%00%(objectname)%00%(upstream:track)%00%(upstream:remotename)%00%(upstream:remoteref) refs/heads/master refs/remotes/master [6ms]
2023-10-11 02:44:54.292 [info] > git status -z -uall [19ms]
2023-10-11 02:44:59.345 [info] > git config --get commit.template [17ms]
2023-10-11 02:44:59.346 [info] > git for-each-ref --format=%(refname)%00%(upstream:short)%00%(objectname)%00%(upstream:track)%00%(upstream:remotename)%00%(upstream:remoteref) refs/heads/master refs/remotes/master [4ms]
2023-10-11 02:44:59.398 [info] > git status -z -uall [41ms]
2023-10-11 02:45:04.434 [info] > git config --get commit.template [11ms]
2023-10-11 02:45:04.436 [info] > git for-each-ref --format=%(refname)%00%(upstream:short)%00%(objectname)%00%(upstream:track)%00%(upstream:remotename)%00%(upstream:remoteref) refs/heads/master refs/remotes/master [4ms]
2023-10-11 02:45:04.459 [info] > git status -z -uall [16ms]
2023-10-11 02:45:09.526 [info] > git config --get commit.template [41ms]
2023-10-11 02:45:09.532 [info] > git for-each-ref --format=%(refname)%00%(upstream:short)%00%(objectname)%00%(upstream:track)%00%(upstream:remotename)%00%(upstream:remoteref) refs/heads/master refs/remotes/master [7ms]
2023-10-11 02:45:09.552 [info] > git status -z -uall [11ms]
2023-10-11 02:45:14.585 [info] > git config --get commit.template [11ms]
2023-10-11 02:45:14.587 [info] > git for-each-ref --format=%(refname)%00%(upstream:short)%00%(objectname)%00%(upstream:track)%00%(upstream:remotename)%00%(upstream:remoteref) refs/heads/master refs/remotes/master [3ms]
2023-10-11 02:45:14.631 [info] > git status -z -uall [26ms]
2023-10-11 02:45:19.662 [info] > git config --get commit.template [14ms]
2023-10-11 02:45:19.667 [info] > git for-each-ref --format=%(refname)%00%(upstream:short)%00%(objectname)%00%(upstream:track)%00%(upstream:remotename)%00%(upstream:remoteref) refs/heads/master refs/remotes/master [7ms]
2023-10-11 02:45:19.718 [info] > git status -z -uall [40ms]
2023-10-11 02:45:20.685 [info] > git show --textconv :whoami-service.yaml [10ms]
2023-10-11 02:45:20.689 [info] > git ls-files --stage -- /home/vagrant/whoami-service.yaml [5ms]
2023-10-11 02:45:24.743 [info] > git config --get commit.template [8ms]
2023-10-11 02:45:24.756 [info] > git for-each-ref --format=%(refname)%00%(upstream:short)%00%(objectname)%00%(upstream:track)%00%(upstream:remotename)%00%(upstream:remoteref) refs/heads/master refs/remotes/master [4ms]
2023-10-11 02:45:24.788 [info] > git status -z -uall [22ms]
2023-10-11 02:45:29.808 [info] > git config --get commit.template [8ms]
2023-10-11 02:45:29.813 [info] > git for-each-ref --format=%(refname)%00%(upstream:short)%00%(objectname)%00%(upstream:track)%00%(upstream:remotename)%00%(upstream:remoteref) refs/heads/master refs/remotes/master [5ms]
2023-10-11 02:45:29.832 [info] > git status -z -uall [12ms]
2023-10-11 02:45:30.317 [info] > git show --textconv :whoami-deployment.yaml [14ms]
2023-10-11 02:45:30.320 [info] > git ls-files --stage -- /home/vagrant/whoami-deployment.yaml [4ms]
2023-10-11 02:45:34.862 [info] > git config --get commit.template [13ms]
2023-10-11 02:45:34.863 [info] > git for-each-ref --format=%(refname)%00%(upstream:short)%00%(objectname)%00%(upstream:track)%00%(upstream:remotename)%00%(upstream:remoteref) refs/heads/master refs/remotes/master [3ms]
2023-10-11 02:45:34.898 [info] > git status -z -uall [26ms]
2023-10-11 02:45:38.260 [info] > git show --textconv :whoami-service.yaml [7ms]
2023-10-11 02:45:38.265 [info] > git ls-files --stage -- /home/vagrant/whoami-service.yaml [4ms]
2023-10-11 02:45:39.923 [info] > git config --get commit.template [10ms]
2023-10-11 02:45:39.926 [info] > git for-each-ref --format=%(refname)%00%(upstream:short)%00%(objectname)%00%(upstream:track)%00%(upstream:remotename)%00%(upstream:remoteref) refs/heads/master refs/remotes/master [4ms]
2023-10-11 02:45:39.966 [info] > git status -z -uall [25ms]
2023-10-11 02:45:45.010 [info] > git config --get commit.template [18ms]
2023-10-11 02:45:45.026 [info] > git for-each-ref --format=%(refname)%00%(upstream:short)%00%(objectname)%00%(upstream:track)%00%(upstream:remotename)%00%(upstream:remoteref) refs/heads/master refs/remotes/master [20ms]
2023-10-11 02:45:45.053 [info] > git status -z -uall [19ms]
2023-10-11 02:45:49.186 [info] > git show --textconv :whoami-deployment.yaml [24ms]
2023-10-11 02:45:49.191 [info] > git ls-files --stage -- /home/vagrant/whoami-deployment.yaml [6ms]
2023-10-11 02:45:50.088 [info] > git config --get commit.template [13ms]
2023-10-11 02:45:50.094 [info] > git for-each-ref --format=%(refname)%00%(upstream:short)%00%(objectname)%00%(upstream:track)%00%(upstream:remotename)%00%(upstream:remoteref) refs/heads/master refs/remotes/master [8ms]
2023-10-11 02:45:50.127 [info] > git status -z -uall [25ms]
2023-10-11 02:45:53.474 [info] > git show --textconv :whoami-service.yaml [9ms]
2023-10-11 02:45:53.482 [info] > git ls-files --stage -- /home/vagrant/whoami-service.yaml [9ms]
2023-10-11 02:45:55.171 [info] > git config --get commit.template [21ms]
2023-10-11 02:45:55.174 [info] > git for-each-ref --format=%(refname)%00%(upstream:short)%00%(objectname)%00%(upstream:track)%00%(upstream:remotename)%00%(upstream:remoteref) refs/heads/master refs/remotes/master [4ms]
2023-10-11 02:45:55.196 [info] > git status -z -uall [13ms]
2023-10-11 02:45:58.581 [info] > git show --textconv :whoami-deployment.yaml [23ms]
2023-10-11 02:45:58.593 [info] > git ls-files --stage -- /home/vagrant/whoami-deployment.yaml [24ms]
2023-10-11 02:46:00.225 [info] > git config --get commit.template [2ms]
2023-10-11 02:46:00.241 [info] > git for-each-ref --format=%(refname)%00%(upstream:short)%00%(objectname)%00%(upstream:track)%00%(upstream:remotename)%00%(upstream:remoteref) refs/heads/master refs/remotes/master [7ms]
2023-10-11 02:46:00.271 [info] > git status -z -uall [22ms]
2023-10-11 02:46:05.321 [info] > git config --get commit.template [23ms]
2023-10-11 02:46:05.326 [info] > git for-each-ref --format=%(refname)%00%(upstream:short)%00%(objectname)%00%(upstream:track)%00%(upstream:remotename)%00%(upstream:remoteref) refs/heads/master refs/remotes/master [5ms]
2023-10-11 02:46:05.359 [info] > git status -z -uall [19ms]
2023-10-11 02:46:56.622 [info] > git config --get commit.template [16ms]
2023-10-11 02:46:56.630 [info] > git for-each-ref --format=%(refname)%00%(upstream:short)%00%(objectname)%00%(upstream:track)%00%(upstream:remotename)%00%(upstream:remoteref) refs/heads/master refs/remotes/master [9ms]
2023-10-11 02:46:56.654 [info] > git status -z -uall [12ms]
2023-10-11 02:47:01.695 [info] > git config --get commit.template [18ms]
2023-10-11 02:47:01.702 [info] > git for-each-ref --format=%(refname)%00%(upstream:short)%00%(objectname)%00%(upstream:track)%00%(upstream:remotename)%00%(upstream:remoteref) refs/heads/master refs/remotes/master [9ms]
2023-10-11 02:47:01.738 [info] > git status -z -uall [26ms]
2023-10-11 02:47:06.768 [info] > git config --get commit.template [13ms]
2023-10-11 02:47:06.770 [info] > git for-each-ref --format=%(refname)%00%(upstream:short)%00%(objectname)%00%(upstream:track)%00%(upstream:remotename)%00%(upstream:remoteref) refs/heads/master refs/remotes/master [4ms]
2023-10-11 02:47:06.796 [info] > git status -z -uall [14ms]
2023-10-11 02:47:24.341 [info] > git config --get commit.template [16ms]
2023-10-11 02:47:24.344 [info] > git for-each-ref --format=%(refname)%00%(upstream:short)%00%(objectname)%00%(upstream:track)%00%(upstream:remotename)%00%(upstream:remoteref) refs/heads/master refs/remotes/master [3ms]
2023-10-11 02:47:24.372 [info] > git status -z -uall [18ms]
2023-10-11 02:47:29.404 [info] > git config --get commit.template [13ms]
2023-10-11 02:47:29.409 [info] > git for-each-ref --format=%(refname)%00%(upstream:short)%00%(objectname)%00%(upstream:track)%00%(upstream:remotename)%00%(upstream:remoteref) refs/heads/master refs/remotes/master [6ms]
2023-10-11 02:47:29.434 [info] > git status -z -uall [17ms]
2023-10-11 02:47:34.467 [info] > git config --get commit.template [17ms]
2023-10-11 02:47:34.472 [info] > git for-each-ref --format=%(refname)%00%(upstream:short)%00%(objectname)%00%(upstream:track)%00%(upstream:remotename)%00%(upstream:remoteref) refs/heads/master refs/remotes/master [8ms]
2023-10-11 02:47:34.528 [info] > git status -z -uall [41ms]
2023-10-11 02:47:39.553 [info] > git config --get commit.template [5ms]
2023-10-11 02:47:39.567 [info] > git for-each-ref --format=%(refname)%00%(upstream:short)%00%(objectname)%00%(upstream:track)%00%(upstream:remotename)%00%(upstream:remoteref) refs/heads/master refs/remotes/master [7ms]
2023-10-11 02:47:39.604 [info] > git status -z -uall [24ms]
2023-10-11 02:47:44.638 [info] > git config --get commit.template [17ms]
2023-10-11 02:47:44.645 [info] > git for-each-ref --format=%(refname)%00%(upstream:short)%00%(objectname)%00%(upstream:track)%00%(upstream:remotename)%00%(upstream:remoteref) refs/heads/master refs/remotes/master [9ms]
2023-10-11 02:47:44.674 [info] > git status -z -uall [17ms]
2023-10-11 02:47:49.696 [info] > git config --get commit.template [10ms]
2023-10-11 02:47:49.701 [info] > git for-each-ref --format=%(refname)%00%(upstream:short)%00%(objectname)%00%(upstream:track)%00%(upstream:remotename)%00%(upstream:remoteref) refs/heads/master refs/remotes/master [6ms]
2023-10-11 02:47:49.726 [info] > git status -z -uall [17ms]
2023-10-11 02:47:54.764 [info] > git config --get commit.template [14ms]
2023-10-11 02:47:54.772 [info] > git for-each-ref --format=%(refname)%00%(upstream:short)%00%(objectname)%00%(upstream:track)%00%(upstream:remotename)%00%(upstream:remoteref) refs/heads/master refs/remotes/master [9ms]
2023-10-11 02:47:54.820 [info] > git status -z -uall [34ms]
2023-10-11 02:47:59.846 [info] > git config --get commit.template [10ms]
2023-10-11 02:47:59.849 [info] > git for-each-ref --format=%(refname)%00%(upstream:short)%00%(objectname)%00%(upstream:track)%00%(upstream:remotename)%00%(upstream:remoteref) refs/heads/master refs/remotes/master [5ms]
2023-10-11 02:47:59.881 [info] > git status -z -uall [22ms]
2023-10-11 02:48:04.919 [info] > git config --get commit.template [11ms]
2023-10-11 02:48:04.924 [info] > git for-each-ref --format=%(refname)%00%(upstream:short)%00%(objectname)%00%(upstream:track)%00%(upstream:remotename)%00%(upstream:remoteref) refs/heads/master refs/remotes/master [6ms]
2023-10-11 02:48:04.952 [info] > git status -z -uall [20ms]
2023-10-11 02:48:09.986 [info] > git config --get commit.template [13ms]
2023-10-11 02:48:09.989 [info] > git for-each-ref --format=%(refname)%00%(upstream:short)%00%(objectname)%00%(upstream:track)%00%(upstream:remotename)%00%(upstream:remoteref) refs/heads/master refs/remotes/master [6ms]
2023-10-11 02:48:10.056 [info] > git status -z -uall [55ms]
2023-10-11 02:48:45.131 [info] > git config --get commit.template [12ms]
2023-10-11 02:48:45.136 [info] > git for-each-ref --format=%(refname)%00%(upstream:short)%00%(objectname)%00%(upstream:track)%00%(upstream:remotename)%00%(upstream:remoteref) refs/heads/master refs/remotes/master [6ms]
2023-10-11 02:48:45.161 [info] > git status -z -uall [17ms]
2023-10-11 02:48:58.792 [info] > git config --get commit.template [11ms]
2023-10-11 02:48:58.801 [info] > git for-each-ref --format=%(refname)%00%(upstream:short)%00%(objectname)%00%(upstream:track)%00%(upstream:remotename)%00%(upstream:remoteref) refs/heads/master refs/remotes/master [9ms]
2023-10-11 02:48:58.836 [info] > git status -z -uall [21ms]
2023-10-11 02:49:06.605 [info] > git config --get commit.template [35ms]
2023-10-11 02:49:06.609 [info] > git for-each-ref --format=%(refname)%00%(upstream:short)%00%(objectname)%00%(upstream:track)%00%(upstream:remotename)%00%(upstream:remoteref) refs/heads/master refs/remotes/master [14ms]
2023-10-11 02:49:06.671 [info] > git status -z -uall [42ms]
2023-10-11 02:49:51.603 [info] > git config --get commit.template [53ms]
2023-10-11 02:49:51.615 [info] > git for-each-ref --format=%(refname)%00%(upstream:short)%00%(objectname)%00%(upstream:track)%00%(upstream:remotename)%00%(upstream:remoteref) refs/heads/master refs/remotes/master [12ms]
2023-10-11 02:49:51.654 [info] > git status -z -uall [27ms]
2023-10-11 02:49:56.695 [info] > git config --get commit.template [14ms]
2023-10-11 02:49:56.697 [info] > git for-each-ref --format=%(refname)%00%(upstream:short)%00%(objectname)%00%(upstream:track)%00%(upstream:remotename)%00%(upstream:remoteref) refs/heads/master refs/remotes/master [4ms]
2023-10-11 02:49:56.733 [info] > git status -z -uall [28ms]
2023-10-11 02:50:01.763 [info] > git config --get commit.template [14ms]
2023-10-11 02:50:01.767 [info] > git for-each-ref --format=%(refname)%00%(upstream:short)%00%(objectname)%00%(upstream:track)%00%(upstream:remotename)%00%(upstream:remoteref) refs/heads/master refs/remotes/master [6ms]
2023-10-11 02:50:01.793 [info] > git status -z -uall [18ms]
2023-10-11 02:50:06.835 [info] > git config --get commit.template [18ms]
2023-10-11 02:50:06.840 [info] > git for-each-ref --format=%(refname)%00%(upstream:short)%00%(objectname)%00%(upstream:track)%00%(upstream:remotename)%00%(upstream:remoteref) refs/heads/master refs/remotes/master [6ms]
2023-10-11 02:50:06.896 [info] > git status -z -uall [41ms]
2023-10-11 02:50:12.205 [info] > git config --get commit.template [15ms]
2023-10-11 02:50:12.226 [info] > git for-each-ref --format=%(refname)%00%(upstream:short)%00%(objectname)%00%(upstream:track)%00%(upstream:remotename)%00%(upstream:remoteref) refs/heads/master refs/remotes/master [22ms]
2023-10-11 02:50:12.252 [info] > git status -z -uall [16ms]
2023-10-11 02:50:17.311 [info] > git for-each-ref --format=%(refname)%00%(upstream:short)%00%(objectname)%00%(upstream:track)%00%(upstream:remotename)%00%(upstream:remoteref) refs/heads/master refs/remotes/master [3ms]
2023-10-11 02:50:17.315 [info] > git config --get commit.template [32ms]
2023-10-11 02:50:17.335 [info] > git status -z -uall [13ms]
2023-10-11 02:50:22.368 [info] > git config --get commit.template [21ms]
2023-10-11 02:50:22.371 [info] > git for-each-ref --format=%(refname)%00%(upstream:short)%00%(objectname)%00%(upstream:track)%00%(upstream:remotename)%00%(upstream:remoteref) refs/heads/master refs/remotes/master [4ms]
2023-10-11 02:50:22.414 [info] > git status -z -uall [29ms]
2023-10-11 02:50:27.458 [info] > git config --get commit.template [21ms]
2023-10-11 02:50:27.467 [info] > git for-each-ref --format=%(refname)%00%(upstream:short)%00%(objectname)%00%(upstream:track)%00%(upstream:remotename)%00%(upstream:remoteref) refs/heads/master refs/remotes/master [11ms]
2023-10-11 02:50:27.488 [info] > git status -z -uall [14ms]
2023-10-11 02:50:32.526 [info] > git config --get commit.template [13ms]
2023-10-11 02:50:32.534 [info] > git for-each-ref --format=%(refname)%00%(upstream:short)%00%(objectname)%00%(upstream:track)%00%(upstream:remotename)%00%(upstream:remoteref) refs/heads/master refs/remotes/master [9ms]
2023-10-11 02:50:32.569 [info] > git status -z -uall [27ms]
2023-10-11 02:50:37.599 [info] > git config --get commit.template [13ms]
2023-10-11 02:50:37.603 [info] > git for-each-ref --format=%(refname)%00%(upstream:short)%00%(objectname)%00%(upstream:track)%00%(upstream:remotename)%00%(upstream:remoteref) refs/heads/master refs/remotes/master [6ms]
2023-10-11 02:50:37.640 [info] > git status -z -uall [26ms]
2023-10-11 02:50:42.680 [info] > git config --get commit.template [14ms]
2023-10-11 02:50:42.691 [info] > git for-each-ref --format=%(refname)%00%(upstream:short)%00%(objectname)%00%(upstream:track)%00%(upstream:remotename)%00%(upstream:remoteref) refs/heads/master refs/remotes/master [12ms]
2023-10-11 02:50:42.739 [info] > git status -z -uall [36ms]
2023-10-11 02:50:48.189 [info] > git config --get commit.template [25ms]
2023-10-11 02:50:48.190 [info] > git for-each-ref --format=%(refname)%00%(upstream:short)%00%(objectname)%00%(upstream:track)%00%(upstream:remotename)%00%(upstream:remoteref) refs/heads/master refs/remotes/master [7ms]
2023-10-11 02:50:48.218 [info] > git status -z -uall [17ms]
2023-10-11 02:50:53.263 [info] > git config --get commit.template [21ms]
2023-10-11 02:50:53.264 [info] > git for-each-ref --format=%(refname)%00%(upstream:short)%00%(objectname)%00%(upstream:track)%00%(upstream:remotename)%00%(upstream:remoteref) refs/heads/master refs/remotes/master [8ms]
2023-10-11 02:50:53.287 [info] > git status -z -uall [11ms]
2023-10-11 02:50:58.329 [info] > git config --get commit.template [20ms]
2023-10-11 02:50:58.332 [info] > git for-each-ref --format=%(refname)%00%(upstream:short)%00%(objectname)%00%(upstream:track)%00%(upstream:remotename)%00%(upstream:remoteref) refs/heads/master refs/remotes/master [5ms]
2023-10-11 02:50:58.354 [info] > git status -z -uall [10ms]
2023-10-11 02:51:03.404 [info] > git config --get commit.template [19ms]
2023-10-11 02:51:03.409 [info] > git for-each-ref --format=%(refname)%00%(upstream:short)%00%(objectname)%00%(upstream:track)%00%(upstream:remotename)%00%(upstream:remoteref) refs/heads/master refs/remotes/master [9ms]
2023-10-11 02:51:03.441 [info] > git status -z -uall [18ms]
2023-10-11 02:51:08.464 [info] > git config --get commit.template [9ms]
2023-10-11 02:51:08.483 [info] > git for-each-ref --format=%(refname)%00%(upstream:short)%00%(objectname)%00%(upstream:track)%00%(upstream:remotename)%00%(upstream:remoteref) refs/heads/master refs/remotes/master [4ms]
2023-10-11 02:51:08.517 [info] > git status -z -uall [27ms]
2023-10-11 02:51:13.568 [info] > git config --get commit.template [24ms]
2023-10-11 02:51:13.572 [info] > git for-each-ref --format=%(refname)%00%(upstream:short)%00%(objectname)%00%(upstream:track)%00%(upstream:remotename)%00%(upstream:remoteref) refs/heads/master refs/remotes/master [6ms]
2023-10-11 02:51:13.616 [info] > git status -z -uall [33ms]
2023-10-11 02:51:18.649 [info] > git config --get commit.template [20ms]
2023-10-11 02:51:18.651 [info] > git for-each-ref --format=%(refname)%00%(upstream:short)%00%(objectname)%00%(upstream:track)%00%(upstream:remotename)%00%(upstream:remoteref) refs/heads/master refs/remotes/master [4ms]
2023-10-11 02:51:18.678 [info] > git status -z -uall [15ms]
2023-10-11 02:51:23.716 [info] > git config --get commit.template [11ms]
2023-10-11 02:51:23.722 [info] > git for-each-ref --format=%(refname)%00%(upstream:short)%00%(objectname)%00%(upstream:track)%00%(upstream:remotename)%00%(upstream:remoteref) refs/heads/master refs/remotes/master [8ms]
2023-10-11 02:51:23.758 [info] > git status -z -uall [25ms]
2023-10-11 02:51:28.790 [info] > git config --get commit.template [14ms]
2023-10-11 02:51:28.792 [info] > git for-each-ref --format=%(refname)%00%(upstream:short)%00%(objectname)%00%(upstream:track)%00%(upstream:remotename)%00%(upstream:remoteref) refs/heads/master refs/remotes/master [4ms]
2023-10-11 02:51:28.822 [info] > git status -z -uall [22ms]
2023-10-11 02:51:33.851 [info] > git config --get commit.template [9ms]
2023-10-11 02:51:33.857 [info] > git for-each-ref --format=%(refname)%00%(upstream:short)%00%(objectname)%00%(upstream:track)%00%(upstream:remotename)%00%(upstream:remoteref) refs/heads/master refs/remotes/master [5ms]
2023-10-11 02:51:33.883 [info] > git status -z -uall [16ms]
2023-10-11 02:51:38.942 [info] > git config --get commit.template [26ms]
2023-10-11 02:51:38.946 [info] > git for-each-ref --format=%(refname)%00%(upstream:short)%00%(objectname)%00%(upstream:track)%00%(upstream:remotename)%00%(upstream:remoteref) refs/heads/master refs/remotes/master [6ms]
2023-10-11 02:51:38.973 [info] > git status -z -uall [19ms]
2023-10-11 02:51:44.003 [info] > git config --get commit.template [11ms]
2023-10-11 02:51:44.006 [info] > git for-each-ref --format=%(refname)%00%(upstream:short)%00%(objectname)%00%(upstream:track)%00%(upstream:remotename)%00%(upstream:remoteref) refs/heads/master refs/remotes/master [4ms]
2023-10-11 02:51:44.040 [info] > git status -z -uall [22ms]
2023-10-11 02:52:27.152 [info] > git config --get commit.template [19ms]
2023-10-11 02:52:27.153 [info] > git for-each-ref --format=%(refname)%00%(upstream:short)%00%(objectname)%00%(upstream:track)%00%(upstream:remotename)%00%(upstream:remoteref) refs/heads/master refs/remotes/master [3ms]
2023-10-11 02:52:27.187 [info] > git status -z -uall [24ms]
2023-10-11 02:52:53.083 [info] > git config --get commit.template [17ms]
2023-10-11 02:52:53.089 [info] > git for-each-ref --format=%(refname)%00%(upstream:short)%00%(objectname)%00%(upstream:track)%00%(upstream:remotename)%00%(upstream:remoteref) refs/heads/master refs/remotes/master [7ms]
2023-10-11 02:52:53.110 [info] > git status -z -uall [14ms]
2023-10-11 02:52:58.147 [info] > git config --get commit.template [14ms]
2023-10-11 02:52:58.152 [info] > git for-each-ref --format=%(refname)%00%(upstream:short)%00%(objectname)%00%(upstream:track)%00%(upstream:remotename)%00%(upstream:remoteref) refs/heads/master refs/remotes/master [7ms]
2023-10-11 02:52:58.179 [info] > git status -z -uall [21ms]
2023-10-11 02:53:03.198 [info] > git config --get commit.template [2ms]
2023-10-11 02:53:03.213 [info] > git for-each-ref --format=%(refname)%00%(upstream:short)%00%(objectname)%00%(upstream:track)%00%(upstream:remotename)%00%(upstream:remoteref) refs/heads/master refs/remotes/master [3ms]
2023-10-11 02:53:03.242 [info] > git status -z -uall [20ms]
2023-10-11 02:53:08.276 [info] > git config --get commit.template [12ms]
2023-10-11 02:53:08.283 [info] > git for-each-ref --format=%(refname)%00%(upstream:short)%00%(objectname)%00%(upstream:track)%00%(upstream:remotename)%00%(upstream:remoteref) refs/heads/master refs/remotes/master [11ms]
2023-10-11 02:53:08.309 [info] > git status -z -uall [17ms]
2023-10-11 02:53:14.133 [info] > git config --get commit.template [9ms]
2023-10-11 02:53:14.179 [info] > git for-each-ref --format=%(refname)%00%(upstream:short)%00%(objectname)%00%(upstream:track)%00%(upstream:remotename)%00%(upstream:remoteref) refs/heads/master refs/remotes/master [13ms]
2023-10-11 02:53:14.205 [info] > git status -z -uall [15ms]
2023-10-11 02:53:19.251 [info] > git config --get commit.template [17ms]
2023-10-11 02:53:19.254 [info] > git for-each-ref --format=%(refname)%00%(upstream:short)%00%(objectname)%00%(upstream:track)%00%(upstream:remotename)%00%(upstream:remoteref) refs/heads/master refs/remotes/master [4ms]
2023-10-11 02:53:19.283 [info] > git status -z -uall [20ms]
2023-10-11 02:53:24.325 [info] > git config --get commit.template [22ms]
2023-10-11 02:53:24.334 [info] > git for-each-ref --format=%(refname)%00%(upstream:short)%00%(objectname)%00%(upstream:track)%00%(upstream:remotename)%00%(upstream:remoteref) refs/heads/master refs/remotes/master [11ms]
2023-10-11 02:53:24.388 [info] > git status -z -uall [27ms]
2023-10-11 02:53:29.419 [info] > git config --get commit.template [13ms]
2023-10-11 02:53:29.422 [info] > git for-each-ref --format=%(refname)%00%(upstream:short)%00%(objectname)%00%(upstream:track)%00%(upstream:remotename)%00%(upstream:remoteref) refs/heads/master refs/remotes/master [3ms]
2023-10-11 02:53:29.458 [info] > git status -z -uall [20ms]
2023-10-11 02:53:34.508 [info] > git config --get commit.template [27ms]
2023-10-11 02:53:34.521 [info] > git for-each-ref --format=%(refname)%00%(upstream:short)%00%(objectname)%00%(upstream:track)%00%(upstream:remotename)%00%(upstream:remoteref) refs/heads/master refs/remotes/master [18ms]
2023-10-11 02:53:34.556 [info] > git status -z -uall [28ms]
2023-10-11 02:55:20.333 [info] > git config --get commit.template [15ms]
2023-10-11 02:55:20.337 [info] > git for-each-ref --format=%(refname)%00%(upstream:short)%00%(objectname)%00%(upstream:track)%00%(upstream:remotename)%00%(upstream:remoteref) refs/heads/master refs/remotes/master [5ms]
2023-10-11 02:55:20.366 [info] > git status -z -uall [20ms]
2023-10-11 02:55:25.407 [info] > git config --get commit.template [24ms]
2023-10-11 02:55:25.408 [info] > git for-each-ref --format=%(refname)%00%(upstream:short)%00%(objectname)%00%(upstream:track)%00%(upstream:remotename)%00%(upstream:remoteref) refs/heads/master refs/remotes/master [14ms]
2023-10-11 02:55:25.458 [info] > git status -z -uall [37ms]
2023-10-11 02:55:30.516 [info] > git for-each-ref --format=%(refname)%00%(upstream:short)%00%(objectname)%00%(upstream:track)%00%(upstream:remotename)%00%(upstream:remoteref) refs/heads/master refs/remotes/master [14ms]
2023-10-11 02:55:30.516 [info] > git config --get commit.template [33ms]
2023-10-11 02:55:30.550 [info] > git status -z -uall [20ms]
2023-10-11 02:55:31.445 [info] > git show --textconv :whoami-service.yaml [19ms]
2023-10-11 02:55:31.475 [info] > git ls-files --stage -- /home/vagrant/whoami-service.yaml [31ms]
2023-10-11 02:56:00.745 [info] > git config --get commit.template [17ms]
2023-10-11 02:56:00.755 [info] > git for-each-ref --format=%(refname)%00%(upstream:short)%00%(objectname)%00%(upstream:track)%00%(upstream:remotename)%00%(upstream:remoteref) refs/heads/master refs/remotes/master [13ms]
2023-10-11 02:56:00.788 [info] > git status -z -uall [21ms]
2023-10-11 02:56:54.431 [info] > git config --get commit.template [17ms]
2023-10-11 02:56:54.437 [info] > git for-each-ref --format=%(refname)%00%(upstream:short)%00%(objectname)%00%(upstream:track)%00%(upstream:remotename)%00%(upstream:remoteref) refs/heads/master refs/remotes/master [7ms]
2023-10-11 02:56:54.459 [info] > git status -z -uall [16ms]
2023-10-11 02:58:04.602 [info] > git config --get commit.template [35ms]
2023-10-11 02:58:04.607 [info] > git for-each-ref --format=%(refname)%00%(upstream:short)%00%(objectname)%00%(upstream:track)%00%(upstream:remotename)%00%(upstream:remoteref) refs/heads/master refs/remotes/master [11ms]
2023-10-11 02:58:04.726 [info] > git status -z -uall [108ms]
2023-10-11 02:58:09.773 [info] > git config --get commit.template [23ms]
2023-10-11 02:58:09.777 [info] > git for-each-ref --format=%(refname)%00%(upstream:short)%00%(objectname)%00%(upstream:track)%00%(upstream:remotename)%00%(upstream:remoteref) refs/heads/master refs/remotes/master [8ms]
2023-10-11 02:58:09.820 [info] > git status -z -uall [28ms]
2023-10-11 02:58:10.888 [info] > git check-ignore -v -z --stdin [2ms]
2023-10-11 03:06:59.065 [info] > git config --get commit.template [69ms]
2023-10-11 03:06:59.072 [info] > git for-each-ref --format=%(refname)%00%(upstream:short)%00%(objectname)%00%(upstream:track)%00%(upstream:remotename)%00%(upstream:remoteref) refs/heads/master refs/remotes/master [45ms]
2023-10-11 03:06:59.240 [info] > git status -z -uall [145ms]
2023-10-11 03:07:01.200 [info] > git show --textconv :whoami-deployment.yaml [42ms]
2023-10-11 03:07:01.213 [info] > git ls-files --stage -- /home/vagrant/whoami-deployment.yaml [15ms]
2023-10-11 03:07:04.272 [info] > git config --get commit.template [10ms]
2023-10-11 03:07:04.281 [info] > git for-each-ref --format=%(refname)%00%(upstream:short)%00%(objectname)%00%(upstream:track)%00%(upstream:remotename)%00%(upstream:remoteref) refs/heads/master refs/remotes/master [10ms]
2023-10-11 03:07:04.300 [info] > git status -z -uall [12ms]
2023-10-11 03:08:26.706 [info] > git config --get commit.template [15ms]
2023-10-11 03:08:26.707 [info] > git for-each-ref --format=%(refname)%00%(upstream:short)%00%(objectname)%00%(upstream:track)%00%(upstream:remotename)%00%(upstream:remoteref) refs/heads/master refs/remotes/master [3ms]
2023-10-11 03:08:26.762 [info] > git status -z -uall [45ms]
2023-10-11 03:08:27.175 [info] > git show --textconv :whoami-service.yaml [15ms]
2023-10-11 03:08:27.183 [info] > git ls-files --stage -- /home/vagrant/whoami-service.yaml [9ms]
2023-10-11 03:08:31.796 [info] > git config --get commit.template [15ms]
2023-10-11 03:08:31.799 [info] > git for-each-ref --format=%(refname)%00%(upstream:short)%00%(objectname)%00%(upstream:track)%00%(upstream:remotename)%00%(upstream:remoteref) refs/heads/master refs/remotes/master [3ms]
2023-10-11 03:08:31.826 [info] > git status -z -uall [19ms]
2023-10-11 03:08:47.398 [info] > git config --get commit.template [13ms]
2023-10-11 03:08:47.417 [info] > git for-each-ref --format=%(refname)%00%(upstream:short)%00%(objectname)%00%(upstream:track)%00%(upstream:remotename)%00%(upstream:remoteref) refs/heads/master refs/remotes/master [2ms]
2023-10-11 03:08:47.450 [info] > git status -z -uall [18ms]
2023-10-11 03:08:47.652 [info] > git show --textconv :routing-config.yaml [14ms]
2023-10-11 03:08:47.657 [info] > git ls-files --stage -- /home/vagrant/routing-config.yaml [6ms]
2023-10-11 03:08:52.484 [info] > git config --get commit.template [4ms]
2023-10-11 03:08:52.501 [info] > git for-each-ref --format=%(refname)%00%(upstream:short)%00%(objectname)%00%(upstream:track)%00%(upstream:remotename)%00%(upstream:remoteref) refs/heads/master refs/remotes/master [6ms]
2023-10-11 03:08:52.532 [info] > git status -z -uall [17ms]
2023-10-11 03:08:57.584 [info] > git config --get commit.template [14ms]
2023-10-11 03:08:57.589 [info] > git for-each-ref --format=%(refname)%00%(upstream:short)%00%(objectname)%00%(upstream:track)%00%(upstream:remotename)%00%(upstream:remoteref) refs/heads/master refs/remotes/master [6ms]
2023-10-11 03:08:57.626 [info] > git status -z -uall [25ms]
2023-10-11 03:09:02.685 [info] > git config --get commit.template [37ms]
2023-10-11 03:09:02.692 [info] > git for-each-ref --format=%(refname)%00%(upstream:short)%00%(objectname)%00%(upstream:track)%00%(upstream:remotename)%00%(upstream:remoteref) refs/heads/master refs/remotes/master [8ms]
2023-10-11 03:09:02.732 [info] > git status -z -uall [22ms]
2023-10-11 03:09:07.765 [info] > git config --get commit.template [11ms]
2023-10-11 03:09:07.770 [info] > git for-each-ref --format=%(refname)%00%(upstream:short)%00%(objectname)%00%(upstream:track)%00%(upstream:remotename)%00%(upstream:remoteref) refs/heads/master refs/remotes/master [6ms]
2023-10-11 03:09:07.823 [info] > git status -z -uall [44ms]
2023-10-11 03:09:14.156 [info] > git config --get commit.template [18ms]
2023-10-11 03:09:14.164 [info] > git for-each-ref --format=%(refname)%00%(upstream:short)%00%(objectname)%00%(upstream:track)%00%(upstream:remotename)%00%(upstream:remoteref) refs/heads/master refs/remotes/master [10ms]
2023-10-11 03:09:14.214 [info] > git status -z -uall [22ms]
2023-10-11 03:09:16.651 [info] > git show --textconv :whoami-service.yaml [24ms]
2023-10-11 03:09:16.661 [info] > git ls-files --stage -- /home/vagrant/whoami-service.yaml [11ms]
2023-10-11 03:09:19.258 [info] > git config --get commit.template [13ms]
2023-10-11 03:09:19.259 [info] > git for-each-ref --format=%(refname)%00%(upstream:short)%00%(objectname)%00%(upstream:track)%00%(upstream:remotename)%00%(upstream:remoteref) refs/heads/master refs/remotes/master [3ms]
2023-10-11 03:09:19.286 [info] > git status -z -uall [18ms]
2023-10-11 03:09:24.336 [info] > git config --get commit.template [20ms]
2023-10-11 03:09:24.341 [info] > git for-each-ref --format=%(refname)%00%(upstream:short)%00%(objectname)%00%(upstream:track)%00%(upstream:remotename)%00%(upstream:remoteref) refs/heads/master refs/remotes/master [6ms]
2023-10-11 03:09:24.374 [info] > git status -z -uall [21ms]
2023-10-11 03:10:19.126 [info] > git config --get commit.template [16ms]
2023-10-11 03:10:19.133 [info] > git for-each-ref --format=%(refname)%00%(upstream:short)%00%(objectname)%00%(upstream:track)%00%(upstream:remotename)%00%(upstream:remoteref) refs/heads/master refs/remotes/master [8ms]
2023-10-11 03:10:19.175 [info] > git status -z -uall [27ms]
2023-10-11 03:10:19.551 [info] > git show --textconv :routing-config.yaml [13ms]
2023-10-11 03:10:19.557 [info] > git ls-files --stage -- /home/vagrant/routing-config.yaml [9ms]
2023-10-11 03:12:46.474 [info] > git config --get commit.template [16ms]
2023-10-11 03:12:46.479 [info] > git for-each-ref --format=%(refname)%00%(upstream:short)%00%(objectname)%00%(upstream:track)%00%(upstream:remotename)%00%(upstream:remoteref) refs/heads/master refs/remotes/master [9ms]
2023-10-11 03:12:46.510 [info] > git status -z -uall [16ms]
2023-10-11 03:12:46.903 [info] > git show --textconv :whoami-service.yaml [12ms]
2023-10-11 03:12:46.915 [info] > git ls-files --stage -- /home/vagrant/whoami-service.yaml [13ms]
2023-10-11 03:13:27.777 [info] > git config --get commit.template [37ms]
2023-10-11 03:13:27.779 [info] > git for-each-ref --format=%(refname)%00%(upstream:short)%00%(objectname)%00%(upstream:track)%00%(upstream:remotename)%00%(upstream:remoteref) refs/heads/master refs/remotes/master [4ms]
2023-10-11 03:13:27.822 [info] > git status -z -uall [27ms]
2023-10-11 03:24:14.481 [info] > git for-each-ref --format=%(refname)%00%(upstream:short)%00%(objectname)%00%(upstream:track)%00%(upstream:remotename)%00%(upstream:remoteref) refs/heads/master refs/remotes/master [34ms]
2023-10-11 03:24:14.491 [info] > git config --get commit.template [101ms]
2023-10-11 03:24:14.615 [info] > git ls-files --stage -- /home/vagrant/whoami-deployment.yaml [2ms]
2023-10-11 03:24:14.639 [info] > git show --textconv :whoami-deployment.yaml [62ms]
2023-10-11 03:24:14.722 [info] > git status -z -uall [212ms]
2023-10-11 03:38:20.728 [info] > git config --get commit.template [49ms]
2023-10-11 03:38:20.735 [info] > git for-each-ref --format=%(refname)%00%(upstream:short)%00%(objectname)%00%(upstream:track)%00%(upstream:remotename)%00%(upstream:remoteref) refs/heads/master refs/remotes/master [33ms]
2023-10-11 03:38:20.921 [info] > git status -z -uall [167ms]
