*
* Visual Studio Code Server
*
* By using the software, you agree to
* the Visual Studio Code Server License Terms (https://aka.ms/vscode-server-license) and
* the Microsoft Privacy Statement (https://privacy.microsoft.com/en-US/privacystatement).
*
Server bound to 127.0.0.1:36733 (IPv4)
Extension host agent listening on 36733

[23:46:07] 




[23:46:07] Extension host agent started.
[23:46:07] [127.0.0.1][0b70c3d8][ManagementConnection] New connection established.
[23:46:07] [127.0.0.1][6f6bda67][ExtensionHostConnection] New connection established.
[23:46:08] [127.0.0.1][6f6bda67][ExtensionHostConnection] <5216> Launched Extension Host Process.
rejected promise not handled within 1 second: CodeExpectedError: Could not find pty on pty host
stack trace: CodeExpectedError: Could not find pty on pty host
    at A.U (/home/vagrant/.vscode-server/bin/e7e037083ff4455cf320e344325dacb480062c3c/out/vs/platform/terminal/node/ptyHostMain.js:44:32246)
    at A.updateTitle (/home/vagrant/.vscode-server/bin/e7e037083ff4455cf320e344325dacb480062c3c/out/vs/platform/terminal/node/ptyHostMain.js:44:27446)
    at V.<computed> (/home/vagrant/.vscode-server/bin/e7e037083ff4455cf320e344325dacb480062c3c/out/vs/platform/terminal/node/ptyHostMain.js:44:22715)
    at Object.call (/home/vagrant/.vscode-server/bin/e7e037083ff4455cf320e344325dacb480062c3c/out/vs/platform/terminal/node/ptyHostMain.js:34:5059)
    at h.s (/home/vagrant/.vscode-server/bin/e7e037083ff4455cf320e344325dacb480062c3c/out/vs/platform/terminal/node/ptyHostMain.js:32:5150)
    at h.q (/home/vagrant/.vscode-server/bin/e7e037083ff4455cf320e344325dacb480062c3c/out/vs/platform/terminal/node/ptyHostMain.js:32:4661)
    at g.value (/home/vagrant/.vscode-server/bin/e7e037083ff4455cf320e344325dacb480062c3c/out/vs/platform/terminal/node/ptyHostMain.js:32:4066)
    at n.z (/home/vagrant/.vscode-server/bin/e7e037083ff4455cf320e344325dacb480062c3c/out/vs/platform/terminal/node/ptyHostMain.js:27:1902)
    at n.fire (/home/vagrant/.vscode-server/bin/e7e037083ff4455cf320e344325dacb480062c3c/out/vs/platform/terminal/node/ptyHostMain.js:27:2119)
    at process.he (/home/vagrant/.vscode-server/bin/e7e037083ff4455cf320e344325dacb480062c3c/out/vs/platform/terminal/node/ptyHostMain.js:25:9949)
    at process.emit (node:events:513:28)
    at emit (node:internal/child_process:937:14)
    at process.processTicksAndRejections (node:internal/process/task_queues:83:21)
[23:46:10] Error [CodeExpectedError]: Could not find pty on pty host
    at A.U (/home/vagrant/.vscode-server/bin/e7e037083ff4455cf320e344325dacb480062c3c/out/vs/platform/terminal/node/ptyHostMain.js:44:32246)
    at A.updateTitle (/home/vagrant/.vscode-server/bin/e7e037083ff4455cf320e344325dacb480062c3c/out/vs/platform/terminal/node/ptyHostMain.js:44:27446)
    at V.<computed> (/home/vagrant/.vscode-server/bin/e7e037083ff4455cf320e344325dacb480062c3c/out/vs/platform/terminal/node/ptyHostMain.js:44:22715)
    at Object.call (/home/vagrant/.vscode-server/bin/e7e037083ff4455cf320e344325dacb480062c3c/out/vs/platform/terminal/node/ptyHostMain.js:34:5059)
    at h.s (/home/vagrant/.vscode-server/bin/e7e037083ff4455cf320e344325dacb480062c3c/out/vs/platform/terminal/node/ptyHostMain.js:32:5150)
    at h.q (/home/vagrant/.vscode-server/bin/e7e037083ff4455cf320e344325dacb480062c3c/out/vs/platform/terminal/node/ptyHostMain.js:32:4661)
    at g.value (/home/vagrant/.vscode-server/bin/e7e037083ff4455cf320e344325dacb480062c3c/out/vs/platform/terminal/node/ptyHostMain.js:32:4066)
    at n.z (/home/vagrant/.vscode-server/bin/e7e037083ff4455cf320e344325dacb480062c3c/out/vs/platform/terminal/node/ptyHostMain.js:27:1902)
    at n.fire (/home/vagrant/.vscode-server/bin/e7e037083ff4455cf320e344325dacb480062c3c/out/vs/platform/terminal/node/ptyHostMain.js:27:2119)
    at process.he (/home/vagrant/.vscode-server/bin/e7e037083ff4455cf320e344325dacb480062c3c/out/vs/platform/terminal/node/ptyHostMain.js:25:9949)
    at process.emit (node:events:513:28)
    at emit (node:internal/child_process:937:14)
    at process.processTicksAndRejections (node:internal/process/task_queues:83:21)
rejected promise not handled within 1 second: CodeExpectedError: Could not find pty on pty host
stack trace: CodeExpectedError: Could not find pty on pty host
    at A.U (/home/vagrant/.vscode-server/bin/e7e037083ff4455cf320e344325dacb480062c3c/out/vs/platform/terminal/node/ptyHostMain.js:44:32246)
    at A.updateTitle (/home/vagrant/.vscode-server/bin/e7e037083ff4455cf320e344325dacb480062c3c/out/vs/platform/terminal/node/ptyHostMain.js:44:27446)
    at V.<computed> (/home/vagrant/.vscode-server/bin/e7e037083ff4455cf320e344325dacb480062c3c/out/vs/platform/terminal/node/ptyHostMain.js:44:22715)
    at Object.call (/home/vagrant/.vscode-server/bin/e7e037083ff4455cf320e344325dacb480062c3c/out/vs/platform/terminal/node/ptyHostMain.js:34:5059)
    at h.s (/home/vagrant/.vscode-server/bin/e7e037083ff4455cf320e344325dacb480062c3c/out/vs/platform/terminal/node/ptyHostMain.js:32:5150)
    at h.q (/home/vagrant/.vscode-server/bin/e7e037083ff4455cf320e344325dacb480062c3c/out/vs/platform/terminal/node/ptyHostMain.js:32:4661)
    at g.value (/home/vagrant/.vscode-server/bin/e7e037083ff4455cf320e344325dacb480062c3c/out/vs/platform/terminal/node/ptyHostMain.js:32:4066)
    at n.z (/home/vagrant/.vscode-server/bin/e7e037083ff4455cf320e344325dacb480062c3c/out/vs/platform/terminal/node/ptyHostMain.js:27:1902)
    at n.fire (/home/vagrant/.vscode-server/bin/e7e037083ff4455cf320e344325dacb480062c3c/out/vs/platform/terminal/node/ptyHostMain.js:27:2119)
    at process.he (/home/vagrant/.vscode-server/bin/e7e037083ff4455cf320e344325dacb480062c3c/out/vs/platform/terminal/node/ptyHostMain.js:25:9949)
    at process.emit (node:events:513:28)
    at emit (node:internal/child_process:937:14)
    at process.processTicksAndRejections (node:internal/process/task_queues:83:21)
[23:46:12] Error [CodeExpectedError]: Could not find pty on pty host
    at A.U (/home/vagrant/.vscode-server/bin/e7e037083ff4455cf320e344325dacb480062c3c/out/vs/platform/terminal/node/ptyHostMain.js:44:32246)
    at A.updateTitle (/home/vagrant/.vscode-server/bin/e7e037083ff4455cf320e344325dacb480062c3c/out/vs/platform/terminal/node/ptyHostMain.js:44:27446)
    at V.<computed> (/home/vagrant/.vscode-server/bin/e7e037083ff4455cf320e344325dacb480062c3c/out/vs/platform/terminal/node/ptyHostMain.js:44:22715)
    at Object.call (/home/vagrant/.vscode-server/bin/e7e037083ff4455cf320e344325dacb480062c3c/out/vs/platform/terminal/node/ptyHostMain.js:34:5059)
    at h.s (/home/vagrant/.vscode-server/bin/e7e037083ff4455cf320e344325dacb480062c3c/out/vs/platform/terminal/node/ptyHostMain.js:32:5150)
    at h.q (/home/vagrant/.vscode-server/bin/e7e037083ff4455cf320e344325dacb480062c3c/out/vs/platform/terminal/node/ptyHostMain.js:32:4661)
    at g.value (/home/vagrant/.vscode-server/bin/e7e037083ff4455cf320e344325dacb480062c3c/out/vs/platform/terminal/node/ptyHostMain.js:32:4066)
    at n.z (/home/vagrant/.vscode-server/bin/e7e037083ff4455cf320e344325dacb480062c3c/out/vs/platform/terminal/node/ptyHostMain.js:27:1902)
    at n.fire (/home/vagrant/.vscode-server/bin/e7e037083ff4455cf320e344325dacb480062c3c/out/vs/platform/terminal/node/ptyHostMain.js:27:2119)
    at process.he (/home/vagrant/.vscode-server/bin/e7e037083ff4455cf320e344325dacb480062c3c/out/vs/platform/terminal/node/ptyHostMain.js:25:9949)
    at process.emit (node:events:513:28)
    at emit (node:internal/child_process:937:14)
    at process.processTicksAndRejections (node:internal/process/task_queues:83:21)
rejected promise not handled within 1 second: CodeExpectedError: Could not find pty on pty host
stack trace: CodeExpectedError: Could not find pty on pty host
    at A.U (/home/vagrant/.vscode-server/bin/e7e037083ff4455cf320e344325dacb480062c3c/out/vs/platform/terminal/node/ptyHostMain.js:44:32246)
    at A.updateIcon (/home/vagrant/.vscode-server/bin/e7e037083ff4455cf320e344325dacb480062c3c/out/vs/platform/terminal/node/ptyHostMain.js:44:27496)
    at V.<computed> (/home/vagrant/.vscode-server/bin/e7e037083ff4455cf320e344325dacb480062c3c/out/vs/platform/terminal/node/ptyHostMain.js:44:22715)
    at Object.call (/home/vagrant/.vscode-server/bin/e7e037083ff4455cf320e344325dacb480062c3c/out/vs/platform/terminal/node/ptyHostMain.js:34:5059)
    at h.s (/home/vagrant/.vscode-server/bin/e7e037083ff4455cf320e344325dacb480062c3c/out/vs/platform/terminal/node/ptyHostMain.js:32:5150)
    at h.q (/home/vagrant/.vscode-server/bin/e7e037083ff4455cf320e344325dacb480062c3c/out/vs/platform/terminal/node/ptyHostMain.js:32:4661)
    at g.value (/home/vagrant/.vscode-server/bin/e7e037083ff4455cf320e344325dacb480062c3c/out/vs/platform/terminal/node/ptyHostMain.js:32:4066)
    at n.z (/home/vagrant/.vscode-server/bin/e7e037083ff4455cf320e344325dacb480062c3c/out/vs/platform/terminal/node/ptyHostMain.js:27:1902)
    at n.fire (/home/vagrant/.vscode-server/bin/e7e037083ff4455cf320e344325dacb480062c3c/out/vs/platform/terminal/node/ptyHostMain.js:27:2119)
    at process.he (/home/vagrant/.vscode-server/bin/e7e037083ff4455cf320e344325dacb480062c3c/out/vs/platform/terminal/node/ptyHostMain.js:25:9949)
    at process.emit (node:events:513:28)
    at emit (node:internal/child_process:937:14)
    at process.processTicksAndRejections (node:internal/process/task_queues:83:21)
[23:46:12] Error [CodeExpectedError]: Could not find pty on pty host
    at A.U (/home/vagrant/.vscode-server/bin/e7e037083ff4455cf320e344325dacb480062c3c/out/vs/platform/terminal/node/ptyHostMain.js:44:32246)
    at A.updateIcon (/home/vagrant/.vscode-server/bin/e7e037083ff4455cf320e344325dacb480062c3c/out/vs/platform/terminal/node/ptyHostMain.js:44:27496)
    at V.<computed> (/home/vagrant/.vscode-server/bin/e7e037083ff4455cf320e344325dacb480062c3c/out/vs/platform/terminal/node/ptyHostMain.js:44:22715)
    at Object.call (/home/vagrant/.vscode-server/bin/e7e037083ff4455cf320e344325dacb480062c3c/out/vs/platform/terminal/node/ptyHostMain.js:34:5059)
    at h.s (/home/vagrant/.vscode-server/bin/e7e037083ff4455cf320e344325dacb480062c3c/out/vs/platform/terminal/node/ptyHostMain.js:32:5150)
    at h.q (/home/vagrant/.vscode-server/bin/e7e037083ff4455cf320e344325dacb480062c3c/out/vs/platform/terminal/node/ptyHostMain.js:32:4661)
    at g.value (/home/vagrant/.vscode-server/bin/e7e037083ff4455cf320e344325dacb480062c3c/out/vs/platform/terminal/node/ptyHostMain.js:32:4066)
    at n.z (/home/vagrant/.vscode-server/bin/e7e037083ff4455cf320e344325dacb480062c3c/out/vs/platform/terminal/node/ptyHostMain.js:27:1902)
    at n.fire (/home/vagrant/.vscode-server/bin/e7e037083ff4455cf320e344325dacb480062c3c/out/vs/platform/terminal/node/ptyHostMain.js:27:2119)
    at process.he (/home/vagrant/.vscode-server/bin/e7e037083ff4455cf320e344325dacb480062c3c/out/vs/platform/terminal/node/ptyHostMain.js:25:9949)
    at process.emit (node:events:513:28)
    at emit (node:internal/child_process:937:14)
    at process.processTicksAndRejections (node:internal/process/task_queues:83:21)
[23:46:14] [127.0.0.1][0b70c3d8][ManagementConnection] The client has disconnected gracefully, so the connection will be disposed.
[23:46:14] [127.0.0.1][6f6bda67][ExtensionHostConnection] <5216> Extension Host Process exited with code: 0, signal: null.
Cancelling previous shutdown timeout
[23:46:14] Cancelling previous shutdown timeout
Last EH closed, waiting before shutting down
[23:46:14] Last EH closed, waiting before shutting down
Got delay-shutdown request while in shutdown timeout, delaying
[23:46:21] Got delay-shutdown request while in shutdown timeout, delaying
Cancelling previous shutdown timeout
[23:46:21] Cancelling previous shutdown timeout
[23:46:21] [127.0.0.1][523030cf][ManagementConnection] New connection established.
[23:46:21] [127.0.0.1][b9081701][ExtensionHostConnection] New connection established.
[23:46:21] [127.0.0.1][b9081701][ExtensionHostConnection] <5478> Launched Extension Host Process.
rejected promise not handled within 1 second: CodeExpectedError: Could not find pty on pty host
stack trace: CodeExpectedError: Could not find pty on pty host
    at A.U (/home/vagrant/.vscode-server/bin/e7e037083ff4455cf320e344325dacb480062c3c/out/vs/platform/terminal/node/ptyHostMain.js:44:32246)
    at A.updateIcon (/home/vagrant/.vscode-server/bin/e7e037083ff4455cf320e344325dacb480062c3c/out/vs/platform/terminal/node/ptyHostMain.js:44:27496)
    at V.<computed> (/home/vagrant/.vscode-server/bin/e7e037083ff4455cf320e344325dacb480062c3c/out/vs/platform/terminal/node/ptyHostMain.js:44:22715)
    at Object.call (/home/vagrant/.vscode-server/bin/e7e037083ff4455cf320e344325dacb480062c3c/out/vs/platform/terminal/node/ptyHostMain.js:34:5059)
    at h.s (/home/vagrant/.vscode-server/bin/e7e037083ff4455cf320e344325dacb480062c3c/out/vs/platform/terminal/node/ptyHostMain.js:32:5150)
    at h.q (/home/vagrant/.vscode-server/bin/e7e037083ff4455cf320e344325dacb480062c3c/out/vs/platform/terminal/node/ptyHostMain.js:32:4661)
    at g.value (/home/vagrant/.vscode-server/bin/e7e037083ff4455cf320e344325dacb480062c3c/out/vs/platform/terminal/node/ptyHostMain.js:32:4066)
    at n.z (/home/vagrant/.vscode-server/bin/e7e037083ff4455cf320e344325dacb480062c3c/out/vs/platform/terminal/node/ptyHostMain.js:27:1902)
    at n.fire (/home/vagrant/.vscode-server/bin/e7e037083ff4455cf320e344325dacb480062c3c/out/vs/platform/terminal/node/ptyHostMain.js:27:2119)
    at process.he (/home/vagrant/.vscode-server/bin/e7e037083ff4455cf320e344325dacb480062c3c/out/vs/platform/terminal/node/ptyHostMain.js:25:9949)
    at process.emit (node:events:513:28)
    at emit (node:internal/child_process:937:14)
    at process.processTicksAndRejections (node:internal/process/task_queues:83:21)
[23:46:26] Error [CodeExpectedError]: Could not find pty on pty host
    at A.U (/home/vagrant/.vscode-server/bin/e7e037083ff4455cf320e344325dacb480062c3c/out/vs/platform/terminal/node/ptyHostMain.js:44:32246)
    at A.updateIcon (/home/vagrant/.vscode-server/bin/e7e037083ff4455cf320e344325dacb480062c3c/out/vs/platform/terminal/node/ptyHostMain.js:44:27496)
    at V.<computed> (/home/vagrant/.vscode-server/bin/e7e037083ff4455cf320e344325dacb480062c3c/out/vs/platform/terminal/node/ptyHostMain.js:44:22715)
    at Object.call (/home/vagrant/.vscode-server/bin/e7e037083ff4455cf320e344325dacb480062c3c/out/vs/platform/terminal/node/ptyHostMain.js:34:5059)
    at h.s (/home/vagrant/.vscode-server/bin/e7e037083ff4455cf320e344325dacb480062c3c/out/vs/platform/terminal/node/ptyHostMain.js:32:5150)
    at h.q (/home/vagrant/.vscode-server/bin/e7e037083ff4455cf320e344325dacb480062c3c/out/vs/platform/terminal/node/ptyHostMain.js:32:4661)
    at g.value (/home/vagrant/.vscode-server/bin/e7e037083ff4455cf320e344325dacb480062c3c/out/vs/platform/terminal/node/ptyHostMain.js:32:4066)
    at n.z (/home/vagrant/.vscode-server/bin/e7e037083ff4455cf320e344325dacb480062c3c/out/vs/platform/terminal/node/ptyHostMain.js:27:1902)
    at n.fire (/home/vagrant/.vscode-server/bin/e7e037083ff4455cf320e344325dacb480062c3c/out/vs/platform/terminal/node/ptyHostMain.js:27:2119)
    at process.he (/home/vagrant/.vscode-server/bin/e7e037083ff4455cf320e344325dacb480062c3c/out/vs/platform/terminal/node/ptyHostMain.js:25:9949)
    at process.emit (node:events:513:28)
    at emit (node:internal/child_process:937:14)
    at process.processTicksAndRejections (node:internal/process/task_queues:83:21)
rejected promise not handled within 1 second: CodeExpectedError: Could not find pty on pty host
stack trace: CodeExpectedError: Could not find pty on pty host
    at A.U (/home/vagrant/.vscode-server/bin/e7e037083ff4455cf320e344325dacb480062c3c/out/vs/platform/terminal/node/ptyHostMain.js:44:32246)
    at A.updateTitle (/home/vagrant/.vscode-server/bin/e7e037083ff4455cf320e344325dacb480062c3c/out/vs/platform/terminal/node/ptyHostMain.js:44:27446)
    at V.<computed> (/home/vagrant/.vscode-server/bin/e7e037083ff4455cf320e344325dacb480062c3c/out/vs/platform/terminal/node/ptyHostMain.js:44:22715)
    at Object.call (/home/vagrant/.vscode-server/bin/e7e037083ff4455cf320e344325dacb480062c3c/out/vs/platform/terminal/node/ptyHostMain.js:34:5059)
    at h.s (/home/vagrant/.vscode-server/bin/e7e037083ff4455cf320e344325dacb480062c3c/out/vs/platform/terminal/node/ptyHostMain.js:32:5150)
    at h.q (/home/vagrant/.vscode-server/bin/e7e037083ff4455cf320e344325dacb480062c3c/out/vs/platform/terminal/node/ptyHostMain.js:32:4661)
    at g.value (/home/vagrant/.vscode-server/bin/e7e037083ff4455cf320e344325dacb480062c3c/out/vs/platform/terminal/node/ptyHostMain.js:32:4066)
    at n.z (/home/vagrant/.vscode-server/bin/e7e037083ff4455cf320e344325dacb480062c3c/out/vs/platform/terminal/node/ptyHostMain.js:27:1902)
    at n.fire (/home/vagrant/.vscode-server/bin/e7e037083ff4455cf320e344325dacb480062c3c/out/vs/platform/terminal/node/ptyHostMain.js:27:2119)
    at process.he (/home/vagrant/.vscode-server/bin/e7e037083ff4455cf320e344325dacb480062c3c/out/vs/platform/terminal/node/ptyHostMain.js:25:9949)
    at process.emit (node:events:513:28)
    at emit (node:internal/child_process:937:14)
    at process.processTicksAndRejections (node:internal/process/task_queues:83:21)
[23:46:26] Error [CodeExpectedError]: Could not find pty on pty host
    at A.U (/home/vagrant/.vscode-server/bin/e7e037083ff4455cf320e344325dacb480062c3c/out/vs/platform/terminal/node/ptyHostMain.js:44:32246)
    at A.updateTitle (/home/vagrant/.vscode-server/bin/e7e037083ff4455cf320e344325dacb480062c3c/out/vs/platform/terminal/node/ptyHostMain.js:44:27446)
    at V.<computed> (/home/vagrant/.vscode-server/bin/e7e037083ff4455cf320e344325dacb480062c3c/out/vs/platform/terminal/node/ptyHostMain.js:44:22715)
    at Object.call (/home/vagrant/.vscode-server/bin/e7e037083ff4455cf320e344325dacb480062c3c/out/vs/platform/terminal/node/ptyHostMain.js:34:5059)
    at h.s (/home/vagrant/.vscode-server/bin/e7e037083ff4455cf320e344325dacb480062c3c/out/vs/platform/terminal/node/ptyHostMain.js:32:5150)
    at h.q (/home/vagrant/.vscode-server/bin/e7e037083ff4455cf320e344325dacb480062c3c/out/vs/platform/terminal/node/ptyHostMain.js:32:4661)
    at g.value (/home/vagrant/.vscode-server/bin/e7e037083ff4455cf320e344325dacb480062c3c/out/vs/platform/terminal/node/ptyHostMain.js:32:4066)
    at n.z (/home/vagrant/.vscode-server/bin/e7e037083ff4455cf320e344325dacb480062c3c/out/vs/platform/terminal/node/ptyHostMain.js:27:1902)
    at n.fire (/home/vagrant/.vscode-server/bin/e7e037083ff4455cf320e344325dacb480062c3c/out/vs/platform/terminal/node/ptyHostMain.js:27:2119)
    at process.he (/home/vagrant/.vscode-server/bin/e7e037083ff4455cf320e344325dacb480062c3c/out/vs/platform/terminal/node/ptyHostMain.js:25:9949)
    at process.emit (node:events:513:28)
    at emit (node:internal/child_process:937:14)
    at process.processTicksAndRejections (node:internal/process/task_queues:83:21)
New EH opened, aborting shutdown
[23:51:21] New EH opened, aborting shutdown
[04:24:45] [127.0.0.1][9aa3c25e][ManagementConnection] New connection established.
[04:24:45] [127.0.0.1][f0209678][ExtensionHostConnection] New connection established.
[04:24:45] [127.0.0.1][f0209678][ExtensionHostConnection] <171539> Launched Extension Host Process.
rejected promise not handled within 1 second: CodeExpectedError: Could not find pty on pty host
stack trace: CodeExpectedError: Could not find pty on pty host
    at A.U (/home/vagrant/.vscode-server/bin/e7e037083ff4455cf320e344325dacb480062c3c/out/vs/platform/terminal/node/ptyHostMain.js:44:32246)
    at A.updateTitle (/home/vagrant/.vscode-server/bin/e7e037083ff4455cf320e344325dacb480062c3c/out/vs/platform/terminal/node/ptyHostMain.js:44:27446)
    at V.<computed> (/home/vagrant/.vscode-server/bin/e7e037083ff4455cf320e344325dacb480062c3c/out/vs/platform/terminal/node/ptyHostMain.js:44:22715)
    at Object.call (/home/vagrant/.vscode-server/bin/e7e037083ff4455cf320e344325dacb480062c3c/out/vs/platform/terminal/node/ptyHostMain.js:34:5059)
    at h.s (/home/vagrant/.vscode-server/bin/e7e037083ff4455cf320e344325dacb480062c3c/out/vs/platform/terminal/node/ptyHostMain.js:32:5150)
    at h.q (/home/vagrant/.vscode-server/bin/e7e037083ff4455cf320e344325dacb480062c3c/out/vs/platform/terminal/node/ptyHostMain.js:32:4661)
    at g.value (/home/vagrant/.vscode-server/bin/e7e037083ff4455cf320e344325dacb480062c3c/out/vs/platform/terminal/node/ptyHostMain.js:32:4066)
    at n.z (/home/vagrant/.vscode-server/bin/e7e037083ff4455cf320e344325dacb480062c3c/out/vs/platform/terminal/node/ptyHostMain.js:27:1902)
    at n.fire (/home/vagrant/.vscode-server/bin/e7e037083ff4455cf320e344325dacb480062c3c/out/vs/platform/terminal/node/ptyHostMain.js:27:2119)
    at process.he (/home/vagrant/.vscode-server/bin/e7e037083ff4455cf320e344325dacb480062c3c/out/vs/platform/terminal/node/ptyHostMain.js:25:9949)
    at process.emit (node:events:513:28)
    at emit (node:internal/child_process:937:14)
    at process.processTicksAndRejections (node:internal/process/task_queues:83:21)
[04:24:47] Error [CodeExpectedError]: Could not find pty on pty host
    at A.U (/home/vagrant/.vscode-server/bin/e7e037083ff4455cf320e344325dacb480062c3c/out/vs/platform/terminal/node/ptyHostMain.js:44:32246)
    at A.updateTitle (/home/vagrant/.vscode-server/bin/e7e037083ff4455cf320e344325dacb480062c3c/out/vs/platform/terminal/node/ptyHostMain.js:44:27446)
    at V.<computed> (/home/vagrant/.vscode-server/bin/e7e037083ff4455cf320e344325dacb480062c3c/out/vs/platform/terminal/node/ptyHostMain.js:44:22715)
    at Object.call (/home/vagrant/.vscode-server/bin/e7e037083ff4455cf320e344325dacb480062c3c/out/vs/platform/terminal/node/ptyHostMain.js:34:5059)
    at h.s (/home/vagrant/.vscode-server/bin/e7e037083ff4455cf320e344325dacb480062c3c/out/vs/platform/terminal/node/ptyHostMain.js:32:5150)
    at h.q (/home/vagrant/.vscode-server/bin/e7e037083ff4455cf320e344325dacb480062c3c/out/vs/platform/terminal/node/ptyHostMain.js:32:4661)
    at g.value (/home/vagrant/.vscode-server/bin/e7e037083ff4455cf320e344325dacb480062c3c/out/vs/platform/terminal/node/ptyHostMain.js:32:4066)
    at n.z (/home/vagrant/.vscode-server/bin/e7e037083ff4455cf320e344325dacb480062c3c/out/vs/platform/terminal/node/ptyHostMain.js:27:1902)
    at n.fire (/home/vagrant/.vscode-server/bin/e7e037083ff4455cf320e344325dacb480062c3c/out/vs/platform/terminal/node/ptyHostMain.js:27:2119)
    at process.he (/home/vagrant/.vscode-server/bin/e7e037083ff4455cf320e344325dacb480062c3c/out/vs/platform/terminal/node/ptyHostMain.js:25:9949)
    at process.emit (node:events:513:28)
    at emit (node:internal/child_process:937:14)
    at process.processTicksAndRejections (node:internal/process/task_queues:83:21)
